#
# A fatal error has been detected by the Java Runtime Environment:
#
#  SIGBUS (0x7) at pc=0x00007f977c79f46e, pid=77, tid=103
#
# JRE version: OpenJDK Runtime Environment Temurin-17.0.4.1+1 (17.0.4.1+1) (build 17.0.4.1+1)
# Java VM: OpenJDK 64-Bit Server VM Temurin-17.0.4.1+1 (17.0.4.1+1, mixed mode, sharing, tiered, compressed oops, compressed class ptrs, serial gc, linux-amd64)
# Problematic frame:
# V  [libjvm.so+0xc5446e]  PerfLongVariant::sample()+0x1e
#
# Core dump will be written. Default location: Core dumps may be processed with "/usr/share/apport/apport -p%p -s%s -c%c -d%d -P%P -u%u -g%g -- %E" (or dumping to /home/runner/viaeagx/viaaas/core.77)
#
# If you would like to submit a bug report, please visit:
#   https://github.com/adoptium/adoptium-support/issues
#

---------------  S U M M A R Y ------------

Command Line: -Xmx512M viaaas.jar -host=127.0.0.1 -port=8082

Host: AMD EPYC 7B12, 4 cores, 1G, Ubuntu 20.04.2 LTS
Time: Fri Nov 17 17:03:40 2023 UTC elapsed time: 8799.831107 seconds (0d 2h 26m 39s)

---------------  T H R E A D  ---------------

Current thread (0x00007f97740a0540):  WatcherThread [stack: 0x00007f9779d47000,0x00007f9779e47000] [id=103]

Stack: [0x00007f9779d47000,0x00007f9779e47000],  sp=0x00007f9779e45cc0,  free space=1019k
Native frames: (J=compiled Java code, j=interpreted, Vv=VM code, C=native code)
V  [libjvm.so+0xc5446e]  PerfLongVariant::sample()+0x1e
V  [libjvm.so+0xd9b052]  StatSamplerTask::task()+0x32
V  [libjvm.so+0xe1df2c]  PeriodicTask::real_time_tick(int)+0x5c
V  [libjvm.so+0xbe4cd7]  WatcherThread::run()+0x47
V  [libjvm.so+0xe5c99e]  Thread::call_run()+0xde
V  [libjvm.so+0xc16351]  thread_native_entry(Thread*)+0xe1


siginfo: si_signo: 7 (SIGBUS), si_code: 2 (BUS_ADRERR), si_addr: 0x00007f977b93b650

Register to memory mapping:

RAX=0x0000000000abaed0 is an unknown value
RBX=0x00007f977b93b650 points into unknown readable memory: 0x0000000000abaed0 | d0 ae ab 00 00 00 00 00
RCX=0x0000000000000002 is an unknown value
RDX=0x0000000000000001 is an unknown value
RSP=0x00007f9779e45cc0 points into unknown readable memory: 0x00007f9779e45cf0 | f0 5c e4 79 97 7f 00 00
RBP=0x00007f9779e45cd0 points into unknown readable memory: 0x00007f9779e45cf0 | f0 5c e4 79 97 7f 00 00
RSI=0x0 is NULL
RDI=0x00007f9774020e98 points into unknown readable memory: 0x0000000000000000 | 00 00 00 00 00 00 00 00
R8 =0x00007f977403ca60 points into unknown readable memory: 0x00007f977cd48058 | 58 80 d4 7c 97 7f 00 00
R9 =0x0 is NULL
R10=0x0 is NULL
R11=0x0000000000000246 is an unknown value
R12=0x00007f97740a0460 points into unknown readable memory: 0x00007f97740a0480 | 80 04 0a 74 97 7f 00 00
R13=0x0000000000000001 is an unknown value
R14=0x0000000000000002 is an unknown value
R15=0x00007f977ce69580: <offset 0x000000000131e580> in /nix/store/3kwffh5z52ali43lprv3p5id9yz78xmd-temurin-jre-bin-17.0.4/lib/server/libjvm.so at 0x00007f977bb4b000


Registers:
RAX=0x0000000000abaed0, RBX=0x00007f977b93b650, RCX=0x0000000000000002, RDX=0x0000000000000001
RSP=0x00007f9779e45cc0, RBP=0x00007f9779e45cd0, RSI=0x0000000000000000, RDI=0x00007f9774020e98
R8 =0x00007f977403ca60, R9 =0x0000000000000000, R10=0x0000000000000000, R11=0x0000000000000246
R12=0x00007f97740a0460, R13=0x0000000000000001, R14=0x0000000000000002, R15=0x00007f977ce69580
RIP=0x00007f977c79f46e, EFLAGS=0x0000000000010202, CSGSFS=0x002b000000000033, ERR=0x0000000000000007
  TRAPNO=0x000000000000000e

Top of Stack: (sp=0x00007f9779e45cc0)
0x00007f9779e45cc0:   00007f9779e45cf0 0000000000000001
0x00007f9779e45cd0:   00007f9779e45cf0 00007f977c8e6052
0x00007f9779e45ce0:   0000000000000032 0000000000000032
0x00007f9779e45cf0:   00007f9779e45d40 00007f977c968f2c 

Instructions: (pc=0x00007f977c79f46e)
0x00007f977c79f36e:   00 48 83 c4 08 5b 41 5c 41 5d 41 5e 41 5f 5d c3
0x00007f977c79f37e:   66 90 31 f6 4c 89 e7 e8 56 96 20 00 e9 7f ff ff
0x00007f977c79f38e:   ff 90 31 f6 4c 89 e7 e8 46 96 20 00 e9 12 ff ff
0x00007f977c79f39e:   ff 90 31 f6 4c 89 e7 e8 36 96 20 00 e9 96 fe ff
0x00007f977c79f3ae:   ff 90 be 01 00 00 00 4c 89 e7 e8 f3 00 07 00 e9
0x00007f977c79f3be:   63 fe ff ff 66 0f 1f 44 00 00 be 01 00 00 00 4c
0x00007f977c79f3ce:   89 e7 e8 db 00 07 00 e9 1c ff ff ff 66 0f 1f 44
0x00007f977c79f3de:   00 00 48 8d 05 61 df 65 00 48 8d 0d 36 f7 39 00
0x00007f977c79f3ee:   48 8d 15 45 f7 39 00 be 44 01 00 00 48 8d 3d 27
0x00007f977c79f3fe:   f6 39 00 48 8b 00 c6 00 58 31 c0 e8 92 f0 9a ff
0x00007f977c79f40e:   e8 9d c6 fb ff e9 bd fe ff ff 0f 1f 84 00 00 00
0x00007f977c79f41e:   00 00 be 01 00 00 00 4c 89 e7 e8 83 00 07 00 e9
0x00007f977c79f42e:   53 fe ff ff 66 0f 1f 44 00 00 4c 89 e7 45 31 e4
0x00007f977c79f43e:   e8 fd 3d 20 00 e9 bc fd ff ff 0f 1f 84 00 00 00
0x00007f977c79f44e:   00 00 4c 8b 47 38 4d 85 c0 74 27 55 48 89 e5 53
0x00007f977c79f45e:   48 83 ec 08 49 8b 00 48 8b 5f 28 4c 89 c7 ff 10
0x00007f977c79f46e:   48 89 03 48 8b 5d f8 c9 c3 66 0f 1f 84 00 00 00
0x00007f977c79f47e:   00 00 c3 90 66 66 2e 0f 1f 84 00 00 00 00 00 0f
0x00007f977c79f48e:   1f 00 49 89 f8 48 89 f7 48 63 f2 49 8b 40 28 48
0x00007f977c79f49e:   8d 15 bd f1 3a 00 48 8b 08 31 c0 e9 82 cb 5f ff
0x00007f977c79f4ae:   66 90 49 89 f8 31 c0 48 89 f7 48 63 f2 49 8b 48
0x00007f977c79f4be:   28 48 8d 15 d8 eb 35 00 e9 65 cb 5f ff 90 0f 1f
0x00007f977c79f4ce:   40 00 55 48 8d 05 58 4a 65 00 66 41 0f 6e c0 66
0x00007f977c79f4de:   0f 6e c9 66 0f 62 c1 48 89 e5 41 57 49 89 d7 41
0x00007f977c79f4ee:   56 41 55 4c 63 ee 41 54 53 48 89 fb 48 83 ec 18
0x00007f977c79f4fe:   48 89 07 48 8d 05 f8 27 67 00 48 c7 47 08 00 00
0x00007f977c79f50e:   00 00 4e 8b 34 e8 c6 47 18 00 48 c7 47 28 00 00
0x00007f977c79f51e:   00 00 66 0f d6 47 10 48 89 d7 e8 f3 ce 5f ff 4c
0x00007f977c79f52e:   89 f7 48 89 45 c8 e8 e7 ce 5f ff 48 8b 55 c8 be
0x00007f977c79f53e:   08 00 00 00 48 8d 7c 02 02 31 d2 e8 82 ef 76 ff
0x00007f977c79f54e:   48 89 43 08 48 89 c7 41 83 fd 18 74 55 4c 89 f2
0x00007f977c79f55e:   4c 89 f9 48 8d 35 40 9c 38 00 31 c0 e8 31 d8 5f 


Stack slot to memory mapping:
stack at sp + 0 slots: 0x00007f9779e45cf0 points into unknown readable memory: 0x00007f9779e45d40 | 40 5d e4 79 97 7f 00 00
stack at sp + 1 slots: 0x0000000000000001 is an unknown value
stack at sp + 2 slots: 0x00007f9779e45cf0 points into unknown readable memory: 0x00007f9779e45d40 | 40 5d e4 79 97 7f 00 00
stack at sp + 3 slots: 0x00007f977c8e6052: <offset 0x0000000000d9b052> in /nix/store/3kwffh5z52ali43lprv3p5id9yz78xmd-temurin-jre-bin-17.0.4/lib/server/libjvm.so at 0x00007f977bb4b000
stack at sp + 4 slots: 0x0000000000000032 is an unknown value
stack at sp + 5 slots: 0x0000000000000032 is an unknown value
stack at sp + 6 slots: 0x00007f9779e45d40 points into unknown readable memory: 0x00007f9779e45dc0 | c0 5d e4 79 97 7f 00 00
stack at sp + 7 slots: 0x00007f977c968f2c: <offset 0x0000000000e1df2c> in /nix/store/3kwffh5z52ali43lprv3p5id9yz78xmd-temurin-jre-bin-17.0.4/lib/server/libjvm.so at 0x00007f977bb4b000


---------------  P R O C E S S  ---------------

Threads class SMR info:
_java_thread_list=0x00007f97240ca060, length=24, elements={
0x00007f97740235c0, 0x00007f977405db80, 0x00007f977405ef90, 0x00007f97740655c0,
0x00007f9774066940, 0x00007f9774067d20, 0x00007f97740696a0, 0x00007f977406aba0,
0x00007f977406bfe0, 0x00007f977409ec20, 0x00007f97740a1da0, 0x00007f97742944f0,
0x00007f977466d860, 0x00007f9774702970, 0x00007f9774802100, 0x00007f9774897950,
0x00007f9714068810, 0x00007f97740dd7a0, 0x00007f9774d3c4e0, 0x00007f9774f81c20,
0x00007f9774f5f120, 0x00007f9740007950, 0x00007f9714076ba0, 0x00007f97101fc800
}

Java Threads: ( => current thread )
  0x00007f97740235c0 JavaThread "main" [_thread_blocked, id=86, stack(0x00007f977b966000,0x00007f977ba66000)]
  0x00007f977405db80 JavaThread "Reference Handler" daemon [_thread_blocked, id=92, stack(0x00007f977a92d000,0x00007f977aa2d000)]
  0x00007f977405ef90 JavaThread "Finalizer" daemon [_thread_blocked, id=93, stack(0x00007f977a82d000,0x00007f977a92d000)]
  0x00007f97740655c0 JavaThread "Signal Dispatcher" daemon [_thread_blocked, id=96, stack(0x00007f977a447000,0x00007f977a547000)]
  0x00007f9774066940 JavaThread "Service Thread" daemon [_thread_blocked, id=97, stack(0x00007f977a347000,0x00007f977a447000)]
  0x00007f9774067d20 JavaThread "Monitor Deflation Thread" daemon [_thread_blocked, id=98, stack(0x00007f977a247000,0x00007f977a347000)]
  0x00007f97740696a0 JavaThread "C2 CompilerThread0" daemon [_thread_blocked, id=99, stack(0x00007f977a147000,0x00007f977a247000)]
  0x00007f977406aba0 JavaThread "C1 CompilerThread0" daemon [_thread_blocked, id=100, stack(0x00007f977a047000,0x00007f977a147000)]
  0x00007f977406bfe0 JavaThread "Sweeper thread" daemon [_thread_blocked, id=101, stack(0x00007f9779f47000,0x00007f977a047000)]
  0x00007f977409ec20 JavaThread "Notification Thread" daemon [_thread_blocked, id=102, stack(0x00007f9779e47000,0x00007f9779f47000)]
  0x00007f97740a1da0 JavaThread "Common-Cleaner" daemon [_thread_blocked, id=104, stack(0x00007f9779c45000,0x00007f9779d45000)]
  0x00007f97742944f0 JavaThread "Log4j2-TF-1-AsyncLogger[AsyncContext@b4c966a]-1" daemon [_thread_blocked, id=111, stack(0x00007f9779b45000,0x00007f9779c45000)]
  0x00007f977466d860 JavaThread "Java2D Disposer" daemon [_thread_blocked, id=118, stack(0x00007f9778700000,0x00007f9778800000)]
  0x00007f9774702970 JavaThread "Via-0" daemon [_thread_blocked, id=121, stack(0x00007f9778500000,0x00007f9778600000)]
  0x00007f9774802100 JavaThread "epollEventLoopGroup-3-1" [_thread_in_native, id=122, stack(0x00007f9778100000,0x00007f9778200000)]
  0x00007f9774897950 JavaThread "DefaultDispatcher-worker-1" daemon [_thread_blocked, id=123, stack(0x00007f9778000000,0x00007f9778100000)]
  0x00007f9714068810 JavaThread "HttpClient-1-SelectorManager" daemon [_thread_in_native, id=126, stack(0x00007f975fcd4000,0x00007f975fdd4000)]
  0x00007f97740dd7a0 JavaThread "Via Async Scheduler 0" [_thread_blocked, id=141, stack(0x00007f975de00000,0x00007f975df00000)]
  0x00007f9774d3c4e0 JavaThread "epollEventLoopGroup-2-1" [_thread_in_native, id=144, stack(0x00007f975dc00000,0x00007f975dd00000)]
  0x00007f9774f81c20 JavaThread "eventLoopGroupProxy-4-1" daemon [_thread_in_native, id=148, stack(0x00007f975d200000,0x00007f975d300000)]
  0x00007f9774f5f120 JavaThread "Thread-10" [_thread_in_native, id=150, stack(0x00007f975d100000,0x00007f975d200000)]
  0x00007f9740007950 JavaThread "eventLoopGroupProxy-5-1" daemon [_thread_in_native, id=152, stack(0x00007f975dd00000,0x00007f975de00000)]
  0x00007f9714076ba0 JavaThread "eventLoopGroupProxy-6-1" daemon [_thread_in_native, id=153, stack(0x00007f975f00f000,0x00007f975f10f000)]
  0x00007f97101fc800 JavaThread "DefaultDispatcher-worker-2" daemon [_thread_blocked, id=159, stack(0x00007f975d300000,0x00007f975d400000)]

Other Threads:
  0x00007f9774059390 VMThread "VM Thread" [stack: 0x00007f977aa2f000,0x00007f977ab2f000] [id=91]
=>0x00007f97740a0540 WatcherThread [stack: 0x00007f9779d47000,0x00007f9779e47000] [id=103]

Threads with active compile tasks:

VM state: not at safepoint (normal execution)

VM Mutex/Monitor currently owned by a thread:  ([mutex/lock_event])
[0x00007f9774021b00] PeriodicTask_lock - owner thread: 0x00007f97740a0540

Heap address: 0x00000000e0000000, size: 512 MB, Compressed Oops mode: 32-bit

CDS archive(s) mapped at: [0x0000000800000000-0x0000000800a79000-0x0000000800a79000), size 10981376, SharedBaseAddress: 0x0000000800000000, ArchiveRelocationMode: 0.
Compressed class space mapped at: 0x0000000800c00000-0x0000000840c00000, reserved size: 1073741824
Narrow klass base: 0x0000000800000000, Narrow klass shift: 0, Narrow klass range: 0x100000000

GC Precious Log:
 CPUs: 4 total, 1 available
 Memory: 1024M
 Large Page Support: Disabled
 NUMA Support: Disabled
 Compressed Oops: Enabled (32-bit)
 Heap Min Capacity: 8M
 Heap Initial Capacity: 16M
 Heap Max Capacity: 512M
 Pre-touch: Disabled

Heap:
 def new generation   total 17408K, used 12049K [0x00000000e0000000, 0x00000000e12e0000, 0x00000000eaaa0000)
  eden space 15488K,  77% used [0x00000000e0000000, 0x00000000e0bbca50, 0x00000000e0f20000)
  from space 1920K,   1% used [0x00000000e1100000, 0x00000000e11079c0, 0x00000000e12e0000)
  to   space 1920K,   0% used [0x00000000e0f20000, 0x00000000e0f20000, 0x00000000e1100000)
 tenured generation   total 38376K, used 30892K [0x00000000eaaa0000, 0x00000000ed01a000, 0x0000000100000000)
   the space 38376K,  80% used [0x00000000eaaa0000, 0x00000000ec8cb370, 0x00000000ec8cb400, 0x00000000ed01a000)
 Metaspace       used 62961K, committed 63488K, reserved 1105920K
  class space    used 9330K, committed 9600K, reserved 1048576K

Card table byte_map: [0x00007f977b629000,0x00007f977b72a000] _byte_map_base: 0x00007f977af29000

Polling page: 0x00007f977b942000

Metaspace:

Usage:
  Non-class:     52.37 MB used.
      Class:      9.11 MB used.
       Both:     61.49 MB used.

Virtual space:
  Non-class space:       56.00 MB reserved,      52.62 MB ( 94%) committed,  7 nodes.
      Class space:        1.00 GB reserved,       9.38 MB ( <1%) committed,  1 nodes.
             Both:        1.05 GB reserved,      62.00 MB (  6%) committed. 

Chunk freelists:
   Non-Class:  3.39 MB
       Class:  2.47 MB
        Both:  5.86 MB

MaxMetaspaceSize: unlimited
CompressedClassSpaceSize: 1.00 GB
Initial GC threshold: 21.00 MB
Current GC threshold: 75.62 MB
CDS: on
MetaspaceReclaimPolicy: balanced
 - commit_granule_bytes: 65536.
 - commit_granule_words: 8192.
 - virtual_space_node_default_size: 1048576.
 - enlarge_chunks_in_place: 1.
 - new_chunks_are_fully_committed: 0.
 - uncommit_free_chunks: 1.
 - use_allocation_guard: 0.
 - handle_deallocations: 1.


Internal statistics:

num_allocs_failed_limit: 3.
num_arena_births: 746.
num_arena_deaths: 0.
num_vsnodes_births: 8.
num_vsnodes_deaths: 0.
num_space_committed: 992.
num_space_uncommitted: 0.
num_chunks_returned_to_freelist: 3.
num_chunks_taken_from_freelist: 2737.
num_chunk_merges: 3.
num_chunk_splits: 2012.
num_chunks_enlarged: 1583.
num_purges: 0.
num_inconsistent_stats: 0.

CodeHeap 'non-profiled nmethods': size=120036Kb used=2593Kb max_used=2593Kb free=117442Kb
 bounds [0x00007f9767a9b000, 0x00007f9767d2b000, 0x00007f976efd4000]
CodeHeap 'profiled nmethods': size=120032Kb used=9171Kb max_used=9171Kb free=110860Kb
 bounds [0x00007f9760563000, 0x00007f9760e63000, 0x00007f9767a9b000]
CodeHeap 'non-nmethods': size=5692Kb used=1493Kb max_used=1541Kb free=4198Kb
 bounds [0x00007f975ffd4000, 0x00007f9760244000, 0x00007f9760563000]
 total_blobs=6288 nmethods=5408 adapters=794
 compilation: enabled
              stopped_count=0, restarted_count=0
 full_count=0

Compilation events (20 events):
Event: 7233.414 Thread 0x00007f97740696a0 5798 %     4       java.math.BitSieve::<init> @ 67 (137 bytes)
Event: 7233.446 Thread 0x00007f97740696a0 nmethod 5798% 0x00007f9767d1fa10 code [0x00007f9767d1fbc0, 0x00007f9767d20068]
Event: 7233.446 Thread 0x00007f97740696a0 5799       4       java.math.BitSieve::<init> (137 bytes)
Event: 7233.504 Thread 0x00007f97740696a0 nmethod 5799 0x00007f9767d20390 code [0x00007f9767d20560, 0x00007f9767d20fe8]
Event: 7233.793 Thread 0x00007f97740696a0 5800       4       java.math.BigInteger::compareTo (75 bytes)
Event: 7233.795 Thread 0x00007f97740696a0 nmethod 5800 0x00007f9767d21610 code [0x00007f9767d217a0, 0x00007f9767d21918]
Event: 7233.912 Thread 0x00007f97740696a0 5801       4       java.math.SignedMutableBigInteger::signedSubtract (34 bytes)
Event: 7233.914 Thread 0x00007f97740696a0 nmethod 5801 0x00007f9767d21a90 code [0x00007f9767d21c20, 0x00007f9767d21cf8]
Event: 7718.876 Thread 0x00007f97740696a0 5802       4       java.util.AbstractMap::isEmpty (13 bytes)
Event: 7718.877 Thread 0x00007f97740696a0 nmethod 5802 0x00007f9767d21e10 code [0x00007f9767d21fa0, 0x00007f9767d22058]
Event: 7833.360 Thread 0x00007f97740696a0 5803       4       java.math.SignedMutableBigInteger::signedAdd (34 bytes)
Event: 7833.361 Thread 0x00007f97740696a0 nmethod 5803 0x00007f9767d22110 code [0x00007f9767d222a0, 0x00007f9767d22378]
Event: 7878.026 Thread 0x00007f97740696a0 5804   !   4       java.lang.Thread::blockedOn (27 bytes)
Event: 7878.027 Thread 0x00007f97740696a0 nmethod 5804 0x00007f9767d22490 code [0x00007f9767d22620, 0x00007f9767d227f8]
Event: 8058.211 Thread 0x00007f97740696a0 5805   !   4       sun.nio.ch.SelectorImpl::processDeregisterQueue (145 bytes)
Event: 8058.213 Thread 0x00007f97740696a0 nmethod 5805 0x00007f9767d22890 code [0x00007f9767d22a20, 0x00007f9767d22d38]
Event: 8085.235 Thread 0x00007f97740696a0 5806       4       jdk.internal.net.http.HttpClientImpl::isReferenced (24 bytes)
Event: 8085.235 Thread 0x00007f97740696a0 nmethod 5806 0x00007f9767d22f10 code [0x00007f9767d230a0, 0x00007f9767d23158]
Event: 8433.051 Thread 0x00007f97740696a0 5807       4       jdk.internal.reflect.ClassFileAssembler::emitByte (11 bytes)
Event: 8433.053 Thread 0x00007f97740696a0 nmethod 5807 0x00007f9767d23290 code [0x00007f9767d23420, 0x00007f9767d23568]

GC Heap History (20 events):
Event: 5574.536 GC heap before
{Heap before GC invocations=56 (full 3):
 def new generation   total 17408K, used 15495K [0x00000000e0000000, 0x00000000e12e0000, 0x00000000eaaa0000)
  eden space 15488K, 100% used [0x00000000e0000000, 0x00000000e0f20000, 0x00000000e0f20000)
  from space 1920K,   0% used [0x00000000e1100000, 0x00000000e1101d98, 0x00000000e12e0000)
  to   space 1920K,   0% used [0x00000000e0f20000, 0x00000000e0f20000, 0x00000000e1100000)
 tenured generation   total 38376K, used 30892K [0x00000000eaaa0000, 0x00000000ed01a000, 0x0000000100000000)
   the space 38376K,  80% used [0x00000000eaaa0000, 0x00000000ec8cb160, 0x00000000ec8cb200, 0x00000000ed01a000)
 Metaspace       used 62852K, committed 63424K, reserved 1105920K
  class space    used 9330K, committed 9600K, reserved 1048576K
}
Event: 5574.538 GC heap after
{Heap after GC invocations=57 (full 3):
 def new generation   total 17408K, used 5K [0x00000000e0000000, 0x00000000e12e0000, 0x00000000eaaa0000)
  eden space 15488K,   0% used [0x00000000e0000000, 0x00000000e0000000, 0x00000000e0f20000)
  from space 1920K,   0% used [0x00000000e0f20000, 0x00000000e0f21580, 0x00000000e1100000)
  to   space 1920K,   0% used [0x00000000e1100000, 0x00000000e1100000, 0x00000000e12e0000)
 tenured generation   total 38376K, used 30892K [0x00000000eaaa0000, 0x00000000ed01a000, 0x0000000100000000)
   the space 38376K,  80% used [0x00000000eaaa0000, 0x00000000ec8cb160, 0x00000000ec8cb200, 0x00000000ed01a000)
 Metaspace       used 62852K, committed 63424K, reserved 1105920K
  class space    used 9330K, committed 9600K, reserved 1048576K
}
Event: 6033.253 GC heap before
{Heap before GC invocations=57 (full 3):
 def new generation   total 17408K, used 15493K [0x00000000e0000000, 0x00000000e12e0000, 0x00000000eaaa0000)
  eden space 15488K, 100% used [0x00000000e0000000, 0x00000000e0f20000, 0x00000000e0f20000)
  from space 1920K,   0% used [0x00000000e0f20000, 0x00000000e0f21580, 0x00000000e1100000)
  to   space 1920K,   0% used [0x00000000e1100000, 0x00000000e1100000, 0x00000000e12e0000)
 tenured generation   total 38376K, used 30892K [0x00000000eaaa0000, 0x00000000ed01a000, 0x0000000100000000)
   the space 38376K,  80% used [0x00000000eaaa0000, 0x00000000ec8cb160, 0x00000000ec8cb200, 0x00000000ed01a000)
 Metaspace       used 62853K, committed 63424K, reserved 1105920K
  class space    used 9330K, committed 9600K, reserved 1048576K
}
Event: 6033.254 GC heap after
{Heap after GC invocations=58 (full 3):
 def new generation   total 17408K, used 7K [0x00000000e0000000, 0x00000000e12e0000, 0x00000000eaaa0000)
  eden space 15488K,   0% used [0x00000000e0000000, 0x00000000e0000000, 0x00000000e0f20000)
  from space 1920K,   0% used [0x00000000e1100000, 0x00000000e1101c88, 0x00000000e12e0000)
  to   space 1920K,   0% used [0x00000000e0f20000, 0x00000000e0f20000, 0x00000000e1100000)
 tenured generation   total 38376K, used 30892K [0x00000000eaaa0000, 0x00000000ed01a000, 0x0000000100000000)
   the space 38376K,  80% used [0x00000000eaaa0000, 0x00000000ec8cb160, 0x00000000ec8cb200, 0x00000000ed01a000)
 Metaspace       used 62853K, committed 63424K, reserved 1105920K
  class space    used 9330K, committed 9600K, reserved 1048576K
}
Event: 6633.081 GC heap before
{Heap before GC invocations=58 (full 3):
 def new generation   total 17408K, used 15495K [0x00000000e0000000, 0x00000000e12e0000, 0x00000000eaaa0000)
  eden space 15488K, 100% used [0x00000000e0000000, 0x00000000e0f20000, 0x00000000e0f20000)
  from space 1920K,   0% used [0x00000000e1100000, 0x00000000e1101c88, 0x00000000e12e0000)
  to   space 1920K,   0% used [0x00000000e0f20000, 0x00000000e0f20000, 0x00000000e1100000)
 tenured generation   total 38376K, used 30892K [0x00000000eaaa0000, 0x00000000ed01a000, 0x0000000100000000)
   the space 38376K,  80% used [0x00000000eaaa0000, 0x00000000ec8cb160, 0x00000000ec8cb200, 0x00000000ed01a000)
 Metaspace       used 62956K, committed 63488K, reserved 1105920K
  class space    used 9330K, committed 9600K, reserved 1048576K
}
Event: 6633.083 GC heap after
{Heap after GC invocations=59 (full 3):
 def new generation   total 17408K, used 44K [0x00000000e0000000, 0x00000000e12e0000, 0x00000000eaaa0000)
  eden space 15488K,   0% used [0x00000000e0000000, 0x00000000e0000000, 0x00000000e0f20000)
  from space 1920K,   2% used [0x00000000e0f20000, 0x00000000e0f2b0a0, 0x00000000e1100000)
  to   space 1920K,   0% used [0x00000000e1100000, 0x00000000e1100000, 0x00000000e12e0000)
 tenured generation   total 38376K, used 30892K [0x00000000eaaa0000, 0x00000000ed01a000, 0x0000000100000000)
   the space 38376K,  80% used [0x00000000eaaa0000, 0x00000000ec8cb160, 0x00000000ec8cb200, 0x00000000ed01a000)
 Metaspace       used 62956K, committed 63488K, reserved 1105920K
  class space    used 9330K, committed 9600K, reserved 1048576K
}
Event: 6895.961 GC heap before
{Heap before GC invocations=59 (full 3):
 def new generation   total 17408K, used 15532K [0x00000000e0000000, 0x00000000e12e0000, 0x00000000eaaa0000)
  eden space 15488K, 100% used [0x00000000e0000000, 0x00000000e0f20000, 0x00000000e0f20000)
  from space 1920K,   2% used [0x00000000e0f20000, 0x00000000e0f2b0a0, 0x00000000e1100000)
  to   space 1920K,   0% used [0x00000000e1100000, 0x00000000e1100000, 0x00000000e12e0000)
 tenured generation   total 38376K, used 30892K [0x00000000eaaa0000, 0x00000000ed01a000, 0x0000000100000000)
   the space 38376K,  80% used [0x00000000eaaa0000, 0x00000000ec8cb160, 0x00000000ec8cb200, 0x00000000ed01a000)
 Metaspace       used 62958K, committed 63488K, reserved 1105920K
  class space    used 9330K, committed 9600K, reserved 1048576K
}
Event: 6895.963 GC heap after
{Heap after GC invocations=60 (full 3):
 def new generation   total 17408K, used 27K [0x00000000e0000000, 0x00000000e12e0000, 0x00000000eaaa0000)
  eden space 15488K,   0% used [0x00000000e0000000, 0x00000000e0000000, 0x00000000e0f20000)
  from space 1920K,   1% used [0x00000000e1100000, 0x00000000e1106cb0, 0x00000000e12e0000)
  to   space 1920K,   0% used [0x00000000e0f20000, 0x00000000e0f20000, 0x00000000e1100000)
 tenured generation   total 38376K, used 30892K [0x00000000eaaa0000, 0x00000000ed01a000, 0x0000000100000000)
   the space 38376K,  80% used [0x00000000eaaa0000, 0x00000000ec8cb160, 0x00000000ec8cb200, 0x00000000ed01a000)
 Metaspace       used 62958K, committed 63488K, reserved 1105920K
  class space    used 9330K, committed 9600K, reserved 1048576K
}
Event: 7233.352 GC heap before
{Heap before GC invocations=60 (full 3):
 def new generation   total 17408K, used 15515K [0x00000000e0000000, 0x00000000e12e0000, 0x00000000eaaa0000)
  eden space 15488K, 100% used [0x00000000e0000000, 0x00000000e0f20000, 0x00000000e0f20000)
  from space 1920K,   1% used [0x00000000e1100000, 0x00000000e1106cb0, 0x00000000e12e0000)
  to   space 1920K,   0% used [0x00000000e0f20000, 0x00000000e0f20000, 0x00000000e1100000)
 tenured generation   total 38376K, used 30892K [0x00000000eaaa0000, 0x00000000ed01a000, 0x0000000100000000)
   the space 38376K,  80% used [0x00000000eaaa0000, 0x00000000ec8cb160, 0x00000000ec8cb200, 0x00000000ed01a000)
 Metaspace       used 62958K, committed 63488K, reserved 1105920K
  class space    used 9330K, committed 9600K, reserved 1048576K
}
Event: 7233.353 GC heap after
{Heap after GC invocations=61 (full 3):
 def new generation   total 17408K, used 29K [0x00000000e0000000, 0x00000000e12e0000, 0x00000000eaaa0000)
  eden space 15488K,   0% used [0x00000000e0000000, 0x00000000e0000000, 0x00000000e0f20000)
  from space 1920K,   1% used [0x00000000e0f20000, 0x00000000e0f274d8, 0x00000000e1100000)
  to   space 1920K,   0% used [0x00000000e1100000, 0x00000000e1100000, 0x00000000e12e0000)
 tenured generation   total 38376K, used 30892K [0x00000000eaaa0000, 0x00000000ed01a000, 0x0000000100000000)
   the space 38376K,  80% used [0x00000000eaaa0000, 0x00000000ec8cb160, 0x00000000ec8cb200, 0x00000000ed01a000)
 Metaspace       used 62958K, committed 63488K, reserved 1105920K
  class space    used 9330K, committed 9600K, reserved 1048576K
}
Event: 7233.594 GC heap before
{Heap before GC invocations=61 (full 3):
 def new generation   total 17408K, used 15517K [0x00000000e0000000, 0x00000000e12e0000, 0x00000000eaaa0000)
  eden space 15488K, 100% used [0x00000000e0000000, 0x00000000e0f20000, 0x00000000e0f20000)
  from space 1920K,   1% used [0x00000000e0f20000, 0x00000000e0f274d8, 0x00000000e1100000)
  to   space 1920K,   0% used [0x00000000e1100000, 0x00000000e1100000, 0x00000000e12e0000)
 tenured generation   total 38376K, used 30892K [0x00000000eaaa0000, 0x00000000ed01a000, 0x0000000100000000)
   the space 38376K,  80% used [0x00000000eaaa0000, 0x00000000ec8cb160, 0x00000000ec8cb200, 0x00000000ed01a000)
 Metaspace       used 62958K, committed 63488K, reserved 1105920K
  class space    used 9330K, committed 9600K, reserved 1048576K
}
Event: 7233.595 GC heap after
{Heap after GC invocations=62 (full 3):
 def new generation   total 17408K, used 28K [0x00000000e0000000, 0x00000000e12e0000, 0x00000000eaaa0000)
  eden space 15488K,   0% used [0x00000000e0000000, 0x00000000e0000000, 0x00000000e0f20000)
  from space 1920K,   1% used [0x00000000e1100000, 0x00000000e11071d8, 0x00000000e12e0000)
  to   space 1920K,   0% used [0x00000000e0f20000, 0x00000000e0f20000, 0x00000000e1100000)
 tenured generation   total 38376K, used 30892K [0x00000000eaaa0000, 0x00000000ed01a000, 0x0000000100000000)
   the space 38376K,  80% used [0x00000000eaaa0000, 0x00000000ec8cb160, 0x00000000ec8cb200, 0x00000000ed01a000)
 Metaspace       used 62958K, committed 63488K, reserved 1105920K
  class space    used 9330K, committed 9600K, reserved 1048576K
}
Event: 7233.873 GC heap before
{Heap before GC invocations=62 (full 3):
 def new generation   total 17408K, used 15516K [0x00000000e0000000, 0x00000000e12e0000, 0x00000000eaaa0000)
  eden space 15488K, 100% used [0x00000000e0000000, 0x00000000e0f20000, 0x00000000e0f20000)
  from space 1920K,   1% used [0x00000000e1100000, 0x00000000e11071d8, 0x00000000e12e0000)
  to   space 1920K,   0% used [0x00000000e0f20000, 0x00000000e0f20000, 0x00000000e1100000)
 tenured generation   total 38376K, used 30892K [0x00000000eaaa0000, 0x00000000ed01a000, 0x0000000100000000)
   the space 38376K,  80% used [0x00000000eaaa0000, 0x00000000ec8cb160, 0x00000000ec8cb200, 0x00000000ed01a000)
 Metaspace       used 62958K, committed 63488K, reserved 1105920K
  class space    used 9330K, committed 9600K, reserved 1048576K
}
Event: 7233.874 GC heap after
{Heap after GC invocations=63 (full 3):
 def new generation   total 17408K, used 29K [0x00000000e0000000, 0x00000000e12e0000, 0x00000000eaaa0000)
  eden space 15488K,   0% used [0x00000000e0000000, 0x00000000e0000000, 0x00000000e0f20000)
  from space 1920K,   1% used [0x00000000e0f20000, 0x00000000e0f27590, 0x00000000e1100000)
  to   space 1920K,   0% used [0x00000000e1100000, 0x00000000e1100000, 0x00000000e12e0000)
 tenured generation   total 38376K, used 30892K [0x00000000eaaa0000, 0x00000000ed01a000, 0x0000000100000000)
   the space 38376K,  80% used [0x00000000eaaa0000, 0x00000000ec8cb160, 0x00000000ec8cb200, 0x00000000ed01a000)
 Metaspace       used 62958K, committed 63488K, reserved 1105920K
  class space    used 9330K, committed 9600K, reserved 1048576K
}
Event: 7833.069 GC heap before
{Heap before GC invocations=63 (full 3):
 def new generation   total 17408K, used 15517K [0x00000000e0000000, 0x00000000e12e0000, 0x00000000eaaa0000)
  eden space 15488K, 100% used [0x00000000e0000000, 0x00000000e0f20000, 0x00000000e0f20000)
  from space 1920K,   1% used [0x00000000e0f20000, 0x00000000e0f27590, 0x00000000e1100000)
  to   space 1920K,   0% used [0x00000000e1100000, 0x00000000e1100000, 0x00000000e12e0000)
 tenured generation   total 38376K, used 30892K [0x00000000eaaa0000, 0x00000000ed01a000, 0x0000000100000000)
   the space 38376K,  80% used [0x00000000eaaa0000, 0x00000000ec8cb160, 0x00000000ec8cb200, 0x00000000ed01a000)
 Metaspace       used 62958K, committed 63488K, reserved 1105920K
  class space    used 9330K, committed 9600K, reserved 1048576K
}
Event: 7833.077 GC heap after
{Heap after GC invocations=64 (full 3):
 def new generation   total 17408K, used 28K [0x00000000e0000000, 0x00000000e12e0000, 0x00000000eaaa0000)
  eden space 15488K,   0% used [0x00000000e0000000, 0x00000000e0000000, 0x00000000e0f20000)
  from space 1920K,   1% used [0x00000000e1100000, 0x00000000e11073e8, 0x00000000e12e0000)
  to   space 1920K,   0% used [0x00000000e0f20000, 0x00000000e0f20000, 0x00000000e1100000)
 tenured generation   total 38376K, used 30892K [0x00000000eaaa0000, 0x00000000ed01a000, 0x0000000100000000)
   the space 38376K,  80% used [0x00000000eaaa0000, 0x00000000ec8cb160, 0x00000000ec8cb200, 0x00000000ed01a000)
 Metaspace       used 62958K, committed 63488K, reserved 1105920K
  class space    used 9330K, committed 9600K, reserved 1048576K
}
Event: 7833.358 GC heap before
{Heap before GC invocations=64 (full 3):
 def new generation   total 17408K, used 15516K [0x00000000e0000000, 0x00000000e12e0000, 0x00000000eaaa0000)
  eden space 15488K, 100% used [0x00000000e0000000, 0x00000000e0f20000, 0x00000000e0f20000)
  from space 1920K,   1% used [0x00000000e1100000, 0x00000000e11073e8, 0x00000000e12e0000)
  to   space 1920K,   0% used [0x00000000e0f20000, 0x00000000e0f20000, 0x00000000e1100000)
 tenured generation   total 38376K, used 30892K [0x00000000eaaa0000, 0x00000000ed01a000, 0x0000000100000000)
   the space 38376K,  80% used [0x00000000eaaa0000, 0x00000000ec8cb160, 0x00000000ec8cb200, 0x00000000ed01a000)
 Metaspace       used 62958K, committed 63488K, reserved 1105920K
  class space    used 9330K, committed 9600K, reserved 1048576K
}
Event: 7833.359 GC heap after
{Heap after GC invocations=65 (full 3):
 def new generation   total 17408K, used 29K [0x00000000e0000000, 0x00000000e12e0000, 0x00000000eaaa0000)
  eden space 15488K,   0% used [0x00000000e0000000, 0x00000000e0000000, 0x00000000e0f20000)
  from space 1920K,   1% used [0x00000000e0f20000, 0x00000000e0f27578, 0x00000000e1100000)
  to   space 1920K,   0% used [0x00000000e1100000, 0x00000000e1100000, 0x00000000e12e0000)
 tenured generation   total 38376K, used 30892K [0x00000000eaaa0000, 0x00000000ed01a000, 0x0000000100000000)
   the space 38376K,  80% used [0x00000000eaaa0000, 0x00000000ec8cb160, 0x00000000ec8cb200, 0x00000000ed01a000)
 Metaspace       used 62958K, committed 63488K, reserved 1105920K
  class space    used 9330K, committed 9600K, reserved 1048576K
}
Event: 8433.076 GC heap before
{Heap before GC invocations=65 (full 3):
 def new generation   total 17408K, used 15517K [0x00000000e0000000, 0x00000000e12e0000, 0x00000000eaaa0000)
  eden space 15488K, 100% used [0x00000000e0000000, 0x00000000e0f20000, 0x00000000e0f20000)
  from space 1920K,   1% used [0x00000000e0f20000, 0x00000000e0f27578, 0x00000000e1100000)
  to   space 1920K,   0% used [0x00000000e1100000, 0x00000000e1100000, 0x00000000e12e0000)
 tenured generation   total 38376K, used 30892K [0x00000000eaaa0000, 0x00000000ed01a000, 0x0000000100000000)
   the space 38376K,  80% used [0x00000000eaaa0000, 0x00000000ec8cb160, 0x00000000ec8cb200, 0x00000000ed01a000)
 Metaspace       used 62961K, committed 63488K, reserved 1105920K
  class space    used 9330K, committed 9600K, reserved 1048576K
}
Event: 8433.078 GC heap after
{Heap after GC invocations=66 (full 3):
 def new generation   total 17408K, used 30K [0x00000000e0000000, 0x00000000e12e0000, 0x00000000eaaa0000)
  eden space 15488K,   0% used [0x00000000e0000000, 0x00000000e0000000, 0x00000000e0f20000)
  from space 1920K,   1% used [0x00000000e1100000, 0x00000000e11079c0, 0x00000000e12e0000)
  to   space 1920K,   0% used [0x00000000e0f20000, 0x00000000e0f20000, 0x00000000e1100000)
 tenured generation   total 38376K, used 30892K [0x00000000eaaa0000, 0x00000000ed01a000, 0x0000000100000000)
   the space 38376K,  80% used [0x00000000eaaa0000, 0x00000000ec8cb370, 0x00000000ec8cb400, 0x00000000ed01a000)
 Metaspace       used 62961K, committed 63488K, reserved 1105920K
  class space    used 9330K, committed 9600K, reserved 1048576K
}

Deoptimization events (20 events):
Event: 3073.786 Thread 0x00007f9740007950 Uncommon trap: trap_request=0xffffff45 fr.pc=0x00007f9767c6629c relative=0x000000000000007c
Event: 3073.786 Thread 0x00007f9740007950 Uncommon trap: reason=unstable_if action=reinterpret pc=0x00007f9767c6629c method=io.netty.util.internal.DefaultPriorityQueue.peek()Lio/netty/util/internal/PriorityQueueNode; @ 4 c2
Event: 3073.786 Thread 0x00007f9740007950 DEOPT PACKING pc=0x00007f9767c6629c sp=0x00007f975ddfe510
Event: 3073.786 Thread 0x00007f9740007950 DEOPT UNPACKING pc=0x00007f9760025d99 sp=0x00007f975ddfe468 mode 2
Event: 3081.560 Thread 0x00007f9740007950 Uncommon trap: trap_request=0xffffffde fr.pc=0x00007f9767af3a94 relative=0x0000000000000074
Event: 3081.560 Thread 0x00007f9740007950 Uncommon trap: reason=class_check action=maybe_recompile pc=0x00007f9767af3a94 method=java.nio.ByteBuffer.position(I)Ljava/nio/Buffer; @ 2 c2
Event: 3081.560 Thread 0x00007f9740007950 DEOPT PACKING pc=0x00007f9767af3a94 sp=0x00007f975ddfdcd0
Event: 3081.560 Thread 0x00007f9740007950 DEOPT UNPACKING pc=0x00007f9760025d99 sp=0x00007f975ddfdc88 mode 2
Event: 3099.776 Thread 0x00007f9714068810 Uncommon trap: trap_request=0xffffffdc fr.pc=0x00007f9767ce7e84 relative=0x00000000000001e4
Event: 3099.776 Thread 0x00007f9714068810 Uncommon trap: reason=class_check action=make_not_entrant pc=0x00007f9767ce7e84 method=java.util.concurrent.CopyOnWriteArrayList.toArray([Ljava/lang/Object;)[Ljava/lang/Object; @ 20 c2
Event: 3099.776 Thread 0x00007f9714068810 DEOPT PACKING pc=0x00007f9767ce7e84 sp=0x00007f975fdd2540
Event: 3099.776 Thread 0x00007f9714068810 DEOPT UNPACKING pc=0x00007f9760025d99 sp=0x00007f975fdd24e0 mode 2
Event: 4233.051 Thread 0x00007f9774702970 DEOPT PACKING pc=0x00007f9760df8dcf sp=0x00007f97785fe1f0
Event: 4233.051 Thread 0x00007f9774702970 DEOPT UNPACKING pc=0x00007f976002652f sp=0x00007f97785fd688 mode 0
Event: 5433.375 Thread 0x00007f9774702970 DEOPT PACKING pc=0x00007f97606de643 sp=0x00007f97785fe140
Event: 5433.375 Thread 0x00007f9774702970 DEOPT UNPACKING pc=0x00007f976002652f sp=0x00007f97785fd610 mode 0
Event: 5521.949 Thread 0x00007f97740dd7a0 DEOPT PACKING pc=0x00007f9760d7b369 sp=0x00007f975defe7c0
Event: 5521.949 Thread 0x00007f97740dd7a0 DEOPT UNPACKING pc=0x00007f976002652f sp=0x00007f975defdd58 mode 0
Event: 7233.463 Thread 0x00007f9774702970 DEOPT PACKING pc=0x00007f9760dfc1fd sp=0x00007f97785fe200
Event: 7233.463 Thread 0x00007f9774702970 DEOPT UNPACKING pc=0x00007f976002652f sp=0x00007f97785fd708 mode 0

Classes unloaded (0 events):
No events

Classes redefined (0 events):
No events

Internal exceptions (20 events):
Event: 57.554 Thread 0x00007f97740235c0 Exception <a 'java/lang/NoSuchMethodError'{0x00000000e0e41368}: 'long java.lang.invoke.DirectMethodHandle$Holder.invokeStatic(java.lang.Object)'> (0x00000000e0e41368) 
thrown [src/hotspot/share/interpreter/linkResolver.cpp, line 758]
Event: 58.051 Thread 0x00007f97740235c0 Exception <a 'java/lang/UnsatisfiedLinkError'{0x00000000e020bdf8}: 'int io.netty.channel.kqueue.Native.sizeofKEvent()'> (0x00000000e020bdf8) 
thrown [src/hotspot/share/prims/nativeLookup.cpp, line 543]
Event: 58.053 Thread 0x00007f97740235c0 Exception <a 'java/lang/ExceptionInInitializerError'{0x00000000e020c4f8}> (0x00000000e020c4f8) 
thrown [src/hotspot/share/oops/instanceKlass.cpp, line 1169]
Event: 58.149 Thread 0x00007f97740235c0 Exception <a 'java/lang/reflect/InvocationTargetException'{0x00000000e0296920}> (0x00000000e0296920) 
thrown [src/hotspot/share/runtime/reflection.cpp, line 1119]
Event: 58.759 Thread 0x00007f97740235c0 Exception <a 'java/lang/ClassNotFoundException'{0x00000000e04be8d8}: com/sun/security/cert/internal/x509/X509V1CertImpl> (0x00000000e04be8d8) 
thrown [src/hotspot/share/classfile/systemDictionary.cpp, line 256]
Event: 59.145 Thread 0x00007f97740235c0 Exception <a 'java/lang/NoSuchMethodError'{0x00000000e0598b98}: 'java.lang.Object java.lang.invoke.DirectMethodHandle$Holder.newInvokeSpecial(java.lang.Object, java.lang.Object, java.lang.Object, java.lang.Object, java.lang.Object, java.lang.Object, java.lang.Object, int)'> (0x00000000e0598b98) 
thrown [src/hotspot/share/interpreter/linkResolver.cpp, line 758]
Event: 59.146 Thread 0x00007f97740235c0 Exception <a 'java/lang/NoSuchMethodError'{0x00000000e059dee8}: 'java.lang.Object java.lang.invoke.DirectMethodHandle$Holder.invokeSpecial(java.lang.Object, java.lang.Object, java.lang.Object, java.lang.Object, java.lang.Object, java.lang.Object, java.lang.Object, java.lang.Object, int)'> (0x00000000e059dee8) 
thrown [src/hotspot/share/interpreter/linkResolver.cpp, line 758]
Event: 59.146 Thread 0x00007f97740235c0 Exception <a 'java/lang/NoSuchMethodError'{0x00000000e05a29b0}: 'java.lang.Object java.lang.invoke.Invokers$Holder.linkToTargetMethod(java.lang.Object, java.lang.Object, java.lang.Object, java.lang.Object, java.lang.Object, java.lang.Object, int, java.lang.Object)'> (0x00000000e05a29b0) 
thrown [src/hotspot/share/interpreter/linkResolver.cpp, line 758]
Event: 59.857 Thread 0x00007f97740235c0 Exception <a 'java/lang/NoSuchMethodError'{0x00000000e06b16a0}: 'int java.lang.invoke.DirectMethodHandle$Holder.invokeStatic(java.lang.Object)'> (0x00000000e06b16a0) 
thrown [src/hotspot/share/interpreter/linkResolver.cpp, line 758]
Event: 59.857 Thread 0x00007f97740235c0 Exception <a 'java/lang/NoSuchMethodError'{0x00000000e06b4aa0}: 'int java.lang.invoke.DirectMethodHandle$Holder.invokeStaticInit(java.lang.Object)'> (0x00000000e06b4aa0) 
thrown [src/hotspot/share/interpreter/linkResolver.cpp, line 758]
Event: 59.959 Thread 0x00007f97740235c0 Exception <a 'java/lang/UnsatisfiedLinkError'{0x00000000e075a738}> (0x00000000e075a738) 
thrown [src/hotspot/share/prims/jvm.cpp, line 3384]
Event: 59.959 Thread 0x00007f97740235c0 Exception <a 'java/lang/UnsatisfiedLinkError'{0x00000000e075a738}> (0x00000000e075a738) 
thrown [src/hotspot/share/prims/jni.cpp, line 516]
Event: 59.968 Thread 0x00007f97740235c0 Exception <a 'java/lang/UnsatisfiedLinkError'{0x00000000e0763020}> (0x00000000e0763020) 
thrown [src/hotspot/share/prims/jvm.cpp, line 3384]
Event: 59.968 Thread 0x00007f97740235c0 Exception <a 'java/lang/UnsatisfiedLinkError'{0x00000000e0763020}> (0x00000000e0763020) 
thrown [src/hotspot/share/prims/jni.cpp, line 516]
Event: 59.972 Thread 0x00007f97740235c0 Exception <a 'java/lang/UnsatisfiedLinkError'{0x00000000e07692c0}> (0x00000000e07692c0) 
thrown [src/hotspot/share/prims/jvm.cpp, line 3384]
Event: 59.972 Thread 0x00007f97740235c0 Exception <a 'java/lang/UnsatisfiedLinkError'{0x00000000e07692c0}> (0x00000000e07692c0) 
thrown [src/hotspot/share/prims/jni.cpp, line 516]
Event: 3073.650 Thread 0x00007f9740007950 Exception <a 'java/lang/NoSuchMethodError'{0x00000000e013b358}: 'void java.lang.invoke.DirectMethodHandle$Holder.invokeStatic(java.lang.Object, java.lang.Object, java.lang.Object, java.lang.Object, java.lang.Object, java.lang.Object)'> (0x00000000e013b358) 
thrown [src/hotspot/share/interpreter/linkResolver.cpp, line 758]
Event: 3073.768 Thread 0x00007f9740007950 Exception <a 'java/lang/NoSuchMethodError'{0x00000000e0669f48}: 'java.lang.Object java.lang.invoke.DirectMethodHandle$Holder.newInvokeSpecial(java.lang.Object, int, java.lang.Object, java.lang.Object)'> (0x00000000e0669f48) 
thrown [src/hotspot/share/interpreter/linkResolver.cpp, line 758]
Event: 3073.782 Thread 0x00007f9714076ba0 Exception <a 'java/lang/NoSuchMethodError'{0x00000000e06a68d8}: 'java.lang.Object java.lang.invoke.DirectMethodHandle$Holder.invokeSpecial(java.lang.Object, java.lang.Object, long, java.lang.Object, java.lang.Object, java.lang.Object, int, java.lang.Object, int, java.lang.Object, java.lang.Object, int, java.lang.Object)'> (0x00000000e06a68d8) 
thrown [src/hotspot/share/interpreter/linkResolver.cpp, line 758]
Event: 3073.782 Thread 0x00007f9714076ba0 Exception <a 'java/lang/NoSuchMethodError'{0x00000000e06aae88}: 'java.lang.Object java.lang.invoke.DelegatingMethodHandle$Holder.reinvoke_L(java.lang.Object, long, java.lang.Object, java.lang.Object, java.lang.Object, int, java.lang.Object, int, java.lang.Object, java.lang.Object, int, java.lang.Object)'> (0x00000000e06aae88) 
thrown [src/hotspot/share/interpreter/linkResolver.cpp, line 758]

VM Operations (20 events):
Event: 6633.081 Executing VM operation: GenCollectForAllocation
Event: 6633.083 Executing VM operation: GenCollectForAllocation done
Event: 6681.106 Executing VM operation: Cleanup
Event: 6681.106 Executing VM operation: Cleanup done
Event: 6895.961 Executing VM operation: GenCollectForAllocation
Event: 6895.963 Executing VM operation: GenCollectForAllocation done
Event: 7233.352 Executing VM operation: GenCollectForAllocation
Event: 7233.353 Executing VM operation: GenCollectForAllocation done
Event: 7233.594 Executing VM operation: GenCollectForAllocation
Event: 7233.595 Executing VM operation: GenCollectForAllocation done
Event: 7233.873 Executing VM operation: GenCollectForAllocation
Event: 7233.874 Executing VM operation: GenCollectForAllocation done
Event: 7722.086 Executing VM operation: Cleanup
Event: 7722.086 Executing VM operation: Cleanup done
Event: 7833.069 Executing VM operation: GenCollectForAllocation
Event: 7833.077 Executing VM operation: GenCollectForAllocation done
Event: 7833.358 Executing VM operation: GenCollectForAllocation
Event: 7833.359 Executing VM operation: GenCollectForAllocation done
Event: 8433.076 Executing VM operation: GenCollectForAllocation
Event: 8433.078 Executing VM operation: GenCollectForAllocation done

Events (20 events):
Event: 3073.162 loading class java/time/zone/ZoneOffsetTransition
Event: 3073.168 loading class java/time/zone/ZoneOffsetTransition done
Event: 3073.461 loading class java/nio/file/InvalidPathException
Event: 3073.461 loading class java/nio/file/InvalidPathException done
Event: 3073.461 loading class java/nio/file/Path$1
Event: 3073.461 loading class java/nio/file/Path$1 done
Event: 3074.047 loading class java/util/ArrayList$ListItr
Event: 3074.047 loading class java/util/ArrayList$ListItr done
Event: 3074.665 loading class sun/nio/cs/ISO_8859_1$Encoder
Event: 3074.671 loading class sun/nio/cs/ISO_8859_1$Encoder done
Event: 3074.757 loading class java/util/concurrent/ArrayBlockingQueue
Event: 3074.760 loading class java/util/concurrent/ArrayBlockingQueue done
Event: 3081.547 loading class java/nio/ByteBufferAsIntBufferB
Event: 3081.547 loading class java/nio/ByteBufferAsIntBufferB done
Event: 6560.159 Thread 0x00007f97080019c0 Thread added: 0x00007f97080019c0
Event: 6560.165 Protecting memory [0x00007f975fed4000,0x00007f975fed8000] with protection modes 0
Event: 6560.248 Thread 0x00007f97101fc800 Thread added: 0x00007f97101fc800
Event: 6560.249 Protecting memory [0x00007f975d300000,0x00007f975d304000] with protection modes 0
Event: 6620.164 Thread 0x00007f9714001230 Thread exited: 0x00007f9714001230
Event: 6620.165 Thread 0x00007f97080019c0 Thread exited: 0x00007f97080019c0


Dynamic libraries:
e0000000-e12e0000 rw-p 00000000 00:00 0 
e12e0000-eaaa0000 ---p 00000000 00:00 0 
eaaa0000-ed01a000 rw-p 00000000 00:00 0 
ed01a000-100000000 ---p 00000000 00:00 0 
800000000-80044c000 rw-p 00001000 00:ea8 750274597                       /nix/store/3kwffh5z52ali43lprv3p5id9yz78xmd-temurin-jre-bin-17.0.4/lib/server/classes.jsa
80044c000-800a79000 r--p 0044d000 00:ea8 750274597                       /nix/store/3kwffh5z52ali43lprv3p5id9yz78xmd-temurin-jre-bin-17.0.4/lib/server/classes.jsa
800a79000-800c00000 ---p 00000000 00:00 0 
800c00000-800c30000 rw-p 00000000 00:00 0 
800c30000-800c70000 rw-p 00000000 00:00 0 
800c70000-800cd0000 rw-p 00000000 00:00 0 
800cd0000-800d30000 rw-p 00000000 00:00 0 
800d30000-800db0000 rw-p 00000000 00:00 0 
800db0000-800e30000 rw-p 00000000 00:00 0 
800e30000-800e50000 rw-p 00000000 00:00 0 
800e50000-800eb0000 rw-p 00000000 00:00 0 
800eb0000-8014d0000 rw-p 00000000 00:00 0 
8014d0000-801500000 ---p 00000000 00:00 0 
801500000-801590000 rw-p 00000000 00:00 0 
801590000-840c00000 ---p 00000000 00:00 0 
563e87b18000-563e87b19000 r--p 00000000 00:ea8 742149912                 /nix/store/3kwffh5z52ali43lprv3p5id9yz78xmd-temurin-jre-bin-17.0.4/bin/.java-wrapped
563e87b19000-563e87b1a000 r-xp 00001000 00:ea8 742149912                 /nix/store/3kwffh5z52ali43lprv3p5id9yz78xmd-temurin-jre-bin-17.0.4/bin/.java-wrapped
563e87b1a000-563e87b1b000 r--p 00002000 00:ea8 742149912                 /nix/store/3kwffh5z52ali43lprv3p5id9yz78xmd-temurin-jre-bin-17.0.4/bin/.java-wrapped
563e87b1b000-563e87b1c000 r--p 00002000 00:ea8 742149912                 /nix/store/3kwffh5z52ali43lprv3p5id9yz78xmd-temurin-jre-bin-17.0.4/bin/.java-wrapped
563e87b1c000-563e87b1d000 rw-p 00003000 00:ea8 742149912                 /nix/store/3kwffh5z52ali43lprv3p5id9yz78xmd-temurin-jre-bin-17.0.4/bin/.java-wrapped
563e87b1d000-563e87b1e000 rw-p 00004000 00:ea8 742149912                 /nix/store/3kwffh5z52ali43lprv3p5id9yz78xmd-temurin-jre-bin-17.0.4/bin/.java-wrapped
563e87b1e000-563e87b1f000 rw-p 00005000 00:ea8 742149912                 /nix/store/3kwffh5z52ali43lprv3p5id9yz78xmd-temurin-jre-bin-17.0.4/bin/.java-wrapped
563e890b6000-563e890d7000 rw-p 00000000 00:00 0                          [heap]
7f9700000000-7f9700171000 rw-p 00000000 00:00 0 
7f9700171000-7f9704000000 ---p 00000000 00:00 0 
7f9707569000-7f9708000000 rw-p 00000000 00:00 0 
7f9708000000-7f97081ea000 rw-p 00000000 00:00 0 
7f97081ea000-7f970c000000 ---p 00000000 00:00 0 
7f970c000000-7f970c054000 rw-p 00000000 00:00 0 
7f970c054000-7f9710000000 ---p 00000000 00:00 0 
7f9710000000-7f9710212000 rw-p 00000000 00:00 0 
7f9710212000-7f9714000000 ---p 00000000 00:00 0 
7f9714000000-7f9714100000 rw-p 00000000 00:00 0 
7f9714100000-7f9718000000 ---p 00000000 00:00 0 
7f9718000000-7f9718044000 rw-p 00000000 00:00 0 
7f9718044000-7f971c000000 ---p 00000000 00:00 0 
7f971c000000-7f971c021000 rw-p 00000000 00:00 0 
7f971c021000-7f9720000000 ---p 00000000 00:00 0 
7f9720000000-7f9720021000 rw-p 00000000 00:00 0 
7f9720021000-7f9724000000 ---p 00000000 00:00 0 
7f9724000000-7f97240d2000 rw-p 00000000 00:00 0 
7f97240d2000-7f9728000000 ---p 00000000 00:00 0 
7f9728000000-7f9728021000 rw-p 00000000 00:00 0 
7f9728021000-7f972c000000 ---p 00000000 00:00 0 
7f972c000000-7f972c021000 rw-p 00000000 00:00 0 
7f972c021000-7f9730000000 ---p 00000000 00:00 0 
7f9730000000-7f9730021000 rw-p 00000000 00:00 0 
7f9730021000-7f9734000000 ---p 00000000 00:00 0 
7f9734000000-7f9734194000 rw-p 00000000 00:00 0 
7f9734194000-7f9738000000 ---p 00000000 00:00 0 
7f9738000000-7f97388f3000 rw-p 00000000 00:00 0 
7f97388f3000-7f973c000000 ---p 00000000 00:00 0 
7f973c000000-7f973c021000 rw-p 00000000 00:00 0 
7f973c021000-7f9740000000 ---p 00000000 00:00 0 
7f9740000000-7f9740021000 rw-p 00000000 00:00 0 
7f9740021000-7f9744000000 ---p 00000000 00:00 0 
7f9744000000-7f97458d4000 rw-p 00000000 00:00 0 
7f97458d4000-7f9748000000 ---p 00000000 00:00 0 
7f9748000000-7f9748021000 rw-p 00000000 00:00 0 
7f9748021000-7f974c000000 ---p 00000000 00:00 0 
7f974c000000-7f974c045000 rw-p 00000000 00:00 0 
7f974c045000-7f9750000000 ---p 00000000 00:00 0 
7f9750000000-7f9750021000 rw-p 00000000 00:00 0 
7f9750021000-7f9754000000 ---p 00000000 00:00 0 
7f9754000000-7f9754021000 rw-p 00000000 00:00 0 
7f9754021000-7f9758000000 ---p 00000000 00:00 0 
7f9758000000-7f9758085000 rw-p 00000000 00:00 0 
7f9758085000-7f975c000000 ---p 00000000 00:00 0 
7f975c200000-7f975c426000 r-xp 00000000 00:59 398                        /tmp/libnetty_tcnative_linux_x86_646552601329096159157.so (deleted)
7f975c426000-7f975c625000 ---p 00226000 00:59 398                        /tmp/libnetty_tcnative_linux_x86_646552601329096159157.so (deleted)
7f975c625000-7f975c637000 r--p 00225000 00:59 398                        /tmp/libnetty_tcnative_linux_x86_646552601329096159157.so (deleted)
7f975c637000-7f975c638000 rw-p 00237000 00:59 398                        /tmp/libnetty_tcnative_linux_x86_646552601329096159157.so (deleted)
7f975c638000-7f975c63a000 rw-p 00000000 00:00 0 
7f975c800000-7f975cca0000 rw-p 00000000 00:00 0 
7f975cca0000-7f975d000000 ---p 00000000 00:00 0 
7f975d100000-7f975d104000 ---p 00000000 00:00 0 
7f975d104000-7f975d200000 rw-p 00000000 00:00 0 
7f975d200000-7f975d204000 ---p 00000000 00:00 0 
7f975d204000-7f975d300000 rw-p 00000000 00:00 0 
7f975d300000-7f975d304000 ---p 00000000 00:00 0 
7f975d304000-7f975d970000 rw-p 00000000 00:00 0 
7f975d970000-7f975d9f0000 rw-p 00000000 00:00 0 
7f975d9f0000-7f975dc00000 rw-p 00000000 00:00 0 
7f975dc00000-7f975dc04000 ---p 00000000 00:00 0 
7f975dc04000-7f975dd00000 rw-p 00000000 00:00 0 
7f975dd00000-7f975dd04000 ---p 00000000 00:00 0 
7f975dd04000-7f975de00000 rw-p 00000000 00:00 0 
7f975de00000-7f975de04000 ---p 00000000 00:00 0 
7f975de04000-7f975df00000 rw-p 00000000 00:00 0 
7f975df00000-7f975df04000 ---p 00000000 00:00 0 
7f975df04000-7f975e000000 rw-p 00000000 00:00 0 
7f975e000000-7f975e004000 ---p 00000000 00:00 0 
7f975e004000-7f975e100000 rw-p 00000000 00:00 0 
7f975e100000-7f975e104000 ---p 00000000 00:00 0 
7f975e104000-7f975e200000 rw-p 00000000 00:00 0 
7f975e200000-7f975e204000 ---p 00000000 00:00 0 
7f975e204000-7f975e300000 rw-p 00000000 00:00 0 
7f975e300000-7f975e304000 ---p 00000000 00:00 0 
7f975e304000-7f975ec00000 rw-p 00000000 00:00 0 
7f975ec0f000-7f975ec13000 ---p 00000000 00:00 0 
7f975ec13000-7f975ed0f000 rw-p 00000000 00:00 0 
7f975ed0f000-7f975ed13000 ---p 00000000 00:00 0 
7f975ed13000-7f975ee0f000 rw-p 00000000 00:00 0 
7f975ee0f000-7f975ee13000 ---p 00000000 00:00 0 
7f975ee13000-7f975ef0f000 rw-p 00000000 00:00 0 
7f975ef0f000-7f975ef13000 ---p 00000000 00:00 0 
7f975ef13000-7f975f00f000 rw-p 00000000 00:00 0 
7f975f00f000-7f975f013000 ---p 00000000 00:00 0 
7f975f013000-7f975f10f000 rw-p 00000000 00:00 0 
7f975f10f000-7f975f113000 ---p 00000000 00:00 0 
7f975f113000-7f975f20f000 rw-p 00000000 00:00 0 
7f975f300000-7f975f304000 ---p 00000000 00:00 0 
7f975f304000-7f975f9f0000 rw-p 00000000 00:00 0 
7f975f9f0000-7f975fc00000 rw-p 00000000 00:00 0 
7f975fcd4000-7f975fcd8000 ---p 00000000 00:00 0 
7f975fcd8000-7f975fdd4000 rw-p 00000000 00:00 0 
7f975fdd4000-7f975fdd8000 ---p 00000000 00:00 0 
7f975fdd8000-7f975fed4000 rw-p 00000000 00:00 0 
7f975fed4000-7f975fed8000 ---p 00000000 00:00 0 
7f975fed8000-7f975ffd4000 rw-p 00000000 00:00 0 
7f975ffd4000-7f9760244000 rwxp 00000000 00:00 0 
7f9760244000-7f9760563000 ---p 00000000 00:00 0 
7f9760563000-7f9760e63000 rwxp 00000000 00:00 0 
7f9760e63000-7f9767a9b000 ---p 00000000 00:00 0 
7f9767a9b000-7f9767d2b000 rwxp 00000000 00:00 0 
7f9767d2b000-7f976efd4000 ---p 00000000 00:00 0 
7f976efd4000-7f9774000000 r--s 00000000 00:ea8 750274431                 /nix/store/3kwffh5z52ali43lprv3p5id9yz78xmd-temurin-jre-bin-17.0.4/lib/modules
7f9774000000-7f9774fd4000 rw-p 00000000 00:00 0 
7f9774fd4000-7f9778000000 ---p 00000000 00:00 0 
7f9778000000-7f9778004000 ---p 00000000 00:00 0 
7f9778004000-7f9778100000 rw-p 00000000 00:00 0 
7f9778100000-7f9778104000 ---p 00000000 00:00 0 
7f9778104000-7f9778200000 rw-p 00000000 00:00 0 
7f9778200000-7f9778212000 r-xp 00000000 00:59 397                        /tmp/libnetty_transport_native_epoll_x86_6414155716934677910492.so (deleted)
7f9778212000-7f9778411000 ---p 00012000 00:59 397                        /tmp/libnetty_transport_native_epoll_x86_6414155716934677910492.so (deleted)
7f9778411000-7f9778413000 r--p 00011000 00:59 397                        /tmp/libnetty_transport_native_epoll_x86_6414155716934677910492.so (deleted)
7f9778413000-7f9778414000 rw-p 00000000 00:00 0 
7f9778500000-7f9778504000 ---p 00000000 00:00 0 
7f9778504000-7f9778600000 rw-p 00000000 00:00 0 
7f9778600000-7f9778604000 ---p 00000000 00:00 0 
7f9778604000-7f9778700000 rw-p 00000000 00:00 0 
7f9778700000-7f9778704000 ---p 00000000 00:00 0 
7f9778704000-7f97788f0000 rw-p 00000000 00:00 0 
7f97788f0000-7f9778910000 rw-p 00000000 00:00 0 
7f9778910000-7f9778930000 rw-p 00000000 00:00 0 
7f9778930000-7f9778970000 rw-p 00000000 00:00 0 
7f9778970000-7f9778af0000 rw-p 00000000 00:00 0 
7f9778af0000-7f9778bf0000 rw-p 00000000 00:00 0 
7f9778bf0000-7f9778ff0000 rw-p 00000000 00:00 0 
7f9778ff0000-7f97790f0000 rw-p 00000000 00:00 0 
7f97790f0000-7f97792f0000 rw-p 00000000 00:00 0 
7f97792f0000-7f97794f0000 rw-p 00000000 00:00 0 
7f97794f0000-7f9779510000 rw-p 00000000 00:00 0 
7f9779510000-7f9779530000 rw-p 00000000 00:00 0 
7f9779530000-7f9779570000 rw-p 00000000 00:00 0 
7f9779570000-7f97796f0000 rw-p 00000000 00:00 0 
7f97796f0000-7f9779730000 rw-p 00000000 00:00 0 
7f9779730000-7f9779770000 rw-p 00000000 00:00 0 
7f9779770000-7f9779800000 rw-p 00000000 00:00 0 
7f9779800000-7f9779803000 r-xp 00000000 00:59 389                        /tmp/jansi-2.4.0-9eb55e1b6c81115f-libjansi.so
7f9779803000-7f9779a02000 ---p 00003000 00:59 389                        /tmp/jansi-2.4.0-9eb55e1b6c81115f-libjansi.so
7f9779a02000-7f9779a03000 rw-p 00002000 00:59 389                        /tmp/jansi-2.4.0-9eb55e1b6c81115f-libjansi.so
7f9779a29000-7f9779a2a000 r--p 00000000 00:59 400                        /tmp/native-6504110459285691353.so
7f9779a2a000-7f9779a34000 r-xp 00001000 00:59 400                        /tmp/native-6504110459285691353.so
7f9779a34000-7f9779a36000 r--p 0000b000 00:59 400                        /tmp/native-6504110459285691353.so
7f9779a36000-7f9779a37000 r--p 0000c000 00:59 400                        /tmp/native-6504110459285691353.so
7f9779a37000-7f9779a38000 rw-p 0000d000 00:59 400                        /tmp/native-6504110459285691353.so
7f9779a38000-7f9779a39000 r--p 00000000 00:ea8 750274378                 /nix/store/3kwffh5z52ali43lprv3p5id9yz78xmd-temurin-jre-bin-17.0.4/lib/libextnet.so
7f9779a39000-7f9779a3a000 r-xp 00001000 00:ea8 750274378                 /nix/store/3kwffh5z52ali43lprv3p5id9yz78xmd-temurin-jre-bin-17.0.4/lib/libextnet.so
7f9779a3a000-7f9779a3b000 r--p 00002000 00:ea8 750274378                 /nix/store/3kwffh5z52ali43lprv3p5id9yz78xmd-temurin-jre-bin-17.0.4/lib/libextnet.so
7f9779a3b000-7f9779a3c000 r--p 00002000 00:ea8 750274378                 /nix/store/3kwffh5z52ali43lprv3p5id9yz78xmd-temurin-jre-bin-17.0.4/lib/libextnet.so
7f9779a3c000-7f9779a3d000 rw-p 00003000 00:ea8 750274378                 /nix/store/3kwffh5z52ali43lprv3p5id9yz78xmd-temurin-jre-bin-17.0.4/lib/libextnet.so
7f9779a3d000-7f9779a3e000 rw-p 00005000 00:ea8 750274378                 /nix/store/3kwffh5z52ali43lprv3p5id9yz78xmd-temurin-jre-bin-17.0.4/lib/libextnet.so
7f9779a3e000-7f9779a6b000 r--p 00000000 00:ea8 750274374                 /nix/store/3kwffh5z52ali43lprv3p5id9yz78xmd-temurin-jre-bin-17.0.4/lib/libawt.so
7f9779a6b000-7f9779aed000 r-xp 0002d000 00:ea8 750274374                 /nix/store/3kwffh5z52ali43lprv3p5id9yz78xmd-temurin-jre-bin-17.0.4/lib/libawt.so
7f9779aed000-7f9779afa000 r--p 000af000 00:ea8 750274374                 /nix/store/3kwffh5z52ali43lprv3p5id9yz78xmd-temurin-jre-bin-17.0.4/lib/libawt.so
7f9779afa000-7f9779afb000 r--p 000bb000 00:ea8 750274374                 /nix/store/3kwffh5z52ali43lprv3p5id9yz78xmd-temurin-jre-bin-17.0.4/lib/libawt.so
7f9779afb000-7f9779b06000 rw-p 000bc000 00:ea8 750274374                 /nix/store/3kwffh5z52ali43lprv3p5id9yz78xmd-temurin-jre-bin-17.0.4/lib/libawt.so
7f9779b06000-7f9779b2b000 rw-p 00000000 00:00 0 
7f9779b2b000-7f9779b34000 rw-p 000d5000 00:ea8 750274374                 /nix/store/3kwffh5z52ali43lprv3p5id9yz78xmd-temurin-jre-bin-17.0.4/lib/libawt.so
7f9779b34000-7f9779b38000 r--p 00000000 00:ea8 750274429                 /nix/store/3kwffh5z52ali43lprv3p5id9yz78xmd-temurin-jre-bin-17.0.4/lib/libverify.so
7f9779b38000-7f9779b3f000 r-xp 00004000 00:ea8 750274429                 /nix/store/3kwffh5z52ali43lprv3p5id9yz78xmd-temurin-jre-bin-17.0.4/lib/libverify.so
7f9779b3f000-7f9779b41000 r--p 0000b000 00:ea8 750274429                 /nix/store/3kwffh5z52ali43lprv3p5id9yz78xmd-temurin-jre-bin-17.0.4/lib/libverify.so
7f9779b41000-7f9779b43000 r--p 0000c000 00:ea8 750274429                 /nix/store/3kwffh5z52ali43lprv3p5id9yz78xmd-temurin-jre-bin-17.0.4/lib/libverify.so
7f9779b43000-7f9779b44000 rw-p 0000e000 00:ea8 750274429                 /nix/store/3kwffh5z52ali43lprv3p5id9yz78xmd-temurin-jre-bin-17.0.4/lib/libverify.so
7f9779b44000-7f9779b45000 rw-p 00010000 00:ea8 750274429                 /nix/store/3kwffh5z52ali43lprv3p5id9yz78xmd-temurin-jre-bin-17.0.4/lib/libverify.so
7f9779b45000-7f9779b49000 ---p 00000000 00:00 0 
7f9779b49000-7f9779c45000 rw-p 00000000 00:00 0 
7f9779c45000-7f9779c49000 ---p 00000000 00:00 0 
7f9779c49000-7f9779d45000 rw-p 00000000 00:00 0 
7f9779d45000-7f9779d46000 ---p 00000000 00:00 0 
7f9779d46000-7f9779e47000 rw-p 00000000 00:00 0 
7f9779e47000-7f9779e4b000 ---p 00000000 00:00 0 
7f9779e4b000-7f9779f47000 rw-p 00000000 00:00 0 
7f9779f47000-7f9779f4b000 ---p 00000000 00:00 0 
7f9779f4b000-7f977a047000 rw-p 00000000 00:00 0 
7f977a047000-7f977a04b000 ---p 00000000 00:00 0 
7f977a04b000-7f977a147000 rw-p 00000000 00:00 0 
7f977a147000-7f977a14b000 ---p 00000000 00:00 0 
7f977a14b000-7f977a247000 rw-p 00000000 00:00 0 
7f977a247000-7f977a24b000 ---p 00000000 00:00 0 
7f977a24b000-7f977a347000 rw-p 00000000 00:00 0 
7f977a347000-7f977a34b000 ---p 00000000 00:00 0 
7f977a34b000-7f977a447000 rw-p 00000000 00:00 0 
7f977a447000-7f977a44b000 ---p 00000000 00:00 0 
7f977a44b000-7f977a547000 rw-p 00000000 00:00 0 
7f977a547000-7f977a82d000 r--p 00000000 00:5f 28444448                   /usr/lib/locale/locale-archive
7f977a82d000-7f977a831000 ---p 00000000 00:00 0 
7f977a831000-7f977a92d000 rw-p 00000000 00:00 0 
7f977a92d000-7f977a931000 ---p 00000000 00:00 0 
7f977a931000-7f977aa2d000 rw-p 00000000 00:00 0 
7f977aa2d000-7f977aa2e000 ---p 00000000 00:00 0 
7f977aa2e000-7f977ab2f000 rw-p 00000000 00:00 0 
7f977ab2f000-7f977ab34000 r--p 00000000 00:ea8 750274403                 /nix/store/3kwffh5z52ali43lprv3p5id9yz78xmd-temurin-jre-bin-17.0.4/lib/libjsvml.so
7f977ab34000-7f977ab75000 r-xp 00005000 00:ea8 750274403                 /nix/store/3kwffh5z52ali43lprv3p5id9yz78xmd-temurin-jre-bin-17.0.4/lib/libjsvml.so
7f977ab75000-7f977abfe000 r--p 00046000 00:ea8 750274403                 /nix/store/3kwffh5z52ali43lprv3p5id9yz78xmd-temurin-jre-bin-17.0.4/lib/libjsvml.so
7f977abfe000-7f977abff000 r--p 000ce000 00:ea8 750274403                 /nix/store/3kwffh5z52ali43lprv3p5id9yz78xmd-temurin-jre-bin-17.0.4/lib/libjsvml.so
7f977abff000-7f977ac00000 rw-p 000cf000 00:ea8 750274403                 /nix/store/3kwffh5z52ali43lprv3p5id9yz78xmd-temurin-jre-bin-17.0.4/lib/libjsvml.so
7f977ac00000-7f977aff0000 rw-p 00000000 00:00 0 
7f977aff0000-7f977b400000 rw-p 00000000 00:00 0 
7f977b400000-7f977b401000 rw-p 00000000 00:00 0 
7f977b401000-7f977b404000 r--p 00000000 00:ea8 750274375                 /nix/store/3kwffh5z52ali43lprv3p5id9yz78xmd-temurin-jre-bin-17.0.4/lib/libawt_headless.so
7f977b404000-7f977b408000 r-xp 00003000 00:ea8 750274375                 /nix/store/3kwffh5z52ali43lprv3p5id9yz78xmd-temurin-jre-bin-17.0.4/lib/libawt_headless.so
7f977b408000-7f977b40a000 r--p 00007000 00:ea8 750274375                 /nix/store/3kwffh5z52ali43lprv3p5id9yz78xmd-temurin-jre-bin-17.0.4/lib/libawt_headless.so
7f977b40a000-7f977b40b000 r--p 00008000 00:ea8 750274375                 /nix/store/3kwffh5z52ali43lprv3p5id9yz78xmd-temurin-jre-bin-17.0.4/lib/libawt_headless.so
7f977b40b000-7f977b40c000 rw-p 00009000 00:ea8 750274375                 /nix/store/3kwffh5z52ali43lprv3p5id9yz78xmd-temurin-jre-bin-17.0.4/lib/libawt_headless.so
7f977b40c000-7f977b40e000 rw-p 0000c000 00:ea8 750274375                 /nix/store/3kwffh5z52ali43lprv3p5id9yz78xmd-temurin-jre-bin-17.0.4/lib/libawt_headless.so
7f977b40e000-7f977b410000 r--p 00000000 00:ea8 750274411                 /nix/store/3kwffh5z52ali43lprv3p5id9yz78xmd-temurin-jre-bin-17.0.4/lib/libmanagement_ext.so
7f977b410000-7f977b413000 r-xp 00002000 00:ea8 750274411                 /nix/store/3kwffh5z52ali43lprv3p5id9yz78xmd-temurin-jre-bin-17.0.4/lib/libmanagement_ext.so
7f977b413000-7f977b414000 r--p 00005000 00:ea8 750274411                 /nix/store/3kwffh5z52ali43lprv3p5id9yz78xmd-temurin-jre-bin-17.0.4/lib/libmanagement_ext.so
7f977b414000-7f977b415000 ---p 00006000 00:ea8 750274411                 /nix/store/3kwffh5z52ali43lprv3p5id9yz78xmd-temurin-jre-bin-17.0.4/lib/libmanagement_ext.so
7f977b415000-7f977b416000 r--p 00006000 00:ea8 750274411                 /nix/store/3kwffh5z52ali43lprv3p5id9yz78xmd-temurin-jre-bin-17.0.4/lib/libmanagement_ext.so
7f977b416000-7f977b417000 rw-p 00007000 00:ea8 750274411                 /nix/store/3kwffh5z52ali43lprv3p5id9yz78xmd-temurin-jre-bin-17.0.4/lib/libmanagement_ext.so
7f977b417000-7f977b418000 rw-p 0000a000 00:ea8 750274411                 /nix/store/3kwffh5z52ali43lprv3p5id9yz78xmd-temurin-jre-bin-17.0.4/lib/libmanagement_ext.so
7f977b418000-7f977b41b000 r--p 00000000 00:ea8 750274409                 /nix/store/3kwffh5z52ali43lprv3p5id9yz78xmd-temurin-jre-bin-17.0.4/lib/libmanagement.so
7f977b41b000-7f977b41c000 r-xp 00003000 00:ea8 750274409                 /nix/store/3kwffh5z52ali43lprv3p5id9yz78xmd-temurin-jre-bin-17.0.4/lib/libmanagement.so
7f977b41c000-7f977b41d000 r--p 00004000 00:ea8 750274409                 /nix/store/3kwffh5z52ali43lprv3p5id9yz78xmd-temurin-jre-bin-17.0.4/lib/libmanagement.so
7f977b41d000-7f977b41e000 r--p 00004000 00:ea8 750274409                 /nix/store/3kwffh5z52ali43lprv3p5id9yz78xmd-temurin-jre-bin-17.0.4/lib/libmanagement.so
7f977b41e000-7f977b41f000 rw-p 00005000 00:ea8 750274409                 /nix/store/3kwffh5z52ali43lprv3p5id9yz78xmd-temurin-jre-bin-17.0.4/lib/libmanagement.so
7f977b41f000-7f977b421000 rw-p 00008000 00:ea8 750274409                 /nix/store/3kwffh5z52ali43lprv3p5id9yz78xmd-temurin-jre-bin-17.0.4/lib/libmanagement.so
7f977b421000-7f977b423000 r--p 00000000 00:ea8 750274430                 /nix/store/3kwffh5z52ali43lprv3p5id9yz78xmd-temurin-jre-bin-17.0.4/lib/libzip.so
7f977b423000-7f977b427000 r-xp 00002000 00:ea8 750274430                 /nix/store/3kwffh5z52ali43lprv3p5id9yz78xmd-temurin-jre-bin-17.0.4/lib/libzip.so
7f977b427000-7f977b429000 r--p 00006000 00:ea8 750274430                 /nix/store/3kwffh5z52ali43lprv3p5id9yz78xmd-temurin-jre-bin-17.0.4/lib/libzip.so
7f977b429000-7f977b42a000 r--p 00007000 00:ea8 750274430                 /nix/store/3kwffh5z52ali43lprv3p5id9yz78xmd-temurin-jre-bin-17.0.4/lib/libzip.so
7f977b42a000-7f977b42b000 rw-p 00008000 00:ea8 750274430                 /nix/store/3kwffh5z52ali43lprv3p5id9yz78xmd-temurin-jre-bin-17.0.4/lib/libzip.so
7f977b42b000-7f977b42c000 rw-p 0000b000 00:ea8 750274430                 /nix/store/3kwffh5z52ali43lprv3p5id9yz78xmd-temurin-jre-bin-17.0.4/lib/libzip.so
7f977b42c000-7f977b430000 r--p 00000000 00:ea8 750274422                 /nix/store/3kwffh5z52ali43lprv3p5id9yz78xmd-temurin-jre-bin-17.0.4/lib/libnet.so
7f977b430000-7f977b43e000 r-xp 00004000 00:ea8 750274422                 /nix/store/3kwffh5z52ali43lprv3p5id9yz78xmd-temurin-jre-bin-17.0.4/lib/libnet.so
7f977b43e000-7f977b442000 r--p 00012000 00:ea8 750274422                 /nix/store/3kwffh5z52ali43lprv3p5id9yz78xmd-temurin-jre-bin-17.0.4/lib/libnet.so
7f977b442000-7f977b443000 r--p 00015000 00:ea8 750274422                 /nix/store/3kwffh5z52ali43lprv3p5id9yz78xmd-temurin-jre-bin-17.0.4/lib/libnet.so
7f977b443000-7f977b444000 rw-p 00016000 00:ea8 750274422                 /nix/store/3kwffh5z52ali43lprv3p5id9yz78xmd-temurin-jre-bin-17.0.4/lib/libnet.so
7f977b444000-7f977b446000 rw-p 0001b000 00:ea8 750274422                 /nix/store/3kwffh5z52ali43lprv3p5id9yz78xmd-temurin-jre-bin-17.0.4/lib/libnet.so
7f977b446000-7f977b44d000 r--p 00000000 00:ea8 750274423                 /nix/store/3kwffh5z52ali43lprv3p5id9yz78xmd-temurin-jre-bin-17.0.4/lib/libnio.so
7f977b44d000-7f977b456000 r-xp 00007000 00:ea8 750274423                 /nix/store/3kwffh5z52ali43lprv3p5id9yz78xmd-temurin-jre-bin-17.0.4/lib/libnio.so
7f977b456000-7f977b45a000 r--p 00010000 00:ea8 750274423                 /nix/store/3kwffh5z52ali43lprv3p5id9yz78xmd-temurin-jre-bin-17.0.4/lib/libnio.so
7f977b45a000-7f977b45b000 ---p 00014000 00:ea8 750274423                 /nix/store/3kwffh5z52ali43lprv3p5id9yz78xmd-temurin-jre-bin-17.0.4/lib/libnio.so
7f977b45b000-7f977b45c000 r--p 00014000 00:ea8 750274423                 /nix/store/3kwffh5z52ali43lprv3p5id9yz78xmd-temurin-jre-bin-17.0.4/lib/libnio.so
7f977b45c000-7f977b45d000 rw-p 00015000 00:ea8 750274423                 /nix/store/3kwffh5z52ali43lprv3p5id9yz78xmd-temurin-jre-bin-17.0.4/lib/libnio.so
7f977b45d000-7f977b461000 rw-p 0001b000 00:ea8 750274423                 /nix/store/3kwffh5z52ali43lprv3p5id9yz78xmd-temurin-jre-bin-17.0.4/lib/libnio.so
7f977b461000-7f977b591000 rw-p 00000000 00:00 0 
7f977b591000-7f977b629000 ---p 00000000 00:00 0 
7f977b629000-7f977b633000 rw-p 00000000 00:00 0 
7f977b633000-7f977b67e000 ---p 00000000 00:00 0 
7f977b67e000-7f977b692000 rw-p 00000000 00:00 0 
7f977b692000-7f977b729000 ---p 00000000 00:00 0 
7f977b729000-7f977b730000 rw-p 00000000 00:00 0 
7f977b730000-7f977b815000 ---p 00000000 00:00 0 
7f977b815000-7f977b827000 rw-p 00000000 00:00 0 
7f977b827000-7f977b900000 ---p 00000000 00:00 0 
7f977b900000-7f977b905000 rw-p 00000000 00:00 0 
7f977b905000-7f977b90c000 ---p 00000000 00:00 0 
7f977b90c000-7f977b919000 r--p 00000000 00:ea8 750274395                 /nix/store/3kwffh5z52ali43lprv3p5id9yz78xmd-temurin-jre-bin-17.0.4/lib/libjava.so
7f977b919000-7f977b92b000 r-xp 0000d000 00:ea8 750274395                 /nix/store/3kwffh5z52ali43lprv3p5id9yz78xmd-temurin-jre-bin-17.0.4/lib/libjava.so
7f977b92b000-7f977b931000 r--p 0001f000 00:ea8 750274395                 /nix/store/3kwffh5z52ali43lprv3p5id9yz78xmd-temurin-jre-bin-17.0.4/lib/libjava.so
7f977b931000-7f977b932000 ---p 00025000 00:ea8 750274395                 /nix/store/3kwffh5z52ali43lprv3p5id9yz78xmd-temurin-jre-bin-17.0.4/lib/libjava.so
7f977b932000-7f977b933000 r--p 00025000 00:ea8 750274395                 /nix/store/3kwffh5z52ali43lprv3p5id9yz78xmd-temurin-jre-bin-17.0.4/lib/libjava.so
7f977b933000-7f977b934000 rw-p 00026000 00:ea8 750274395                 /nix/store/3kwffh5z52ali43lprv3p5id9yz78xmd-temurin-jre-bin-17.0.4/lib/libjava.so
7f977b934000-7f977b935000 rw-p 00000000 00:00 0 
7f977b935000-7f977b93a000 rw-p 00031000 00:ea8 750274395                 /nix/store/3kwffh5z52ali43lprv3p5id9yz78xmd-temurin-jre-bin-17.0.4/lib/libjava.so
7f977b93a000-7f977b942000 rw-s 00000000 00:59 387                        /tmp/hsperfdata_runner/77
7f977b942000-7f977b943000 ---p 00000000 00:00 0 
7f977b943000-7f977b944000 r--p 00000000 00:00 0 
7f977b944000-7f977b945000 ---p 00000000 00:00 0 
7f977b945000-7f977b949000 r--p 00000000 00:ea8 750274399                 /nix/store/3kwffh5z52ali43lprv3p5id9yz78xmd-temurin-jre-bin-17.0.4/lib/libjimage.so
7f977b949000-7f977b95c000 r-xp 00004000 00:ea8 750274399                 /nix/store/3kwffh5z52ali43lprv3p5id9yz78xmd-temurin-jre-bin-17.0.4/lib/libjimage.so
7f977b95c000-7f977b962000 r--p 00017000 00:ea8 750274399                 /nix/store/3kwffh5z52ali43lprv3p5id9yz78xmd-temurin-jre-bin-17.0.4/lib/libjimage.so
7f977b962000-7f977b964000 r--p 0001c000 00:ea8 750274399                 /nix/store/3kwffh5z52ali43lprv3p5id9yz78xmd-temurin-jre-bin-17.0.4/lib/libjimage.so
7f977b964000-7f977b965000 rw-p 0001e000 00:ea8 750274399                 /nix/store/3kwffh5z52ali43lprv3p5id9yz78xmd-temurin-jre-bin-17.0.4/lib/libjimage.so
7f977b965000-7f977b966000 rw-p 00025000 00:ea8 750274399                 /nix/store/3kwffh5z52ali43lprv3p5id9yz78xmd-temurin-jre-bin-17.0.4/lib/libjimage.so
7f977b966000-7f977b96a000 ---p 00000000 00:00 0 
7f977b96a000-7f977ba66000 rw-p 00000000 00:00 0 
7f977ba66000-7f977ba74000 r--p 00000000 00:ea8 600592023                 /nix/store/4nlgxhb09sdr51nc9hdm8az5b08vzkgx-glibc-2.35-163/lib/libm.so.6
7f977ba74000-7f977bae7000 r-xp 0000e000 00:ea8 600592023                 /nix/store/4nlgxhb09sdr51nc9hdm8az5b08vzkgx-glibc-2.35-163/lib/libm.so.6
7f977bae7000-7f977bb44000 r--p 00081000 00:ea8 600592023                 /nix/store/4nlgxhb09sdr51nc9hdm8az5b08vzkgx-glibc-2.35-163/lib/libm.so.6
7f977bb44000-7f977bb45000 r--p 000dd000 00:ea8 600592023                 /nix/store/4nlgxhb09sdr51nc9hdm8az5b08vzkgx-glibc-2.35-163/lib/libm.so.6
7f977bb45000-7f977bb46000 rw-p 000de000 00:ea8 600592023                 /nix/store/4nlgxhb09sdr51nc9hdm8az5b08vzkgx-glibc-2.35-163/lib/libm.so.6
7f977bb46000-7f977bb47000 r--p 00000000 00:ea8 600592042                 /nix/store/4nlgxhb09sdr51nc9hdm8az5b08vzkgx-glibc-2.35-163/lib/librt.so.1
7f977bb47000-7f977bb48000 r-xp 00001000 00:ea8 600592042                 /nix/store/4nlgxhb09sdr51nc9hdm8az5b08vzkgx-glibc-2.35-163/lib/librt.so.1
7f977bb48000-7f977bb49000 r--p 00002000 00:ea8 600592042                 /nix/store/4nlgxhb09sdr51nc9hdm8az5b08vzkgx-glibc-2.35-163/lib/librt.so.1
7f977bb49000-7f977bb4a000 r--p 00002000 00:ea8 600592042                 /nix/store/4nlgxhb09sdr51nc9hdm8az5b08vzkgx-glibc-2.35-163/lib/librt.so.1
7f977bb4a000-7f977bb4b000 rw-p 00003000 00:ea8 600592042                 /nix/store/4nlgxhb09sdr51nc9hdm8az5b08vzkgx-glibc-2.35-163/lib/librt.so.1
7f977bb4b000-7f977bd9c000 r--p 00000000 00:ea8 750274682                 /nix/store/3kwffh5z52ali43lprv3p5id9yz78xmd-temurin-jre-bin-17.0.4/lib/server/libjvm.so
7f977bd9c000-7f977cab5000 r-xp 00251000 00:ea8 750274682                 /nix/store/3kwffh5z52ali43lprv3p5id9yz78xmd-temurin-jre-bin-17.0.4/lib/server/libjvm.so
7f977cab5000-7f977cd40000 r--p 00f6a000 00:ea8 750274682                 /nix/store/3kwffh5z52ali43lprv3p5id9yz78xmd-temurin-jre-bin-17.0.4/lib/server/libjvm.so
7f977cd40000-7f977cdf9000 r--p 011f4000 00:ea8 750274682                 /nix/store/3kwffh5z52ali43lprv3p5id9yz78xmd-temurin-jre-bin-17.0.4/lib/server/libjvm.so
7f977cdf9000-7f977ce2e000 rw-p 012ad000 00:ea8 750274682                 /nix/store/3kwffh5z52ali43lprv3p5id9yz78xmd-temurin-jre-bin-17.0.4/lib/server/libjvm.so
7f977ce2e000-7f977ce8a000 rw-p 00000000 00:00 0 
7f977ce8a000-7f977ceb2000 r--p 00000000 00:ea8 600592014                 /nix/store/4nlgxhb09sdr51nc9hdm8az5b08vzkgx-glibc-2.35-163/lib/libc.so.6
7f977ceb2000-7f977d028000 r-xp 00028000 00:ea8 600592014                 /nix/store/4nlgxhb09sdr51nc9hdm8az5b08vzkgx-glibc-2.35-163/lib/libc.so.6
7f977d028000-7f977d080000 r--p 0019e000 00:ea8 600592014                 /nix/store/4nlgxhb09sdr51nc9hdm8az5b08vzkgx-glibc-2.35-163/lib/libc.so.6
7f977d080000-7f977d084000 r--p 001f6000 00:ea8 600592014                 /nix/store/4nlgxhb09sdr51nc9hdm8az5b08vzkgx-glibc-2.35-163/lib/libc.so.6
7f977d084000-7f977d086000 rw-p 001fa000 00:ea8 600592014                 /nix/store/4nlgxhb09sdr51nc9hdm8az5b08vzkgx-glibc-2.35-163/lib/libc.so.6
7f977d086000-7f977d095000 rw-p 00000000 00:00 0 
7f977d095000-7f977d096000 r--p 00000000 00:ea8 600592019                 /nix/store/4nlgxhb09sdr51nc9hdm8az5b08vzkgx-glibc-2.35-163/lib/libdl.so.2
7f977d096000-7f977d097000 r-xp 00001000 00:ea8 600592019                 /nix/store/4nlgxhb09sdr51nc9hdm8az5b08vzkgx-glibc-2.35-163/lib/libdl.so.2
7f977d097000-7f977d098000 r--p 00002000 00:ea8 600592019                 /nix/store/4nlgxhb09sdr51nc9hdm8az5b08vzkgx-glibc-2.35-163/lib/libdl.so.2
7f977d098000-7f977d099000 r--p 00002000 00:ea8 600592019                 /nix/store/4nlgxhb09sdr51nc9hdm8az5b08vzkgx-glibc-2.35-163/lib/libdl.so.2
7f977d099000-7f977d09a000 rw-p 00003000 00:ea8 600592019                 /nix/store/4nlgxhb09sdr51nc9hdm8az5b08vzkgx-glibc-2.35-163/lib/libdl.so.2
7f977d09a000-7f977d09b000 r--p 00000000 00:ea8 600592038                 /nix/store/4nlgxhb09sdr51nc9hdm8az5b08vzkgx-glibc-2.35-163/lib/libpthread.so.0
7f977d09b000-7f977d09c000 r-xp 00001000 00:ea8 600592038                 /nix/store/4nlgxhb09sdr51nc9hdm8az5b08vzkgx-glibc-2.35-163/lib/libpthread.so.0
7f977d09c000-7f977d09d000 r--p 00002000 00:ea8 600592038                 /nix/store/4nlgxhb09sdr51nc9hdm8az5b08vzkgx-glibc-2.35-163/lib/libpthread.so.0
7f977d09d000-7f977d09e000 r--p 00002000 00:ea8 600592038                 /nix/store/4nlgxhb09sdr51nc9hdm8az5b08vzkgx-glibc-2.35-163/lib/libpthread.so.0
7f977d09e000-7f977d09f000 rw-p 00003000 00:ea8 600592038                 /nix/store/4nlgxhb09sdr51nc9hdm8az5b08vzkgx-glibc-2.35-163/lib/libpthread.so.0
7f977d09f000-7f977d0a2000 r--p 00000000 00:ea8 750274400                 /nix/store/3kwffh5z52ali43lprv3p5id9yz78xmd-temurin-jre-bin-17.0.4/lib/libjli.so
7f977d0a2000-7f977d0ac000 r-xp 00003000 00:ea8 750274400                 /nix/store/3kwffh5z52ali43lprv3p5id9yz78xmd-temurin-jre-bin-17.0.4/lib/libjli.so
7f977d0ac000-7f977d0af000 r--p 0000d000 00:ea8 750274400                 /nix/store/3kwffh5z52ali43lprv3p5id9yz78xmd-temurin-jre-bin-17.0.4/lib/libjli.so
7f977d0af000-7f977d0b0000 ---p 00010000 00:ea8 750274400                 /nix/store/3kwffh5z52ali43lprv3p5id9yz78xmd-temurin-jre-bin-17.0.4/lib/libjli.so
7f977d0b0000-7f977d0b1000 r--p 00010000 00:ea8 750274400                 /nix/store/3kwffh5z52ali43lprv3p5id9yz78xmd-temurin-jre-bin-17.0.4/lib/libjli.so
7f977d0b1000-7f977d0b2000 rw-p 00011000 00:ea8 750274400                 /nix/store/3kwffh5z52ali43lprv3p5id9yz78xmd-temurin-jre-bin-17.0.4/lib/libjli.so
7f977d0b2000-7f977d0b3000 rw-p 00014000 00:ea8 750274400                 /nix/store/3kwffh5z52ali43lprv3p5id9yz78xmd-temurin-jre-bin-17.0.4/lib/libjli.so
7f977d0b3000-7f977d0b6000 r--p 00000000 00:ea8 678822167                 /nix/store/026hln0aq1hyshaxsdvhg0kmcm6yf45r-zlib-1.2.13/lib/libz.so.1.2.13
7f977d0b6000-7f977d0c8000 r-xp 00003000 00:ea8 678822167                 /nix/store/026hln0aq1hyshaxsdvhg0kmcm6yf45r-zlib-1.2.13/lib/libz.so.1.2.13
7f977d0c8000-7f977d0cf000 r--p 00015000 00:ea8 678822167                 /nix/store/026hln0aq1hyshaxsdvhg0kmcm6yf45r-zlib-1.2.13/lib/libz.so.1.2.13
7f977d0cf000-7f977d0d0000 r--p 0001b000 00:ea8 678822167                 /nix/store/026hln0aq1hyshaxsdvhg0kmcm6yf45r-zlib-1.2.13/lib/libz.so.1.2.13
7f977d0d0000-7f977d0d1000 rw-p 0001c000 00:ea8 678822167                 /nix/store/026hln0aq1hyshaxsdvhg0kmcm6yf45r-zlib-1.2.13/lib/libz.so.1.2.13
7f977d0d1000-7f977d0d3000 rw-p 00000000 00:00 0 
7f977d0d3000-7f977d0d5000 r--p 00000000 00:ea8 600592008                 /nix/store/4nlgxhb09sdr51nc9hdm8az5b08vzkgx-glibc-2.35-163/lib/ld-linux-x86-64.so.2
7f977d0d5000-7f977d0fc000 r-xp 00002000 00:ea8 600592008                 /nix/store/4nlgxhb09sdr51nc9hdm8az5b08vzkgx-glibc-2.35-163/lib/ld-linux-x86-64.so.2
7f977d0fc000-7f977d108000 r--p 00029000 00:ea8 600592008                 /nix/store/4nlgxhb09sdr51nc9hdm8az5b08vzkgx-glibc-2.35-163/lib/ld-linux-x86-64.so.2
7f977d108000-7f977d10a000 r--p 00034000 00:ea8 600592008                 /nix/store/4nlgxhb09sdr51nc9hdm8az5b08vzkgx-glibc-2.35-163/lib/ld-linux-x86-64.so.2
7f977d10a000-7f977d10c000 rw-p 00036000 00:ea8 600592008                 /nix/store/4nlgxhb09sdr51nc9hdm8az5b08vzkgx-glibc-2.35-163/lib/ld-linux-x86-64.so.2
7fff717de000-7fff71803000 rw-p 00000000 00:00 0                          [stack]
7fff718af000-7fff718b3000 r--p 00000000 00:00 0                          [vvar]
7fff718b3000-7fff718b5000 r-xp 00000000 00:00 0                          [vdso]
ffffffffff600000-ffffffffff601000 --xp 00000000 00:00 0                  [vsyscall]


VM Arguments:
jvm_args: -Xmx512M 
java_command: viaaas.jar -host=127.0.0.1 -port=8082
java_class_path (initial): viaaas.jar
Launcher Type: SUN_STANDARD

[Global flags]
     intx CICompilerCount                          = 2                                         {product} {ergonomic}
   size_t InitialHeapSize                          = 16777216                                  {product} {ergonomic}
   size_t MaxHeapSize                              = 536870912                                 {product} {command line}
   size_t MaxNewSize                               = 178913280                                 {product} {ergonomic}
   size_t MinHeapDeltaBytes                        = 196608                                    {product} {ergonomic}
   size_t MinHeapSize                              = 8388608                                   {product} {ergonomic}
   size_t NewSize                                  = 5570560                                   {product} {ergonomic}
    uintx NonNMethodCodeHeapSize                   = 5826188                                {pd product} {ergonomic}
    uintx NonProfiledCodeHeapSize                  = 122916026                              {pd product} {ergonomic}
   size_t OldSize                                  = 11206656                                  {product} {ergonomic}
    uintx ProfiledCodeHeapSize                     = 122916026                              {pd product} {ergonomic}
    uintx ReservedCodeCacheSize                    = 251658240                              {pd product} {ergonomic}
     bool SegmentedCodeCache                       = true                                      {product} {ergonomic}
   size_t SoftMaxHeapSize                          = 536870912                              {manageable} {ergonomic}
     bool UseCompressedClassPointers               = true                           {product lp64_product} {ergonomic}
     bool UseCompressedOops                        = true                           {product lp64_product} {ergonomic}
     bool UseSerialGC                              = true                                      {product} {ergonomic}

Logging:
Log output configuration:
 #0: stdout all=warning uptime,level,tags
 #1: stderr all=off uptime,level,tags

Environment Variables:
JAVA_HOME=/nix/store/3kwffh5z52ali43lprv3p5id9yz78xmd-temurin-jre-bin-17.0.4
PATH=/nix/store/bap4d0lpcrhpwmpb8ayjcgkmvfj62lnq-bash-interactive-5.1-p16/bin:/nix/store/pr5n59mb4jzmfx6kanwxly0l07p861fg-patchelf-0.15.0/bin:/nix/store/dq0xwmsk1g0i2ayg6pb7y87na2knzylh-gcc-wrapper-11.3.0/bin:/nix/store/1gf2flfqnpqbr1b4p4qz2f72y42bs56r-gcc-11.3.0/bin:/nix/store/57xv61c5zi8pphjbcwxxjlgc34p61ic9-glibc-2.35-163-bin/bin:/nix/store/a7gvj343m05j2s32xcnwr35v31ynlypr-coreutils-9.1/bin:/nix/store/1d6ian3r8kdzspw8hacjhl3xkp40g1lj-binutils-wrapper-2.39/bin:/nix/store/039g378vc3pc3dvi9dzdlrd0i4q93qwf-binutils-2.39/bin:/nix/store/3kwffh5z52ali43lprv3p5id9yz78xmd-temurin-jre-bin-17.0.4/bin:/nix/store/0fgp7sw4fx661h5pqq0za613nalyndd2-temurin-bin-8.0.345/bin:/nix/store/kblplvpffcfn0zprj80vh41xchjx4jag-wget-1.21.3/bin:/nix/store/hl5lsmyf6alwj91nv8kmg2iz1lbnxym9-curl-7.86.0-dev/bin:/nix/store/39m0xn31z7n44wflfxqq7fbjh1ik6xq7-brotli-1.0.9/bin:/nix/store/0lm4ygslgn65xi9pkw2kw29qiqqd80hz-libkrb5-1.20-dev/bin:/nix/store/r7gl900my2fw6k33nxh2r7rzv8nv0s25-libkrb5-1.20/bin:/nix/store/n8jl8q7kk4a03n4gjiymy4y4hpcp2apm-nghttp2-1.49.0-bin/bin:/nix/store/hfkdbq95wsm9a0zf2hz51ads25h657hx-libidn2-2.3.2-bin/bin:/nix/store/fq47cv26nb87hwz2678r6i8ym5b57lwf-openssl-3.0.7-bin/bin:/nix/store/mb0pcxkmrg0f6k0zaywlnvpk9q3j5ans-zstd-1.5.2-bin/bin:/nix/store/w10in9diaqrcqqxi5lg20n3q2jfpk6pq-zstd-1.5.2/bin:/nix/store/52fbv6j49khca4cfvwm35fqd984w2520-curl-7.86.0-bin/bin:/nix/store/2gz75dsr0winhrzlfzbmllx8v94q6wim-jq-1.6-bin/bin:/nix/store/iafr186362a2gbisc390flj9nh5250f2-tmux-3.3a/bin:/nix/store/dj805sw07vvpbxx39c8g67x8qddg0ikw-nodejs-18.12.1/bin:/nix/store/mydc6f4k2z73xlcz7ilif3v2lcaiqvza-findutils-4.9.0/bin:/nix/store/j9p3g8472iijd50vhdprx0nmk2fqn5gv-diffutils-3.8/bin:/nix/store/89zs7rms6x00xfq4dq6m7mjnhkr8a6r4-gnused-4.8/bin:/nix/store/86bp03jkmsl6f92w0yzg4s59g5mhxwmy-gnugrep-3.7/bin:/nix/store/hwcdqw4jrjnd37wxqgsd47hd0j8bnj09-gawk-5.1.1/bin:/nix/store/cfbhw8r8ags41vwqaz47r583d0p4h4a1-gnutar-1.34/bin:/nix/store/p3m1ndl1lapwrlh698bnb5lvvxh67378-gzip-1.12/bin:/nix/store/a8mhcagrsly7c7mpjrpsnaahk4
LD_LIBRARY_PATH=/nix/store/a4pff549sk2idnkpzk5nsfps3mdkdnvm-cups-2.4.2-lib/lib:/nix/store/72mqxxhh3cy5yifh92wh2yb8cl2hikyy-cairo-1.16.0/lib:/nix/store/2k366jrbsra97gjfxwvrhvixjfxdach5-glib-2.74.1/lib:/nix/store/2j2znigd8ak37rlwh9khz0ry3clqlw1l-gtk+3-3.24.34/lib:/nix/store/hisqvx32cd57apbpcsnkpx6k3549wql1-libglvnd-1.4.0/lib:/nix/store/p36pgcv991mq5srvg765b78yqpxvk3qs-mesa-21.3.3-drivers/lib:/nix/store/mav4251if1ahjq5vkpwycyyvnmy459c4-pulseaudio-14.2/lib
LANG=en_US.UTF-8
TERM=xterm-256color

Signal Handlers:
   SIGSEGV: crash_handler in libjvm.so, mask=11100100010111111101111111111110, flags=SA_RESTART|SA_SIGINFO
    SIGBUS: crash_handler in libjvm.so, mask=11100100010111111101111111111110, flags=SA_RESTART|SA_SIGINFO
    SIGFPE: crash_handler in libjvm.so, mask=11100100010111111101111111111110, flags=SA_RESTART|SA_SIGINFO
   SIGPIPE: javaSignalHandler in libjvm.so, mask=11100100010111111101111111111110, flags=SA_RESTART|SA_SIGINFO
   SIGXFSZ: javaSignalHandler in libjvm.so, mask=11100100010111111101111111111110, flags=SA_RESTART|SA_SIGINFO
    SIGILL: crash_handler in libjvm.so, mask=11100100010111111101111111111110, flags=SA_RESTART|SA_SIGINFO
   SIGUSR2: SR_handler in libjvm.so, mask=00000000000000000000000000000000, flags=SA_RESTART|SA_SIGINFO
    SIGHUP: UserHandler in libjvm.so, mask=11100100010111111101111111111110, flags=SA_RESTART|SA_SIGINFO
    SIGINT: UserHandler in libjvm.so, mask=11100100010111111101111111111110, flags=SA_RESTART|SA_SIGINFO
   SIGTERM: UserHandler in libjvm.so, mask=11100100010111111101111111111110, flags=SA_RESTART|SA_SIGINFO
   SIGQUIT: UserHandler in libjvm.so, mask=11100100010111111101111111111110, flags=SA_RESTART|SA_SIGINFO
  *** Handler was modified!
  *** Expected: javaSignalHandler in libjvm.so, mask=11100100110111111111111111111110, flags=SA_RESTART|SA_SIGINFO
   SIGTRAP: crash_handler in libjvm.so, mask=11100100010111111101111111111110, flags=SA_RESTART|SA_SIGINFO


---------------  S Y S T E M  ---------------

OS:
DISTRIB_ID=Ubuntu
DISTRIB_RELEASE=20.04
DISTRIB_CODENAME=focal
DISTRIB_DESCRIPTION="Ubuntu 20.04.2 LTS"
uname: Linux 6.2.0-1018-gcp #20~22.04.1-Ubuntu SMP Mon Oct 23 12:29:43 UTC 2023 x86_64
OS uptime: 0 days 8:48 hours
libc: glibc 2.35 NPTL 2.35 
rlimit (soft/hard): STACK 8192k/infinity , CORE infinity/infinity , NPROC infinity/infinity , NOFILE 5242/5242 , AS infinity/infinity , CPU infinity/infinity , DATA infinity/infinity , FSIZE infinity/infinity , MEMLOCK 8192k/8192k
load average: 9.28 9.48 8.76

/proc/meminfo:
MemTotal:       32855980 kB
MemFree:         1964888 kB
MemAvailable:   20020308 kB
Buffers:         1722580 kB
Cached:         15070756 kB
SwapCached:            0 kB
Active:          7834936 kB
Inactive:       20558940 kB
Active(anon):      10372 kB
Inactive(anon): 10867108 kB
Active(file):    7824564 kB
Inactive(file):  9691832 kB
Unevictable:       27972 kB
Mlocked:           27972 kB
SwapTotal:             0 kB
SwapFree:              0 kB
Zswap:                 0 kB
Zswapped:              0 kB
Dirty:              5496 kB
Writeback:           176 kB
AnonPages:      11598664 kB
Mapped:          2084372 kB
Shmem:             43936 kB
KReclaimable:    1070252 kB
Slab:            1725864 kB
SReclaimable:    1070252 kB
SUnreclaim:       655612 kB
KernelStack:      162720 kB
PageTables:       275708 kB
SecPageTables:         0 kB
NFS_Unstable:          0 kB
Bounce:                0 kB
WritebackTmp:          0 kB
CommitLimit:    16427988 kB
Committed_AS:   52782364 kB
VmallocTotal:   34359738367 kB
VmallocUsed:      191904 kB
VmallocChunk:          0 kB
Percpu:            18976 kB
HardwareCorrupted:     0 kB
AnonHugePages:    557056 kB
ShmemHugePages:        0 kB
ShmemPmdMapped:        0 kB
FileHugePages:         0 kB
FilePmdMapped:         0 kB
HugePages_Total:       0
HugePages_Free:        0
HugePages_Rsvd:        0
HugePages_Surp:        0
Hugepagesize:       2048 kB
Hugetlb:               0 kB
DirectMap4k:      412472 kB
DirectMap2M:    22652928 kB
DirectMap1G:    12582912 kB

/sys/kernel/mm/transparent_hugepage/enabled: always [madvise] never
/sys/kernel/mm/transparent_hugepage/defrag (defrag/compaction efforts parameter): always defer defer+madvise [madvise] never

Process Memory:
Virtual Size: 3572008K (peak: 3582312K)
Resident Set Size: 230328K (peak: 232244K) (anon: 200376K, file: 29952K, shmem: 0K)
Swapped out: 0K
C-Heap outstanding allocations: 36665K, retained: 30875K
glibc malloc tunables: (default)

/proc/sys/kernel/threads-max (system-wide limit on the number of threads): 256622
/proc/sys/vm/max_map_count (maximum number of memory map areas a process may have): 65530
/proc/sys/kernel/pid_max (system-wide limit on number of process identifiers): 4194304

container (cgroup) information:
container_type: cgroupv2
cpu_cpuset_cpus: not supported
cpu_memory_nodes: not supported
active_processor_count: 1
cpu_quota: 30000
cpu_period: 100000
cpu_shares: no shares
memory_limit_in_bytes: 1048576 k
memory_and_swap_limit_in_bytes: unlimited
memory_soft_limit_in_bytes: 524288 k
memory_usage_in_bytes: 531284 k
memory_max_usage_in_bytes: not supported
maximum number of tasks: not supported
current number of tasks: not supported

KVM virtualization detected
Steal ticks since vm start: 0
Steal ticks percentage since vm start:  0.000

CPU: total 4 (initial active 1) (4 cores per cpu, 2 threads per core) family 23 model 49 stepping 0 microcode 0xffffffff, cx8, cmov, fxsr, ht, mmx, 3dnowpref, sse, sse2, sse3, ssse3, sse4a, sse4.1, sse4.2, popcnt, lzcnt, tsc, tscinvbit, avx, avx2, aes, clmul, bmi1, bmi2, adx, sha, fma, vzeroupper, clflush, clflushopt, hv
CPU Model and flags from /proc/cpuinfo:
model name	: AMD EPYC 7B12
flags		: fpu vme de pse tsc msr pae mce cx8 apic sep mtrr pge mca cmov pat pse36 clflush mmx fxsr sse sse2 ht syscall nx mmxext fxsr_opt pdpe1gb rdtscp lm constant_tsc rep_good nopl nonstop_tsc cpuid extd_apicid tsc_known_freq pni pclmulqdq ssse3 fma cx16 sse4_1 sse4_2 movbe popcnt aes xsave avx f16c rdrand hypervisor lahf_lm cmp_legacy cr8_legacy abm sse4a misalignsse 3dnowprefetch osvw topoext ssbd ibrs ibpb stibp vmmcall fsgsbase tsc_adjust bmi1 avx2 smep bmi2 rdseed adx smap clflushopt clwb sha_ni xsaveopt xsavec xgetbv1 clzero xsaveerptr arat npt nrip_save umip rdpid

Online cpus: 0-3
Offline cpus: 
BIOS frequency limitation: <Not Available>
Frequency switch latency (ns): <Not Available>
Available cpu frequencies: <Not Available>
Current governor: <Not Available>
Core performance/turbo boost: <Not Available>

Memory: 4k page, physical 1048576k(517284k free), swap 0k(0k free)
Page Sizes: 4k

vm_info: OpenJDK 64-Bit Server VM (17.0.4.1+1) for linux-amd64 JRE (17.0.4.1+1), built on Aug 12 2022 00:00:00 by "temurin" with gcc 10.3.0

END.
