#
# A fatal error has been detected by the Java Runtime Environment:
#
#  SIGBUS (0x7) at pc=0x00007f496fadce88, pid=78, tid=149
#
# JRE version: OpenJDK Runtime Environment Temurin-17.0.4.1+1 (17.0.4.1+1) (build 17.0.4.1+1)
# Java VM: OpenJDK 64-Bit Server VM Temurin-17.0.4.1+1 (17.0.4.1+1, mixed mode, sharing, tiered, compressed oops, compressed class ptrs, g1 gc, linux-amd64)
# Problematic frame:
# V  [libjvm.so+0x7aee88]  HSpaceCounters::update_used(unsigned long)+0x8
#
# Core dump will be written. Default location: Core dumps may be processed with "/usr/share/apport/apport -p%p -s%s -c%c -d%d -P%P -u%u -g%g -- %E" (or dumping to /home/runner/viaeagx/viaaas/core.78)
#
# If you would like to submit a bug report, please visit:
#   https://github.com/adoptium/adoptium-support/issues
#

---------------  S U M M A R Y ------------

Command Line: -Xmx512M viaaas.jar -host=127.0.0.1 -port=8082

Host: AMD EPYC 7B12, 4 cores, 31G, Ubuntu 20.04.2 LTS
Time: Mon Dec 18 19:59:32 2023 UTC elapsed time: 214.307675 seconds (0d 0h 3m 34s)

---------------  T H R E A D  ---------------

Current thread (0x00007f49687f97e0):  JavaThread "Via Async Scheduler 0" [_thread_in_vm, id=149, stack(0x00007f4901600000,0x00007f4901700000)]

Stack: [0x00007f4901600000,0x00007f4901700000],  sp=0x00007f49016fe178,  free space=1016k
Native frames: (J=compiled Java code, j=interpreted, Vv=VM code, C=native code)
V  [libjvm.so+0x7aee88]  HSpaceCounters::update_used(unsigned long)+0x8
V  [libjvm.so+0x6eb0dd]  G1CollectedHeap::attempt_allocation_slow(unsigned long)+0x57d
V  [libjvm.so+0x6eb948]  G1CollectedHeap::allocate_new_tlab(unsigned long, unsigned long, unsigned long*)+0x108
V  [libjvm.so+0xb6d67e]  MemAllocator::allocate_inside_tlab_slow(MemAllocator::Allocation&) const+0x1ee
V  [libjvm.so+0xb6d9d7]  MemAllocator::allocate() const+0x117
V  [libjvm.so+0x7fda01]  InstanceKlass::allocate_instance(JavaThread*)+0x41
V  [libjvm.so+0xcba1b7]  OptoRuntime::new_instance_C(Klass*, JavaThread*)+0x1d7

Java frames: (J=compiled Java code, j=interpreted, Vv=VM code)
v  ~RuntimeStub::_new_instance_Java
J 4835 c2 java.util.concurrent.ConcurrentHashMap$KeySetView.iterator()Ljava/util/Iterator; java.base@17.0.4.1 (34 bytes) @ 0x00007f495bc5a17c [0x00007f495bc59ea0+0x00000000000002dc]
J 4843 c2 java.util.Collections$UnmodifiableCollection.iterator()Ljava/util/Iterator; java.base@17.0.4.1 (9 bytes) @ 0x00007f495bc5bf48 [0x00007f495bc5bea0+0x00000000000000a8]
J 4780 c1 com.viaversion.viarewind.protocol.protocol1_7_6_10to1_8.task.WorldBorderUpdateTask.run()V (652 bytes) @ 0x00007f4954d2ca84 [0x00007f4954d2c440+0x0000000000000644]
J 4779 c1 java.util.concurrent.Executors$RunnableAdapter.call()Ljava/lang/Object; java.base@17.0.4.1 (14 bytes) @ 0x00007f4954d2bacc [0x00007f4954d2b9c0+0x000000000000010c]
J 4778 c1 java.util.concurrent.FutureTask.runAndReset()Z java.base@17.0.4.1 (125 bytes) @ 0x00007f4954d2a294 [0x00007f4954d29960+0x0000000000000934]
J 4743 c1 java.util.concurrent.ScheduledThreadPoolExecutor$ScheduledFutureTask.run()V java.base@17.0.4.1 (57 bytes) @ 0x00007f4954d12084 [0x00007f4954d11ea0+0x00000000000001e4]
j  java.util.concurrent.ThreadPoolExecutor.runWorker(Ljava/util/concurrent/ThreadPoolExecutor$Worker;)V+92 java.base@17.0.4.1
j  java.util.concurrent.ThreadPoolExecutor$Worker.run()V+5 java.base@17.0.4.1
j  java.lang.Thread.run()V+11 java.base@17.0.4.1
v  ~StubRoutines::call_stub

siginfo: si_signo: 7 (SIGBUS), si_code: 2 (BUS_ADRERR), si_addr: 0x00007f496f11eb58

Register to memory mapping:

RAX=0x00007f496f11eb58 is an unknown value
RBX=0x00007f496803e570 points into unknown readable memory: 0x00007f497052f1c0 | c0 f1 52 70 49 7f 00 00
RCX=0x0000000001a00000 is an unknown value
RDX=0x0000000000000001 is an unknown value
RSP=0x00007f49016fe178 is pointing into the stack for thread: 0x00007f49687f97e0
RBP=0x00007f49016fe1a0 is pointing into the stack for thread: 0x00007f49687f97e0
RSI=13631488 is a compressed pointer to class: 0x0000000800d00000
org.apache.logging.log4j.jul.WrappedLogger {0x0000000800d00000}
 - instance size:     4
 - klass size:        1325
 - access:            synchronized 
 - state:             fully_initialized
 - name:              'org/apache/logging/log4j/jul/WrappedLogger'
 - super:             'org/apache/logging/log4j/spi/ExtendedLoggerWrapper'
 - sub:               
 - arrays:            NULL
 - methods:           Array<T>(0x00007f496cb65b70)
 - method ordering:   Array<T>(0x00000008008489a8)
 - default_methods:   Array<T>(0x0000000000000000)
 - local interfaces:  Array<T>(0x000000080059ded0)
 - trans. interfaces: Array<T>(0x00007f496c8633c0)
 - constants:         constant pool [104] {0x00007f496cb65780} for 'org/apache/logging/log4j/jul/WrappedLogger' cache=0x00007f496cb67dc8
 - class loader data:  loader data: 0x00007f49681f6390 for instance a 'jdk/internal/loader/ClassLoaders$AppClassLoader'{0x00000000ffe5db58}
 - source file:       'WrappedLogger.java'
 - class annotations:       Array<T>(0x0000000000000000)
 - class type annotations:  Array<T>(0x0000000000000000)
 - field annotations:       Array<T>(0x0000000000000000)
 - field type annotations:  Array<T>(0x0000000000000000)
 - inner classes:     Array<T>(0x000000080059de60)
 - nest members:     Array<T>(0x000000080059de60)
 - permitted subclasses:     Array<T>(0x000000080059de60)
 - java mirror:       a 'java/lang/Class'{0x00000000e01dd390} = 'org/apache/logging/log4j/jul/WrappedLogger'
 - vtable length      462  (start addr: 0x0000000800d001d0)
 - itable length      804 (start addr: 0x0000000800d01040)
 - ---- static fields (2 words):
 - private static final 'serialVersionUID' 'J' @120 
 - private static final 'FQCN' 'Ljava/lang/String;' @112 
 - ---- non-static fields (4 words):
 - protected final 'name' 'Ljava/lang/String;' @12 
 - private final 'messageFactory' 'Lorg/apache/logging/log4j/message/MessageFactory2;' @16 
 - private final 'flowMessageFactory' 'Lorg/apache/logging/log4j/message/FlowMessageFactory;' @20 
 - protected final 'logger' 'Lorg/apache/logging/log4j/spi/ExtendedLogger;' @24 
 - non-static oop maps: 12-24 
RDI=0x00007f49681b6fd0 points into unknown readable memory: 0x00007f49681b70f0 | f0 70 1b 68 49 7f 00 00
R8 =0x0 is NULL
R9 =0x000000000028747f is an unknown value
R10=0x000000000000000d is an unknown value
R11=0x0000000000000016 is an unknown value
R12=0x0 is NULL
R13=0x00007f4968088620 points into unknown readable memory: 0x00000000e3400000 | 00 00 40 e3 00 00 00 00
R14=0x0000000000000100 is an unknown value
R15=0x00007f49016fe200 is pointing into the stack for thread: 0x00007f49687f97e0


Registers:
RAX=0x00007f496f11eb58, RBX=0x00007f496803e570, RCX=0x0000000001a00000, RDX=0x0000000000000001
RSP=0x00007f49016fe178, RBP=0x00007f49016fe1a0, RSI=0x0000000000d00000, RDI=0x00007f49681b6fd0
R8 =0x0000000000000000, R9 =0x000000000028747f, R10=0x000000000000000d, R11=0x0000000000000016
R12=0x0000000000000000, R13=0x00007f4968088620, R14=0x0000000000000100, R15=0x00007f49016fe200
RIP=0x00007f496fadce88, EFLAGS=0x0000000000010202, CSGSFS=0x002b000000000033, ERR=0x0000000000000007
  TRAPNO=0x000000000000000e

Top of Stack: (sp=0x00007f49016fe178)
0x00007f49016fe178:   00007f496f9f41e0 00007f4968036080
0x00007f49016fe188:   00007f49680215f0 0000000000000000
0x00007f49016fe198:   0000000000000100 00007f49016fe280
0x00007f49016fe1a8:   00007f496fa190dd 00000000000003d8 

Instructions: (pc=0x00007f496fadce88)
0x00007f496fadcd88:   00 00 00 48 89 c6 bf 05 00 00 00 4c 89 c9 e8 f5
0x00007f496fadcd98:   71 4a 00 49 83 7f 08 00 4c 8b 4d a0 48 89 03 4c
0x00007f496fadcda8:   8b 55 98 0f 85 16 ff ff ff 48 8b 7b 10 48 8d 35
0x00007f496fadcdb8:   5a a7 83 00 4c 89 55 a0 4c 89 4d 98 e8 17 59 4a
0x00007f496fadcdc8:   00 31 c9 4d 89 f8 ba 02 00 00 00 48 89 c6 bf 05
0x00007f496fadcdd8:   00 00 00 e8 b0 71 4a 00 49 83 7f 08 00 4c 8b 55
0x00007f496fadcde8:   a0 48 89 43 08 0f 85 d4 fe ff ff 48 8b 7b 10 48
0x00007f496fadcdf8:   8d 35 be ce 7d 00 e8 dd 58 4a 00 4c 8b 4d 98 4d
0x00007f496fadce08:   89 f8 ba 02 00 00 00 48 89 c6 bf 05 00 00 00 4c
0x00007f496fadce18:   89 c9 e8 11 6f 4a 00 49 83 7f 08 00 4c 8b 55 a0
0x00007f496fadce28:   0f 85 99 fe ff ff 48 8b 5d b8 48 83 3b 00 0f 84
0x00007f496fadce38:   b1 fe ff ff 48 8b 75 80 4c 89 d7 e8 48 e0 c1 ff
0x00007f496fadce48:   48 89 df e8 f0 d4 c1 ff 4c 8b 55 a0 e9 94 fe ff
0x00007f496fadce58:   ff 90 66 0f 1f 44 00 00 48 8b 7f 10 e9 47 48 c1
0x00007f496fadce68:   ff 90 66 0f 1f 44 00 00 48 8b 07 48 8b 40 28 48
0x00007f496fadce78:   89 30 c3 90 0f 1f 40 00 48 8b 47 08 48 8b 40 28
0x00007f496fadce88:   48 89 30 c3 0f 1f 40 00 48 8b 07 48 8b 40 28 48
0x00007f496fadce98:   89 30 48 8b 47 08 48 8b 40 28 48 89 10 c3 66 2e
0x00007f496fadcea8:   0f 1f 84 00 00 00 00 00 48 89 f8 48 8b 3f 48 85
0x00007f496fadceb8:   ff 74 64 48 8b 40 08 48 8b b0 40 02 00 00 44 8b
0x00007f496fadcec8:   0e 44 89 c9 83 e9 01 78 4f 4c 8b 46 08 48 63 c1
0x00007f496fadced8:   eb 0e 66 0f 1f 44 00 00 48 83 e8 01 85 c0 78 38
0x00007f496fadcee8:   49 3b 3c c0 75 f2 8d 40 01 41 39 c1 7e 27 48 63
0x00007f496fadcef8:   d0 48 c1 e2 03 0f 1f 00 48 8b 4e 08 83 c0 01 48
0x00007f496fadcf08:   8b 3c 11 48 89 7c 11 f8 8b 0e 48 83 c2 08 39 c1
0x00007f496fadcf18:   7f e6 83 e9 01 89 0e c3 31 c0 eb cd 66 66 2e 0f
0x00007f496fadcf28:   1f 84 00 00 00 00 00 90 48 89 f8 48 8b 3f 48 85
0x00007f496fadcf38:   ff 74 64 48 8b 40 08 48 8b b0 40 02 00 00 44 8b
0x00007f496fadcf48:   0e 44 89 c9 83 e9 01 78 4f 4c 8b 46 08 48 63 c1
0x00007f496fadcf58:   eb 0e 66 0f 1f 44 00 00 48 83 e8 01 85 c0 78 38
0x00007f496fadcf68:   49 3b 3c c0 75 f2 8d 40 01 41 39 c1 7e 27 48 63
0x00007f496fadcf78:   d0 48 c1 e2 03 0f 1f 00 48 8b 4e 08 83 c0 01 48 


Stack slot to memory mapping:
stack at sp + 0 slots: 0x00007f496f9f41e0: <offset 0x00000000006c61e0> in /nix/store/3kwffh5z52ali43lprv3p5id9yz78xmd-temurin-jre-bin-17.0.4/lib/server/libjvm.so at 0x00007f496f32e000
stack at sp + 1 slots: 0x00007f4968036080 points into unknown readable memory: 0x00007f49705d0868 | 68 08 5d 70 49 7f 00 00
stack at sp + 2 slots: 0x00007f49680215f0 points into unknown readable memory: 0x00007f49687f97e0 | e0 97 7f 68 49 7f 00 00
stack at sp + 3 slots: 0x0 is NULL
stack at sp + 4 slots: 0x0000000000000100 is an unknown value
stack at sp + 5 slots: 0x00007f49016fe280 is pointing into the stack for thread: 0x00007f49687f97e0
stack at sp + 6 slots: 0x00007f496fa190dd: <offset 0x00000000006eb0dd> in /nix/store/3kwffh5z52ali43lprv3p5id9yz78xmd-temurin-jre-bin-17.0.4/lib/server/libjvm.so at 0x00007f496f32e000
stack at sp + 7 slots: 0x00000000000003d8 is an unknown value


---------------  P R O C E S S  ---------------

Threads class SMR info:
_java_thread_list=0x00007f4908041640, length=24, elements={
0x00007f4968023d20, 0x00007f49681dd640, 0x00007f49681dea20, 0x00007f49681e3b70,
0x00007f49681e4f20, 0x00007f49681e6330, 0x00007f49681e7ce0, 0x00007f49681e9210,
0x00007f49681ea680, 0x00007f49681f9030, 0x00007f49681fbcd0, 0x00007f49683deb20,
0x00007f49687853d0, 0x00007f4968842f70, 0x00007f49689a1f10, 0x00007f4968a37d50,
0x00007f48fc008620, 0x00007f48fc02a370, 0x00007f48f809eda0, 0x00007f49687f97e0,
0x00007f4968f469b0, 0x00007f4968e8db40, 0x00007f4968e8e680, 0x00007f4968e2fa60
}

Java Threads: ( => current thread )
  0x00007f4968023d20 JavaThread "main" [_thread_blocked, id=86, stack(0x00007f496f149000,0x00007f496f249000)]
  0x00007f49681dd640 JavaThread "Reference Handler" daemon [_thread_blocked, id=98, stack(0x00007f496ccfb000,0x00007f496cdfb000)]
  0x00007f49681dea20 JavaThread "Finalizer" daemon [_thread_blocked, id=99, stack(0x00007f496c300000,0x00007f496c400000)]
  0x00007f49681e3b70 JavaThread "Signal Dispatcher" daemon [_thread_blocked, id=101, stack(0x00007f4951ed4000,0x00007f4951fd4000)]
  0x00007f49681e4f20 JavaThread "Service Thread" daemon [_thread_blocked, id=103, stack(0x00007f4951dd4000,0x00007f4951ed4000)]
  0x00007f49681e6330 JavaThread "Monitor Deflation Thread" daemon [_thread_blocked, id=104, stack(0x00007f4951cd4000,0x00007f4951dd4000)]
  0x00007f49681e7ce0 JavaThread "C2 CompilerThread0" daemon [_thread_blocked, id=105, stack(0x00007f4951bd4000,0x00007f4951cd4000)]
  0x00007f49681e9210 JavaThread "C1 CompilerThread0" daemon [_thread_blocked, id=106, stack(0x00007f4951ad4000,0x00007f4951bd4000)]
  0x00007f49681ea680 JavaThread "Sweeper thread" daemon [_thread_blocked, id=107, stack(0x00007f49519d4000,0x00007f4951ad4000)]
  0x00007f49681f9030 JavaThread "Notification Thread" daemon [_thread_blocked, id=108, stack(0x00007f49518d4000,0x00007f49519d4000)]
  0x00007f49681fbcd0 JavaThread "Common-Cleaner" daemon [_thread_blocked, id=110, stack(0x00007f49516d2000,0x00007f49517d2000)]
  0x00007f49683deb20 JavaThread "Log4j2-TF-1-AsyncLogger[AsyncContext@3b4ce44c]-1" daemon [_thread_blocked, id=117, stack(0x00007f49515d2000,0x00007f49516d2000)]
  0x00007f49687853d0 JavaThread "Java2D Disposer" daemon [_thread_blocked, id=125, stack(0x00007f4903f00000,0x00007f4904000000)]
  0x00007f4968842f70 JavaThread "Via-0" daemon [_thread_blocked, id=128, stack(0x00007f4903d00000,0x00007f4903e00000)]
  0x00007f49689a1f10 JavaThread "epollEventLoopGroup-3-1" [_thread_in_native, id=130, stack(0x00007f4903900000,0x00007f4903a00000)]
  0x00007f4968a37d50 JavaThread "DefaultDispatcher-worker-2" daemon [_thread_blocked, id=132, stack(0x00007f4902f00000,0x00007f4903000000)]
  0x00007f48fc008620 JavaThread "DefaultDispatcher-worker-3" daemon [_thread_blocked, id=133, stack(0x00007f4902e00000,0x00007f4902f00000)]
  0x00007f48fc02a370 JavaThread "HttpClient-1-SelectorManager" daemon [_thread_in_native, id=134, stack(0x00007f4902d00000,0x00007f4902e00000)]
  0x00007f48f809eda0 JavaThread "DefaultDispatcher-worker-1" daemon [_thread_blocked, id=140, stack(0x00007f49026f2000,0x00007f49027f2000)]
=>0x00007f49687f97e0 JavaThread "Via Async Scheduler 0" [_thread_in_vm, id=149, stack(0x00007f4901600000,0x00007f4901700000)]
  0x00007f4968f469b0 JavaThread "epollEventLoopGroup-2-1" [_thread_in_native, id=151, stack(0x00007f4901400000,0x00007f4901500000)]
  0x00007f4968e8db40 JavaThread "eventLoopGroupProxy-4-1" daemon [_thread_in_native, id=155, stack(0x00007f49000ff000,0x00007f49001ff000)]
  0x00007f4968e8e680 JavaThread "eventLoopGroupProxy-4-2" daemon [_thread_in_native, id=156, stack(0x00007f48f7f00000,0x00007f48f8000000)]
  0x00007f4968e2fa60 JavaThread "Thread-9" [_thread_in_native, id=158, stack(0x00007f48f7e00000,0x00007f48f7f00000)]

Other Threads:
  0x00007f49681d9720 VMThread "VM Thread" [stack: 0x00007f496cdfd000,0x00007f496cefd000] [id=97]
  0x00007f49681fa970 WatcherThread [stack: 0x00007f49517d4000,0x00007f49518d4000] [id=109]
  0x00007f4968051c20 GCTaskThread "GC Thread#0" [stack: 0x00007f496d7f8000,0x00007f496d8f8000] [id=90]
  0x00007f49340049f0 GCTaskThread "GC Thread#1" [stack: 0x00007f49514d2000,0x00007f49515d2000] [id=119]
  0x00007f4934005460 GCTaskThread "GC Thread#2" [stack: 0x00007f4951100000,0x00007f4951200000] [id=120]
  0x00007f49680571f0 ConcurrentGCThread "G1 Main Marker" [stack: 0x00007f496d6f6000,0x00007f496d7f6000] [id=92]
  0x00007f4968058150 ConcurrentGCThread "G1 Conc#0" [stack: 0x00007f496d5f4000,0x00007f496d6f4000] [id=93]
  0x00007f49681b33c0 ConcurrentGCThread "G1 Refine#0" [stack: 0x00007f496d1ef000,0x00007f496d2ef000] [id=94]
  0x00007f49681b42b0 ConcurrentGCThread "G1 Service" [stack: 0x00007f496d0ed000,0x00007f496d1ed000] [id=95]

Threads with active compile tasks:

VM state: not at safepoint (normal execution)

VM Mutex/Monitor currently owned by a thread:  ([mutex/lock_event])
[0x00007f49680215f0] Heap_lock - owner thread: 0x00007f49687f97e0

Heap address: 0x00000000e0000000, size: 512 MB, Compressed Oops mode: 32-bit

CDS archive(s) mapped at: [0x0000000800000000-0x0000000800a79000-0x0000000800a79000), size 10981376, SharedBaseAddress: 0x0000000800000000, ArchiveRelocationMode: 0.
Compressed class space mapped at: 0x0000000800c00000-0x0000000840c00000, reserved size: 1073741824
Narrow klass base: 0x0000000800000000, Narrow klass shift: 0, Narrow klass range: 0x100000000

GC Precious Log:
 CPUs: 4 total, 3 available
 Memory: 32085M
 Large Page Support: Disabled
 NUMA Support: Disabled
 Compressed Oops: Enabled (32-bit)
 Heap Region Size: 1M
 Heap Min Capacity: 8M
 Heap Initial Capacity: 502M
 Heap Max Capacity: 512M
 Pre-touch: Disabled
 Parallel Workers: 3
 Concurrent Workers: 1
 Concurrent Refinement Workers: 3
 Periodic GC: Disabled

Heap:
 garbage-first heap   total 68608K, used 45866K [0x00000000e0000000, 0x0000000100000000)
  region size 1024K, 16 young (16384K), 3 survivors (3072K)
 Metaspace       used 59954K, committed 60480K, reserved 1105920K
  class space    used 8941K, committed 9216K, reserved 1048576K

Heap Regions: E=young(eden), S=young(survivor), O=old, HS=humongous(starts), HC=humongous(continues), CS=collection set, F=free, OA=open archive, CA=closed archive, TAMS=top-at-mark-start (previous, next)
|   0|0x00000000e0000000, 0x00000000e0100000, 0x00000000e0100000|100%| O|  |TAMS 0x00000000e0100000, 0x00000000e0000000| Untracked 
|   1|0x00000000e0100000, 0x00000000e0200000, 0x00000000e0200000|100%| O|  |TAMS 0x00000000e0200000, 0x00000000e0100000| Untracked 
|   2|0x00000000e0200000, 0x00000000e0300000, 0x00000000e0300000|100%| O|  |TAMS 0x00000000e0300000, 0x00000000e0200000| Untracked 
|   3|0x00000000e0300000, 0x00000000e0400000, 0x00000000e0400000|100%|HS|  |TAMS 0x00000000e0400000, 0x00000000e0300000| Complete 
|   4|0x00000000e0400000, 0x00000000e0500000, 0x00000000e0500000|100%|HC|  |TAMS 0x00000000e0500000, 0x00000000e0400000| Complete 
|   5|0x00000000e0500000, 0x00000000e0600000, 0x00000000e0600000|100%|HC|  |TAMS 0x00000000e0600000, 0x00000000e0500000| Complete 
|   6|0x00000000e0600000, 0x00000000e0700000, 0x00000000e0700000|100%| O|  |TAMS 0x00000000e0700000, 0x00000000e0600000| Untracked 
|   7|0x00000000e0700000, 0x00000000e0800000, 0x00000000e0800000|100%| O|  |TAMS 0x00000000e0800000, 0x00000000e0700000| Untracked 
|   8|0x00000000e0800000, 0x00000000e08f4200, 0x00000000e0900000| 95%| O|  |TAMS 0x00000000e08f4200, 0x00000000e0800000| Untracked 
|   9|0x00000000e0900000, 0x00000000e0a00000, 0x00000000e0a00000|100%| O|  |TAMS 0x00000000e0900000, 0x00000000e0900000| Untracked 
|  10|0x00000000e0a00000, 0x00000000e0b00000, 0x00000000e0b00000|100%| O|  |TAMS 0x00000000e0a00000, 0x00000000e0a00000| Untracked 
|  11|0x00000000e0b00000, 0x00000000e0c00000, 0x00000000e0c00000|100%| O|  |TAMS 0x00000000e0c00000, 0x00000000e0b00000| Untracked 
|  12|0x00000000e0c00000, 0x00000000e0d00000, 0x00000000e0d00000|100%| O|  |TAMS 0x00000000e0d00000, 0x00000000e0c00000| Untracked 
|  13|0x00000000e0d00000, 0x00000000e0e00000, 0x00000000e0e00000|100%| O|  |TAMS 0x00000000e0e00000, 0x00000000e0d00000| Untracked 
|  14|0x00000000e0e00000, 0x00000000e0f00000, 0x00000000e0f00000|100%| O|  |TAMS 0x00000000e0e00000, 0x00000000e0e00000| Untracked 
|  15|0x00000000e0f00000, 0x00000000e1000000, 0x00000000e1000000|100%| O|  |TAMS 0x00000000e0f00000, 0x00000000e0f00000| Untracked 
|  16|0x00000000e1000000, 0x00000000e1100000, 0x00000000e1100000|100%| O|  |TAMS 0x00000000e1000000, 0x00000000e1000000| Untracked 
|  17|0x00000000e1100000, 0x00000000e1200000, 0x00000000e1200000|100%| O|  |TAMS 0x00000000e1100000, 0x00000000e1100000| Untracked 
|  18|0x00000000e1200000, 0x00000000e1300000, 0x00000000e1300000|100%| O|  |TAMS 0x00000000e1200000, 0x00000000e1200000| Untracked 
|  19|0x00000000e1300000, 0x00000000e1400000, 0x00000000e1400000|100%| O|  |TAMS 0x00000000e1300000, 0x00000000e1300000| Untracked 
|  20|0x00000000e1400000, 0x00000000e1500000, 0x00000000e1500000|100%| O|  |TAMS 0x00000000e1400000, 0x00000000e1400000| Untracked 
|  21|0x00000000e1500000, 0x00000000e1600000, 0x00000000e1600000|100%| O|  |TAMS 0x00000000e1500000, 0x00000000e1500000| Untracked 
|  22|0x00000000e1600000, 0x00000000e1700000, 0x00000000e1700000|100%| O|  |TAMS 0x00000000e1600000, 0x00000000e1600000| Untracked 
|  23|0x00000000e1700000, 0x00000000e1800000, 0x00000000e1800000|100%| O|  |TAMS 0x00000000e1700000, 0x00000000e1700000| Untracked 
|  24|0x00000000e1800000, 0x00000000e1900000, 0x00000000e1900000|100%| O|  |TAMS 0x00000000e1800000, 0x00000000e1800000| Untracked 
|  25|0x00000000e1900000, 0x00000000e1a00000, 0x00000000e1a00000|100%| O|  |TAMS 0x00000000e1900000, 0x00000000e1900000| Untracked 
|  26|0x00000000e1a00000, 0x00000000e1aef600, 0x00000000e1b00000| 93%| O|  |TAMS 0x00000000e1a00000, 0x00000000e1a00000| Untracked 
|  27|0x00000000e1b00000, 0x00000000e1b00000, 0x00000000e1c00000|  0%| F|  |TAMS 0x00000000e1b00000, 0x00000000e1b00000| Untracked 
|  28|0x00000000e1c00000, 0x00000000e1c00000, 0x00000000e1d00000|  0%| F|  |TAMS 0x00000000e1c00000, 0x00000000e1c00000| Untracked 
|  29|0x00000000e1d00000, 0x00000000e1d00000, 0x00000000e1e00000|  0%| F|  |TAMS 0x00000000e1d00000, 0x00000000e1d00000| Untracked 
|  30|0x00000000e1e00000, 0x00000000e1e00000, 0x00000000e1f00000|  0%| F|  |TAMS 0x00000000e1e00000, 0x00000000e1e00000| Untracked 
|  31|0x00000000e1f00000, 0x00000000e1f00000, 0x00000000e2000000|  0%| F|  |TAMS 0x00000000e1f00000, 0x00000000e1f00000| Untracked 
|  32|0x00000000e2000000, 0x00000000e2000000, 0x00000000e2100000|  0%| F|  |TAMS 0x00000000e2000000, 0x00000000e2000000| Untracked 
|  33|0x00000000e2100000, 0x00000000e2100000, 0x00000000e2200000|  0%| F|  |TAMS 0x00000000e2100000, 0x00000000e2100000| Untracked 
|  34|0x00000000e2200000, 0x00000000e2200000, 0x00000000e2300000|  0%| F|  |TAMS 0x00000000e2200000, 0x00000000e2200000| Untracked 
|  35|0x00000000e2300000, 0x00000000e2300000, 0x00000000e2400000|  0%| F|  |TAMS 0x00000000e2300000, 0x00000000e2300000| Untracked 
|  36|0x00000000e2400000, 0x00000000e2400000, 0x00000000e2500000|  0%| F|  |TAMS 0x00000000e2400000, 0x00000000e2400000| Untracked 
|  37|0x00000000e2500000, 0x00000000e2500000, 0x00000000e2600000|  0%| F|  |TAMS 0x00000000e2500000, 0x00000000e2500000| Untracked 
|  38|0x00000000e2600000, 0x00000000e2700000, 0x00000000e2700000|100%| S|CS|TAMS 0x00000000e2600000, 0x00000000e2600000| Complete 
|  39|0x00000000e2700000, 0x00000000e2800000, 0x00000000e2800000|100%| S|CS|TAMS 0x00000000e2700000, 0x00000000e2700000| Complete 
|  40|0x00000000e2800000, 0x00000000e2900000, 0x00000000e2900000|100%| S|CS|TAMS 0x00000000e2800000, 0x00000000e2800000| Complete 
|  41|0x00000000e2900000, 0x00000000e2900000, 0x00000000e2a00000|  0%| F|  |TAMS 0x00000000e2900000, 0x00000000e2900000| Untracked 
|  42|0x00000000e2a00000, 0x00000000e2a00000, 0x00000000e2b00000|  0%| F|  |TAMS 0x00000000e2a00000, 0x00000000e2a00000| Untracked 
|  43|0x00000000e2b00000, 0x00000000e2b00000, 0x00000000e2c00000|  0%| F|  |TAMS 0x00000000e2b00000, 0x00000000e2b00000| Untracked 
|  44|0x00000000e2c00000, 0x00000000e2c00000, 0x00000000e2d00000|  0%| F|  |TAMS 0x00000000e2c00000, 0x00000000e2c00000| Untracked 
|  45|0x00000000e2d00000, 0x00000000e2d00000, 0x00000000e2e00000|  0%| F|  |TAMS 0x00000000e2d00000, 0x00000000e2d00000| Untracked 
|  46|0x00000000e2e00000, 0x00000000e2e00000, 0x00000000e2f00000|  0%| F|  |TAMS 0x00000000e2e00000, 0x00000000e2e00000| Untracked 
|  47|0x00000000e2f00000, 0x00000000e2f00000, 0x00000000e3000000|  0%| F|  |TAMS 0x00000000e2f00000, 0x00000000e2f00000| Untracked 
|  48|0x00000000e3000000, 0x00000000e3000000, 0x00000000e3100000|  0%| F|  |TAMS 0x00000000e3000000, 0x00000000e3000000| Untracked 
|  49|0x00000000e3100000, 0x00000000e3100000, 0x00000000e3200000|  0%| F|  |TAMS 0x00000000e3100000, 0x00000000e3100000| Untracked 
|  50|0x00000000e3200000, 0x00000000e3200000, 0x00000000e3300000|  0%| F|  |TAMS 0x00000000e3200000, 0x00000000e3200000| Untracked 
|  51|0x00000000e3300000, 0x00000000e3300000, 0x00000000e3400000|  0%| F|  |TAMS 0x00000000e3300000, 0x00000000e3300000| Untracked 
|  52|0x00000000e3400000, 0x00000000e3500000, 0x00000000e3500000|100%| E|CS|TAMS 0x00000000e3400000, 0x00000000e3400000| Complete 
|  53|0x00000000e3500000, 0x00000000e3600000, 0x00000000e3600000|100%| E|CS|TAMS 0x00000000e3500000, 0x00000000e3500000| Complete 
|  54|0x00000000e3600000, 0x00000000e3700000, 0x00000000e3700000|100%| E|CS|TAMS 0x00000000e3600000, 0x00000000e3600000| Complete 
|  55|0x00000000e3700000, 0x00000000e3800000, 0x00000000e3800000|100%| E|CS|TAMS 0x00000000e3700000, 0x00000000e3700000| Complete 
|  56|0x00000000e3800000, 0x00000000e3900000, 0x00000000e3900000|100%| E|CS|TAMS 0x00000000e3800000, 0x00000000e3800000| Complete 
|  57|0x00000000e3900000, 0x00000000e3a00000, 0x00000000e3a00000|100%| E|CS|TAMS 0x00000000e3900000, 0x00000000e3900000| Complete 
|  58|0x00000000e3a00000, 0x00000000e3b00000, 0x00000000e3b00000|100%| E|CS|TAMS 0x00000000e3a00000, 0x00000000e3a00000| Complete 
|  59|0x00000000e3b00000, 0x00000000e3c00000, 0x00000000e3c00000|100%| E|CS|TAMS 0x00000000e3b00000, 0x00000000e3b00000| Complete 
|  60|0x00000000e3c00000, 0x00000000e3d00000, 0x00000000e3d00000|100%| E|CS|TAMS 0x00000000e3c00000, 0x00000000e3c00000| Complete 
|  61|0x00000000e3d00000, 0x00000000e3e00000, 0x00000000e3e00000|100%| E|CS|TAMS 0x00000000e3d00000, 0x00000000e3d00000| Complete 
|  62|0x00000000e3e00000, 0x00000000e3f00000, 0x00000000e3f00000|100%| E|CS|TAMS 0x00000000e3e00000, 0x00000000e3e00000| Complete 
| 497|0x00000000ff100000, 0x00000000ff200000, 0x00000000ff200000|100%| E|CS|TAMS 0x00000000ff100000, 0x00000000ff100000| Complete 
| 501|0x00000000ff500000, 0x00000000ff600000, 0x00000000ff600000|100%| E|CS|TAMS 0x00000000ff500000, 0x00000000ff500000| Complete 
| 510|0x00000000ffe00000, 0x00000000ffe6a000, 0x00000000fff00000| 41%|OA|  |TAMS 0x00000000ffe6a000, 0x00000000ffe00000| Untracked 
| 511|0x00000000fff00000, 0x00000000fff7d000, 0x0000000100000000| 48%|CA|  |TAMS 0x00000000fff7d000, 0x00000000fff00000| Untracked 

Card table byte_map: [0x00007f496ea0a000,0x00007f496eb0a000] _byte_map_base: 0x00007f496e30a000

Marking Bits (Prev, Next): (CMBitMap*) 0x00007f49680526e0, (CMBitMap*) 0x00007f49680526a0
 Prev Bits: [0x00007f496d90a000, 0x00007f496e10a000)
 Next Bits: [0x00007f496e10a000, 0x00007f496e90a000)

Polling page: 0x00007f496f125000

Metaspace:

Usage:
  Non-class:     49.82 MB used.
      Class:      8.73 MB used.
       Both:     58.55 MB used.

Virtual space:
  Non-class space:       56.00 MB reserved,      50.06 MB ( 89%) committed,  7 nodes.
      Class space:        1.00 GB reserved,       9.00 MB ( <1%) committed,  1 nodes.
             Both:        1.05 GB reserved,      59.06 MB (  5%) committed. 

Chunk freelists:
   Non-Class:  1.76 MB
       Class:  2.86 MB
        Both:  4.62 MB

MaxMetaspaceSize: unlimited
CompressedClassSpaceSize: 1.00 GB
Initial GC threshold: 21.00 MB
Current GC threshold: 66.50 MB
CDS: on
MetaspaceReclaimPolicy: balanced
 - commit_granule_bytes: 65536.
 - commit_granule_words: 8192.
 - virtual_space_node_default_size: 1048576.
 - enlarge_chunks_in_place: 1.
 - new_chunks_are_fully_committed: 0.
 - uncommit_free_chunks: 1.
 - use_allocation_guard: 0.
 - handle_deallocations: 1.


Internal statistics:

num_allocs_failed_limit: 13.
num_arena_births: 666.
num_arena_deaths: 0.
num_vsnodes_births: 8.
num_vsnodes_deaths: 0.
num_space_committed: 945.
num_space_uncommitted: 0.
num_chunks_returned_to_freelist: 13.
num_chunks_taken_from_freelist: 2570.
num_chunk_merges: 8.
num_chunk_splits: 1877.
num_chunks_enlarged: 1451.
num_purges: 0.
num_inconsistent_stats: 0.

CodeHeap 'non-profiled nmethods': size=120036Kb used=1835Kb max_used=1835Kb free=118200Kb
 bounds [0x00007f495ba9b000, 0x00007f495bd0b000, 0x00007f4962fd4000]
CodeHeap 'profiled nmethods': size=120032Kb used=8106Kb max_used=8106Kb free=111925Kb
 bounds [0x00007f4954563000, 0x00007f4954d53000, 0x00007f495ba9b000]
CodeHeap 'non-nmethods': size=5692Kb used=1477Kb max_used=1515Kb free=4214Kb
 bounds [0x00007f4953fd4000, 0x00007f4954244000, 0x00007f4954563000]
 total_blobs=5502 nmethods=4650 adapters=765
 compilation: enabled
              stopped_count=0, restarted_count=0
 full_count=0

Compilation events (20 events):
Event: 129.101 Thread 0x00007f49681e9210 nmethod 4856 0x00007f4954d4ab10 code [0x00007f4954d4ad20, 0x00007f4954d4b130]
Event: 129.101 Thread 0x00007f49681e9210 4857       3       java.util.Formatter::locale (9 bytes)
Event: 129.101 Thread 0x00007f49681e9210 nmethod 4857 0x00007f4954d4b310 code [0x00007f4954d4b4c0, 0x00007f4954d4b6e0]
Event: 132.417 Thread 0x00007f49681e7ce0 4858       4       java.util.concurrent.ScheduledThreadPoolExecutor::canRunInCurrentRunState (61 bytes)
Event: 132.418 Thread 0x00007f49681e7ce0 nmethod 4858 0x00007f495bc60a10 code [0x00007f495bc60ba0, 0x00007f495bc60c58]
Event: 135.191 Thread 0x00007f49681e7ce0 4859       4       io.netty.util.concurrent.AbstractScheduledEventExecutor::scheduledTaskQueue (28 bytes)
Event: 135.191 Thread 0x00007f49681e7ce0 nmethod 4859 0x00007f495bc60d90 code [0x00007f495bc60f20, 0x00007f495bc60fb8]
Event: 135.643 Thread 0x00007f49681e7ce0 4860 % !   4       com.lmax.disruptor.BatchEventProcessor::processEvents @ 12 (167 bytes)
Event: 135.662 Thread 0x00007f49681e7ce0 nmethod 4860% 0x00007f495bc61090 code [0x00007f495bc612c0, 0x00007f495bc621e0]
Event: 136.042 Thread 0x00007f49681e9210 4861       3       io.netty.util.concurrent.AbstractEventExecutor::runTask (7 bytes)
Event: 136.042 Thread 0x00007f49681e9210 nmethod 4861 0x00007f4954d4b810 code [0x00007f4954d4b9c0, 0x00007f4954d4bb60]
Event: 142.016 Thread 0x00007f49681e9210 4862       3       java.util.concurrent.ThreadPoolExecutor$Worker::unlock (7 bytes)
Event: 142.017 Thread 0x00007f49681e9210 nmethod 4862 0x00007f4954d4bc10 code [0x00007f4954d4bdc0, 0x00007f4954d4c020]
Event: 143.531 Thread 0x00007f49681e7ce0 4863       4       io.netty.util.concurrent.SingleThreadEventExecutor::isShutdown (14 bytes)
Event: 143.531 Thread 0x00007f49681e7ce0 nmethod 4863 0x00007f495bc62d90 code [0x00007f495bc62f20, 0x00007f495bc62fb8]
Event: 150.184 Thread 0x00007f49681e9210 4864       3       java.util.Formatter$FormatSpecifier::printInteger (131 bytes)
Event: 150.185 Thread 0x00007f49681e9210 nmethod 4864 0x00007f4954d4c110 code [0x00007f4954d4c3c0, 0x00007f4954d4d3e0]
Event: 152.516 Thread 0x00007f49681e9210 4865       3       java.util.concurrent.locks.AbstractQueuedSynchronizer::acquire (20 bytes)
Event: 152.517 Thread 0x00007f49681e9210 nmethod 4865 0x00007f4954d4d690 code [0x00007f4954d4d840, 0x00007f4954d4dab0]
Event: 173.583 Thread 0x00007f49681e7ce0 4866       4       io.netty.util.concurrent.AbstractEventExecutor::runTask (7 bytes)

GC Heap History (20 events):
Event: 31.689 GC heap before
{Heap before GC invocations=2 (full 0):
 garbage-first heap   total 516096K, used 18930K [0x00000000e0000000, 0x0000000100000000)
  region size 1024K, 8 young (8192K), 4 survivors (4096K)
 Metaspace       used 21257K, committed 21504K, reserved 1073152K
  class space    used 2633K, committed 2752K, reserved 1048576K
}
Event: 31.722 GC heap after
{Heap after GC invocations=3 (full 0):
 garbage-first heap   total 516096K, used 16415K [0x00000000e0000000, 0x0000000100000000)
  region size 1024K, 1 young (1024K), 1 survivors (1024K)
 Metaspace       used 21257K, committed 21504K, reserved 1073152K
  class space    used 2633K, committed 2752K, reserved 1048576K
}
Event: 35.787 GC heap before
{Heap before GC invocations=4 (full 0):
 garbage-first heap   total 65536K, used 51231K [0x00000000e0000000, 0x0000000100000000)
  region size 1024K, 36 young (36864K), 1 survivors (1024K)
 Metaspace       used 27364K, committed 27648K, reserved 1081344K
  class space    used 3329K, committed 3456K, reserved 1048576K
}
Event: 35.795 GC heap after
{Heap after GC invocations=5 (full 0):
 garbage-first heap   total 65536K, used 13409K [0x00000000e0000000, 0x0000000100000000)
  region size 1024K, 2 young (2048K), 2 survivors (2048K)
 Metaspace       used 27364K, committed 27648K, reserved 1081344K
  class space    used 3329K, committed 3456K, reserved 1048576K
}
Event: 35.831 GC heap before
{Heap before GC invocations=5 (full 0):
 garbage-first heap   total 65536K, used 13409K [0x00000000e0000000, 0x0000000100000000)
  region size 1024K, 3 young (3072K), 2 survivors (2048K)
 Metaspace       used 27645K, committed 27904K, reserved 1081344K
  class space    used 3375K, committed 3456K, reserved 1048576K
}
Event: 35.846 GC heap after
{Heap after GC invocations=6 (full 0):
 garbage-first heap   total 65536K, used 13437K [0x00000000e0000000, 0x0000000100000000)
  region size 1024K, 1 young (1024K), 1 survivors (1024K)
 Metaspace       used 27645K, committed 27904K, reserved 1081344K
  class space    used 3375K, committed 3456K, reserved 1048576K
}
Event: 39.621 GC heap before
{Heap before GC invocations=6 (full 0):
 garbage-first heap   total 65536K, used 44157K [0x00000000e0000000, 0x0000000100000000)
  region size 1024K, 32 young (32768K), 1 survivors (1024K)
 Metaspace       used 35940K, committed 36288K, reserved 1081344K
  class space    used 4591K, committed 4736K, reserved 1048576K
}
Event: 39.690 GC heap after
{Heap after GC invocations=7 (full 0):
 garbage-first heap   total 65536K, used 15918K [0x00000000e0000000, 0x0000000100000000)
  region size 1024K, 3 young (3072K), 3 survivors (3072K)
 Metaspace       used 35940K, committed 36288K, reserved 1081344K
  class space    used 4591K, committed 4736K, reserved 1048576K
}
Event: 41.410 GC heap before
{Heap before GC invocations=8 (full 0):
 garbage-first heap   total 65536K, used 46638K [0x00000000e0000000, 0x0000000100000000)
  region size 1024K, 34 young (34816K), 3 survivors (3072K)
 Metaspace       used 39829K, committed 40320K, reserved 1089536K
  class space    used 5194K, committed 5440K, reserved 1048576K
}
Event: 41.472 GC heap after
{Heap after GC invocations=9 (full 0):
 garbage-first heap   total 65536K, used 20527K [0x00000000e0000000, 0x0000000100000000)
  region size 1024K, 5 young (5120K), 5 survivors (5120K)
 Metaspace       used 39829K, committed 40320K, reserved 1089536K
  class space    used 5194K, committed 5440K, reserved 1048576K
}
Event: 42.620 GC heap before
{Heap before GC invocations=10 (full 0):
 garbage-first heap   total 68608K, used 45103K [0x00000000e0000000, 0x0000000100000000)
  region size 1024K, 30 young (30720K), 5 survivors (5120K)
 Metaspace       used 42202K, committed 42688K, reserved 1089536K
  class space    used 5557K, committed 5760K, reserved 1048576K
}
Event: 42.668 GC heap after
{Heap after GC invocations=11 (full 0):
 garbage-first heap   total 68608K, used 21911K [0x00000000e0000000, 0x0000000100000000)
  region size 1024K, 2 young (2048K), 2 survivors (2048K)
 Metaspace       used 42202K, committed 42688K, reserved 1089536K
  class space    used 5557K, committed 5760K, reserved 1048576K
}
Event: 45.110 GC heap before
{Heap before GC invocations=11 (full 0):
 garbage-first heap   total 68608K, used 49559K [0x00000000e0000000, 0x0000000100000000)
  region size 1024K, 30 young (30720K), 2 survivors (2048K)
 Metaspace       used 47107K, committed 47616K, reserved 1097728K
  class space    used 6463K, committed 6720K, reserved 1048576K
}
Event: 45.148 GC heap after
{Heap after GC invocations=12 (full 0):
 garbage-first heap   total 68608K, used 26384K [0x00000000e0000000, 0x0000000100000000)
  region size 1024K, 4 young (4096K), 4 survivors (4096K)
 Metaspace       used 47107K, committed 47616K, reserved 1097728K
  class space    used 6463K, committed 6720K, reserved 1048576K
}
Event: 47.112 GC heap before
{Heap before GC invocations=12 (full 0):
 garbage-first heap   total 68608K, used 49936K [0x00000000e0000000, 0x0000000100000000)
  region size 1024K, 27 young (27648K), 4 survivors (4096K)
 Metaspace       used 51072K, committed 51584K, reserved 1097728K
  class space    used 7475K, committed 7680K, reserved 1048576K
}
Event: 47.192 GC heap after
{Heap after GC invocations=13 (full 0):
 garbage-first heap   total 68608K, used 28855K [0x00000000e0000000, 0x0000000100000000)
  region size 1024K, 3 young (3072K), 3 survivors (3072K)
 Metaspace       used 51072K, committed 51584K, reserved 1097728K
  class space    used 7475K, committed 7680K, reserved 1048576K
}
Event: 48.829 GC heap before
{Heap before GC invocations=13 (full 0):
 garbage-first heap   total 68608K, used 50359K [0x00000000e0000000, 0x0000000100000000)
  region size 1024K, 24 young (24576K), 3 survivors (3072K)
 Metaspace       used 55019K, committed 55488K, reserved 1097728K
  class space    used 8283K, committed 8512K, reserved 1048576K
}
Event: 48.850 GC heap after
{Heap after GC invocations=14 (full 0):
 garbage-first heap   total 68608K, used 29895K [0x00000000e0000000, 0x0000000100000000)
  region size 1024K, 2 young (2048K), 2 survivors (2048K)
 Metaspace       used 55019K, committed 55488K, reserved 1097728K
  class space    used 8283K, committed 8512K, reserved 1048576K
}
Event: 52.850 GC heap before
{Heap before GC invocations=14 (full 0):
 garbage-first heap   total 68608K, used 52423K [0x00000000e0000000, 0x0000000100000000)
  region size 1024K, 24 young (24576K), 2 survivors (2048K)
 Metaspace       used 59392K, committed 59904K, reserved 1105920K
  class space    used 8833K, committed 9088K, reserved 1048576K
}
Event: 52.913 GC heap after
{Heap after GC invocations=15 (full 0):
 garbage-first heap   total 68608K, used 31530K [0x00000000e0000000, 0x0000000100000000)
  region size 1024K, 3 young (3072K), 3 survivors (3072K)
 Metaspace       used 59392K, committed 59904K, reserved 1105920K
  class space    used 8833K, committed 9088K, reserved 1048576K
}

Deoptimization events (20 events):
Event: 53.381 Thread 0x00007f4968842f70 DEOPT PACKING pc=0x00007f4954988884 sp=0x00007f4903dfdbd0
Event: 53.381 Thread 0x00007f4968842f70 DEOPT UNPACKING pc=0x00007f495402682f sp=0x00007f4903dfd070 mode 0
Event: 53.404 Thread 0x00007f4968842f70 DEOPT PACKING pc=0x00007f4954988884 sp=0x00007f4903dfdbd0
Event: 53.404 Thread 0x00007f4968842f70 DEOPT UNPACKING pc=0x00007f495402682f sp=0x00007f4903dfd070 mode 0
Event: 53.408 Thread 0x00007f4968842f70 DEOPT PACKING pc=0x00007f4954cc9607 sp=0x00007f4903dfdc10
Event: 53.408 Thread 0x00007f4968842f70 DEOPT UNPACKING pc=0x00007f495402682f sp=0x00007f4903dfd128 mode 0
Event: 53.413 Thread 0x00007f4968842f70 DEOPT PACKING pc=0x00007f495499c05f sp=0x00007f4903dfdf30
Event: 53.413 Thread 0x00007f4968842f70 DEOPT UNPACKING pc=0x00007f495402682f sp=0x00007f4903dfd410 mode 0
Event: 68.945 Thread 0x00007f48f809eda0 Uncommon trap: trap_request=0xffffff45 fr.pc=0x00007f495bc4bad4 relative=0x0000000000000134
Event: 68.945 Thread 0x00007f48f809eda0 Uncommon trap: reason=unstable_if action=reinterpret pc=0x00007f495bc4bad4 method=java.util.concurrent.locks.ReentrantLock$NonfairSync.initialTryLock()Z @ 10 c2
Event: 68.945 Thread 0x00007f48f809eda0 DEOPT PACKING pc=0x00007f495bc4bad4 sp=0x00007f49027f01b0
Event: 68.945 Thread 0x00007f48f809eda0 DEOPT UNPACKING pc=0x00007f4954026099 sp=0x00007f49027f0158 mode 2
Event: 72.010 Thread 0x00007f48fc02a370 Uncommon trap: trap_request=0xffffffcc fr.pc=0x00007f495bc510c4 relative=0x0000000000000324
Event: 72.010 Thread 0x00007f48fc02a370 Uncommon trap: reason=intrinsic_or_type_checked_inlining action=make_not_entrant pc=0x00007f495bc510c4 method=java.util.Arrays.copyOf([Ljava/lang/Object;ILjava/lang/Class;)[Ljava/lang/Object; @ 35 c2
Event: 72.010 Thread 0x00007f48fc02a370 DEOPT PACKING pc=0x00007f495bc510c4 sp=0x00007f4902dfe4d0
Event: 72.010 Thread 0x00007f48fc02a370 DEOPT UNPACKING pc=0x00007f4954026099 sp=0x00007f4902dfe460 mode 2
Event: 135.161 Thread 0x00007f4968842f70 Uncommon trap: trap_request=0xffffff45 fr.pc=0x00007f495bc57c90 relative=0x00000000000006f0
Event: 135.161 Thread 0x00007f4968842f70 Uncommon trap: reason=unstable_if action=reinterpret pc=0x00007f495bc57c90 method=io.netty.util.internal.DefaultPriorityQueue.bubbleUp(ILio/netty/util/internal/PriorityQueueNode;)V @ 1 c2
Event: 135.161 Thread 0x00007f4968842f70 DEOPT PACKING pc=0x00007f495bc57c90 sp=0x00007f4903dfe620
Event: 135.161 Thread 0x00007f4968842f70 DEOPT UNPACKING pc=0x00007f4954026099 sp=0x00007f4903dfe3f0 mode 2

Classes unloaded (0 events):
No events

Classes redefined (0 events):
No events

Internal exceptions (20 events):
Event: 44.324 Thread 0x00007f4968023d20 Exception <a 'java/lang/NoSuchMethodError'{0x00000000e2ed4dc8}: 'int java.lang.invoke.DirectMethodHandle$Holder.invokeStaticInit(java.lang.Object, int)'> (0x00000000e2ed4dc8) 
thrown [src/hotspot/share/interpreter/linkResolver.cpp, line 758]
Event: 45.326 Thread 0x00007f4968023d20 Exception <a 'java/lang/NoSuchMethodError'{0x00000000ff1cadd8}: 'int java.lang.invoke.DirectMethodHandle$Holder.invokeVirtual(java.lang.Object, java.lang.Object, java.lang.Object)'> (0x00000000ff1cadd8) 
thrown [src/hotspot/share/interpreter/linkResolver.cpp, line 758]
Event: 45.327 Thread 0x00007f4968023d20 Exception <a 'java/lang/NoSuchMethodError'{0x00000000ff1d0d30}: 'java.lang.Object java.lang.invoke.DirectMethodHandle$Holder.invokeVirtual(java.lang.Object, java.lang.Object, java.lang.Object)'> (0x00000000ff1d0d30) 
thrown [src/hotspot/share/interpreter/linkResolver.cpp, line 758]
Event: 48.531 Thread 0x00007f4968023d20 Implicit null exception at 0x00007f495bb70953 to 0x00007f495bb71368
Event: 49.635 Thread 0x00007f4968023d20 Exception <a 'java/lang/NoSuchMethodError'{0x00000000e3a49ea8}: 'long java.lang.invoke.DirectMethodHandle$Holder.invokeStatic(java.lang.Object)'> (0x00000000e3a49ea8) 
thrown [src/hotspot/share/interpreter/linkResolver.cpp, line 758]
Event: 50.109 Thread 0x00007f4968023d20 Exception <a 'java/lang/UnsatisfiedLinkError'{0x00000000e373fdd0}: 'int io.netty.channel.kqueue.Native.sizeofKEvent()'> (0x00000000e373fdd0) 
thrown [src/hotspot/share/prims/nativeLookup.cpp, line 543]
Event: 50.112 Thread 0x00007f4968023d20 Exception <a 'java/lang/ExceptionInInitializerError'{0x00000000e37404d0}> (0x00000000e37404d0) 
thrown [src/hotspot/share/oops/instanceKlass.cpp, line 1169]
Event: 50.214 Thread 0x00007f4968023d20 Exception <a 'java/lang/reflect/InvocationTargetException'{0x00000000e37fa870}> (0x00000000e37fa870) 
thrown [src/hotspot/share/runtime/reflection.cpp, line 1119]
Event: 50.963 Thread 0x00007f4968023d20 Exception <a 'java/lang/ClassNotFoundException'{0x00000000e3426c30}: com/sun/security/cert/internal/x509/X509V1CertImpl> (0x00000000e3426c30) 
thrown [src/hotspot/share/classfile/systemDictionary.cpp, line 256]
Event: 51.639 Thread 0x00007f4968023d20 Exception <a 'java/lang/NoSuchMethodError'{0x00000000e3302ea8}: 'java.lang.Object java.lang.invoke.DirectMethodHandle$Holder.newInvokeSpecial(java.lang.Object, java.lang.Object, java.lang.Object, java.lang.Object, java.lang.Object, java.lang.Object, java.lang.Object, int)'> (0x00000000e3302ea8) 
thrown [src/hotspot/share/interpreter/linkResolver.cpp, line 758]
Event: 51.639 Thread 0x00007f4968023d20 Exception <a 'java/lang/NoSuchMethodError'{0x00000000e33081f8}: 'java.lang.Object java.lang.invoke.DirectMethodHandle$Holder.invokeSpecial(java.lang.Object, java.lang.Object, java.lang.Object, java.lang.Object, java.lang.Object, java.lang.Object, java.lang.Object, java.lang.Object, int)'> (0x00000000e33081f8) 
thrown [src/hotspot/share/interpreter/linkResolver.cpp, line 758]
Event: 51.639 Thread 0x00007f4968023d20 Exception <a 'java/lang/NoSuchMethodError'{0x00000000e330ccc0}: 'java.lang.Object java.lang.invoke.Invokers$Holder.linkToTargetMethod(java.lang.Object, java.lang.Object, java.lang.Object, java.lang.Object, java.lang.Object, java.lang.Object, int, java.lang.Object)'> (0x00000000e330ccc0) 
thrown [src/hotspot/share/interpreter/linkResolver.cpp, line 758]
Event: 52.492 Thread 0x00007f4968023d20 Exception <a 'java/lang/NoSuchMethodError'{0x00000000e321ed38}: 'int java.lang.invoke.DirectMethodHandle$Holder.invokeStatic(java.lang.Object)'> (0x00000000e321ed38) 
thrown [src/hotspot/share/interpreter/linkResolver.cpp, line 758]
Event: 52.492 Thread 0x00007f4968023d20 Exception <a 'java/lang/NoSuchMethodError'{0x00000000e3222138}: 'int java.lang.invoke.DirectMethodHandle$Holder.invokeStaticInit(java.lang.Object)'> (0x00000000e3222138) 
thrown [src/hotspot/share/interpreter/linkResolver.cpp, line 758]
Event: 52.616 Thread 0x00007f4968023d20 Exception <a 'java/lang/UnsatisfiedLinkError'{0x00000000e32dcdd8}> (0x00000000e32dcdd8) 
thrown [src/hotspot/share/prims/jvm.cpp, line 3384]
Event: 52.616 Thread 0x00007f4968023d20 Exception <a 'java/lang/UnsatisfiedLinkError'{0x00000000e32dcdd8}> (0x00000000e32dcdd8) 
thrown [src/hotspot/share/prims/jni.cpp, line 516]
Event: 52.621 Thread 0x00007f4968023d20 Exception <a 'java/lang/UnsatisfiedLinkError'{0x00000000e32e35c0}> (0x00000000e32e35c0) 
thrown [src/hotspot/share/prims/jvm.cpp, line 3384]
Event: 52.621 Thread 0x00007f4968023d20 Exception <a 'java/lang/UnsatisfiedLinkError'{0x00000000e32e35c0}> (0x00000000e32e35c0) 
thrown [src/hotspot/share/prims/jni.cpp, line 516]
Event: 52.627 Thread 0x00007f4968023d20 Exception <a 'java/lang/UnsatisfiedLinkError'{0x00000000e32e99e8}> (0x00000000e32e99e8) 
thrown [src/hotspot/share/prims/jvm.cpp, line 3384]
Event: 52.627 Thread 0x00007f4968023d20 Exception <a 'java/lang/UnsatisfiedLinkError'{0x00000000e32e99e8}> (0x00000000e32e99e8) 
thrown [src/hotspot/share/prims/jni.cpp, line 516]

VM Operations (20 events):
Event: 71.934 Executing VM operation: Cleanup
Event: 71.934 Executing VM operation: Cleanup done
Event: 78.937 Executing VM operation: Cleanup
Event: 78.937 Executing VM operation: Cleanup done
Event: 92.953 Executing VM operation: Cleanup
Event: 92.953 Executing VM operation: Cleanup done
Event: 93.954 Executing VM operation: Cleanup
Event: 93.955 Executing VM operation: Cleanup done
Event: 94.955 Executing VM operation: Cleanup
Event: 94.955 Executing VM operation: Cleanup done
Event: 98.956 Executing VM operation: Cleanup
Event: 98.957 Executing VM operation: Cleanup done
Event: 99.957 Executing VM operation: Cleanup
Event: 99.957 Executing VM operation: Cleanup done
Event: 100.957 Executing VM operation: Cleanup
Event: 100.957 Executing VM operation: Cleanup done
Event: 113.968 Executing VM operation: Cleanup
Event: 113.968 Executing VM operation: Cleanup done
Event: 144.035 Executing VM operation: Cleanup
Event: 144.035 Executing VM operation: Cleanup done

Events (20 events):
Event: 53.417 Thread 0x00007f4968c89130 Thread exited: 0x00007f4968c89130
Event: 53.417 Thread 0x00007f4968c05750 Thread exited: 0x00007f4968c05750
Event: 53.418 Thread 0x00007f4968c80b30 Thread exited: 0x00007f4968c80b30
Event: 53.418 Thread 0x00007f4968c66200 Thread exited: 0x00007f4968c66200
Event: 53.418 Thread 0x00007f4968c3d4d0 Thread exited: 0x00007f4968c3d4d0
Event: 53.418 Thread 0x00007f4968c74050 Thread exited: 0x00007f4968c74050
Event: 53.419 Thread 0x00007f4968c51f10 Thread exited: 0x00007f4968c51f10
Event: 53.419 Thread 0x00007f4968c34cf0 Thread exited: 0x00007f4968c34cf0
Event: 53.419 Thread 0x00007f4968c5d870 Thread exited: 0x00007f4968c5d870
Event: 53.419 Thread 0x00007f4968b43a30 Thread exited: 0x00007f4968b43a30
Event: 53.420 Thread 0x00007f4968c4c920 Thread exited: 0x00007f4968c4c920
Event: 53.421 Thread 0x00007f4968be9340 Thread exited: 0x00007f4968be9340
Event: 53.425 Protecting memory [0x00007f48f7d00000,0x00007f48f7d04000] with protection modes 0
Event: 53.684 Thread 0x00007f4944013ec0 Thread exited: 0x00007f4944013ec0
Event: 68.945 loading class sun/security/ssl/Alert$AlertMessage
Event: 68.945 loading class sun/security/ssl/Alert$AlertMessage done
Event: 99.963 Thread 0x00007f4908117330 Thread exited: 0x00007f4908117330
Event: 100.000 Thread 0x00007f4968a35fb0 Thread exited: 0x00007f4968a35fb0
Event: 113.419 Thread 0x00007f4968f333b0 Thread exited: 0x00007f4968f333b0
Event: 113.426 Thread 0x000055ea5c7accd0 Thread exited: 0x000055ea5c7accd0


Dynamic libraries:
e0000000-e3f00000 rw-p 00000000 00:00 0 
e3f00000-ff100000 ---p 00000000 00:00 0 
ff100000-ff200000 rw-p 00000000 00:00 0 
ff200000-ff500000 ---p 00000000 00:00 0 
ff500000-ff600000 rw-p 00000000 00:00 0 
ff600000-ffe00000 ---p 00000000 00:00 0 
ffe00000-ffe6a000 rw-p 00b29000 00:c16 750274597                         /nix/store/3kwffh5z52ali43lprv3p5id9yz78xmd-temurin-jre-bin-17.0.4/lib/server/classes.jsa
ffe6a000-fff00000 rw-p 00000000 00:00 0 
fff00000-fff7d000 rw-p 00aac000 00:c16 750274597                         /nix/store/3kwffh5z52ali43lprv3p5id9yz78xmd-temurin-jre-bin-17.0.4/lib/server/classes.jsa
fff7d000-100000000 rw-p 00000000 00:00 0 
800000000-80044c000 rw-p 00001000 00:c16 750274597                       /nix/store/3kwffh5z52ali43lprv3p5id9yz78xmd-temurin-jre-bin-17.0.4/lib/server/classes.jsa
80044c000-800a79000 r--p 0044d000 00:c16 750274597                       /nix/store/3kwffh5z52ali43lprv3p5id9yz78xmd-temurin-jre-bin-17.0.4/lib/server/classes.jsa
800a79000-800c00000 ---p 00000000 00:00 0 
800c00000-800c30000 rw-p 00000000 00:00 0 
800c30000-800c70000 rw-p 00000000 00:00 0 
800c70000-800cd0000 rw-p 00000000 00:00 0 
800cd0000-800d30000 rw-p 00000000 00:00 0 
800d30000-800db0000 rw-p 00000000 00:00 0 
800db0000-800e30000 rw-p 00000000 00:00 0 
800e30000-800e50000 rw-p 00000000 00:00 0 
800e50000-800eb0000 rw-p 00000000 00:00 0 
800eb0000-8014b0000 rw-p 00000000 00:00 0 
8014b0000-8014d0000 rw-p 00000000 00:00 0 
8014d0000-801500000 ---p 00000000 00:00 0 
801500000-801530000 rw-p 00000000 00:00 0 
801530000-840c00000 ---p 00000000 00:00 0 
55ea5ab55000-55ea5ab56000 r--p 00000000 00:c16 742149912                 /nix/store/3kwffh5z52ali43lprv3p5id9yz78xmd-temurin-jre-bin-17.0.4/bin/.java-wrapped
55ea5ab56000-55ea5ab57000 r-xp 00001000 00:c16 742149912                 /nix/store/3kwffh5z52ali43lprv3p5id9yz78xmd-temurin-jre-bin-17.0.4/bin/.java-wrapped
55ea5ab57000-55ea5ab58000 r--p 00002000 00:c16 742149912                 /nix/store/3kwffh5z52ali43lprv3p5id9yz78xmd-temurin-jre-bin-17.0.4/bin/.java-wrapped
55ea5ab58000-55ea5ab59000 r--p 00002000 00:c16 742149912                 /nix/store/3kwffh5z52ali43lprv3p5id9yz78xmd-temurin-jre-bin-17.0.4/bin/.java-wrapped
55ea5ab59000-55ea5ab5a000 rw-p 00003000 00:c16 742149912                 /nix/store/3kwffh5z52ali43lprv3p5id9yz78xmd-temurin-jre-bin-17.0.4/bin/.java-wrapped
55ea5ab5a000-55ea5ab5b000 rw-p 00004000 00:c16 742149912                 /nix/store/3kwffh5z52ali43lprv3p5id9yz78xmd-temurin-jre-bin-17.0.4/bin/.java-wrapped
55ea5ab5b000-55ea5ab5c000 rw-p 00005000 00:c16 742149912                 /nix/store/3kwffh5z52ali43lprv3p5id9yz78xmd-temurin-jre-bin-17.0.4/bin/.java-wrapped
55ea5c791000-55ea5c7b2000 rw-p 00000000 00:00 0                          [heap]
7f48f0000000-7f48f0021000 rw-p 00000000 00:00 0 
7f48f0021000-7f48f4000000 ---p 00000000 00:00 0 
7f48f716b000-7f48f7640000 rw-p 00000000 00:00 0 
7f48f7640000-7f48f7c00000 ---p 00000000 00:00 0 
7f48f7d00000-7f48f7d04000 ---p 00000000 00:00 0 
7f48f7d04000-7f48f7e00000 rw-p 00000000 00:00 0 
7f48f7e00000-7f48f7e04000 ---p 00000000 00:00 0 
7f48f7e04000-7f48f7f00000 rw-p 00000000 00:00 0 
7f48f7f00000-7f48f7f04000 ---p 00000000 00:00 0 
7f48f7f04000-7f48f8000000 rw-p 00000000 00:00 0 
7f48f8000000-7f48f80a2000 rw-p 00000000 00:00 0 
7f48f80a2000-7f48fc000000 ---p 00000000 00:00 0 
7f48fc000000-7f48fc0c9000 rw-p 00000000 00:00 0 
7f48fc0c9000-7f4900000000 ---p 00000000 00:00 0 
7f49000ff000-7f4900103000 ---p 00000000 00:00 0 
7f4900103000-7f4900600000 rw-p 00000000 00:00 0 
7f4900600000-7f4900826000 r-xp 00000000 00:87 400                        /tmp/libnetty_tcnative_linux_x86_647006263444528443343.so (deleted)
7f4900826000-7f4900a25000 ---p 00226000 00:87 400                        /tmp/libnetty_tcnative_linux_x86_647006263444528443343.so (deleted)
7f4900a25000-7f4900a37000 r--p 00225000 00:87 400                        /tmp/libnetty_tcnative_linux_x86_647006263444528443343.so (deleted)
7f4900a37000-7f4900a38000 rw-p 00237000 00:87 400                        /tmp/libnetty_tcnative_linux_x86_647006263444528443343.so (deleted)
7f4900a38000-7f4900a3a000 rw-p 00000000 00:00 0 
7f4900b00000-7f4900b04000 ---p 00000000 00:00 0 
7f4900b04000-7f4901400000 rw-p 00000000 00:00 0 
7f4901400000-7f4901404000 ---p 00000000 00:00 0 
7f4901404000-7f4901500000 rw-p 00000000 00:00 0 
7f4901500000-7f4901504000 ---p 00000000 00:00 0 
7f4901504000-7f4901600000 rw-p 00000000 00:00 0 
7f4901600000-7f4901604000 ---p 00000000 00:00 0 
7f4901604000-7f4901700000 rw-p 00000000 00:00 0 
7f4901700000-7f4901704000 ---p 00000000 00:00 0 
7f4901704000-7f4901800000 rw-p 00000000 00:00 0 
7f4901800000-7f4901804000 ---p 00000000 00:00 0 
7f4901804000-7f4901900000 rw-p 00000000 00:00 0 
7f4901900000-7f4901904000 ---p 00000000 00:00 0 
7f4901904000-7f4901a00000 rw-p 00000000 00:00 0 
7f4901a00000-7f4901a04000 ---p 00000000 00:00 0 
7f4901a04000-7f4901b00000 rw-p 00000000 00:00 0 
7f4901b00000-7f4901b04000 ---p 00000000 00:00 0 
7f4901b04000-7f4902400000 rw-p 00000000 00:00 0 
7f49024f2000-7f49024f6000 ---p 00000000 00:00 0 
7f49024f6000-7f49025f2000 rw-p 00000000 00:00 0 
7f49025f2000-7f49025f6000 ---p 00000000 00:00 0 
7f49025f6000-7f49026f2000 rw-p 00000000 00:00 0 
7f49026f2000-7f49026f6000 ---p 00000000 00:00 0 
7f49026f6000-7f49027f2000 rw-p 00000000 00:00 0 
7f49027f2000-7f49027f6000 ---p 00000000 00:00 0 
7f49027f6000-7f49028f2000 rw-p 00000000 00:00 0 
7f49028f2000-7f49028f6000 ---p 00000000 00:00 0 
7f49028f6000-7f49029f2000 rw-p 00000000 00:00 0 
7f49029f2000-7f49029f6000 ---p 00000000 00:00 0 
7f49029f6000-7f4902af2000 rw-p 00000000 00:00 0 
7f4902b00000-7f4902b04000 ---p 00000000 00:00 0 
7f4902b04000-7f4902c00000 rw-p 00000000 00:00 0 
7f4902c00000-7f4902c04000 ---p 00000000 00:00 0 
7f4902c04000-7f4902d00000 rw-p 00000000 00:00 0 
7f4902d00000-7f4902d04000 ---p 00000000 00:00 0 
7f4902d04000-7f4902e00000 rw-p 00000000 00:00 0 
7f4902e00000-7f4902e04000 ---p 00000000 00:00 0 
7f4902e04000-7f4902f00000 rw-p 00000000 00:00 0 
7f4902f00000-7f4902f04000 ---p 00000000 00:00 0 
7f4902f04000-7f49036f0000 rw-p 00000000 00:00 0 
7f49036f0000-7f49037d0000 rw-p 00000000 00:00 0 
7f49037d0000-7f4903804000 ---p 00000000 00:00 0 
7f4903804000-7f4903900000 rw-p 00000000 00:00 0 
7f4903900000-7f4903904000 ---p 00000000 00:00 0 
7f4903904000-7f4903a00000 rw-p 00000000 00:00 0 
7f4903a00000-7f4903a12000 r-xp 00000000 00:87 399                        /tmp/libnetty_transport_native_epoll_x86_6410165344009589706994.so (deleted)
7f4903a12000-7f4903c11000 ---p 00012000 00:87 399                        /tmp/libnetty_transport_native_epoll_x86_6410165344009589706994.so (deleted)
7f4903c11000-7f4903c13000 r--p 00011000 00:87 399                        /tmp/libnetty_transport_native_epoll_x86_6410165344009589706994.so (deleted)
7f4903c13000-7f4903c14000 rw-p 00000000 00:00 0 
7f4903d00000-7f4903d04000 ---p 00000000 00:00 0 
7f4903d04000-7f4903e00000 rw-p 00000000 00:00 0 
7f4903e00000-7f4903e04000 ---p 00000000 00:00 0 
7f4903e04000-7f4903f00000 rw-p 00000000 00:00 0 
7f4903f00000-7f4903f04000 ---p 00000000 00:00 0 
7f4903f04000-7f4904000000 rw-p 00000000 00:00 0 
7f4904000000-7f490406a000 rw-p 00000000 00:00 0 
7f490406a000-7f4908000000 ---p 00000000 00:00 0 
7f4908000000-7f490812f000 rw-p 00000000 00:00 0 
7f490812f000-7f490c000000 ---p 00000000 00:00 0 
7f490c000000-7f490c021000 rw-p 00000000 00:00 0 
7f490c021000-7f4910000000 ---p 00000000 00:00 0 
7f4910000000-7f49100e3000 rw-p 00000000 00:00 0 
7f49100e3000-7f4914000000 ---p 00000000 00:00 0 
7f4914000000-7f4914021000 rw-p 00000000 00:00 0 
7f4914021000-7f4918000000 ---p 00000000 00:00 0 
7f4918000000-7f4918021000 rw-p 00000000 00:00 0 
7f4918021000-7f491c000000 ---p 00000000 00:00 0 
7f491c000000-7f491d4f4000 rw-p 00000000 00:00 0 
7f491d4f4000-7f4920000000 ---p 00000000 00:00 0 
7f4920000000-7f49209a6000 rw-p 00000000 00:00 0 
7f49209a6000-7f4924000000 ---p 00000000 00:00 0 
7f4924000000-7f4924021000 rw-p 00000000 00:00 0 
7f4924021000-7f4928000000 ---p 00000000 00:00 0 
7f4928000000-7f4928021000 rw-p 00000000 00:00 0 
7f4928021000-7f492c000000 ---p 00000000 00:00 0 
7f492c000000-7f492c021000 rw-p 00000000 00:00 0 
7f492c021000-7f4930000000 ---p 00000000 00:00 0 
7f4930000000-7f4930021000 rw-p 00000000 00:00 0 
7f4930021000-7f4934000000 ---p 00000000 00:00 0 
7f4934000000-7f4934021000 rw-p 00000000 00:00 0 
7f4934021000-7f4938000000 ---p 00000000 00:00 0 
7f4938000000-7f4938021000 rw-p 00000000 00:00 0 
7f4938021000-7f493c000000 ---p 00000000 00:00 0 
7f493c000000-7f493c021000 rw-p 00000000 00:00 0 
7f493c021000-7f4940000000 ---p 00000000 00:00 0 
7f4940000000-7f4940021000 rw-p 00000000 00:00 0 
7f4940021000-7f4944000000 ---p 00000000 00:00 0 
7f4944000000-7f4944021000 rw-p 00000000 00:00 0 
7f4944021000-7f4948000000 ---p 00000000 00:00 0 
7f4948000000-7f4948194000 rw-p 00000000 00:00 0 
7f4948194000-7f494c000000 ---p 00000000 00:00 0 
7f494c000000-7f494c021000 rw-p 00000000 00:00 0 
7f494c021000-7f4950000000 ---p 00000000 00:00 0 
7f4950000000-7f49500f0000 rw-p 00000000 00:00 0 
7f49500f0000-7f4950110000 rw-p 00000000 00:00 0 
7f4950110000-7f4950130000 rw-p 00000000 00:00 0 
7f4950130000-7f4950170000 rw-p 00000000 00:00 0 
7f4950170000-7f49502f0000 rw-p 00000000 00:00 0 
7f49502f0000-7f49503f0000 rw-p 00000000 00:00 0 
7f49503f0000-7f49507f0000 rw-p 00000000 00:00 0 
7f49507f0000-7f49508f0000 rw-p 00000000 00:00 0 
7f49508f0000-7f4950af0000 rw-p 00000000 00:00 0 
7f4950af0000-7f4950cf0000 rw-p 00000000 00:00 0 
7f4950cf0000-7f4950d10000 rw-p 00000000 00:00 0 
7f4950d10000-7f4950d30000 rw-p 00000000 00:00 0 
7f4950d30000-7f4950d70000 rw-p 00000000 00:00 0 
7f4950d70000-7f4950ef0000 rw-p 00000000 00:00 0 
7f4950ef0000-7f4950f70000 rw-p 00000000 00:00 0 
7f4950f70000-7f4951000000 rw-p 00000000 00:00 0 
7f4951008000-7f4951035000 r--p 00000000 00:c16 750274374                 /nix/store/3kwffh5z52ali43lprv3p5id9yz78xmd-temurin-jre-bin-17.0.4/lib/libawt.so
7f4951035000-7f49510b7000 r-xp 0002d000 00:c16 750274374                 /nix/store/3kwffh5z52ali43lprv3p5id9yz78xmd-temurin-jre-bin-17.0.4/lib/libawt.so
7f49510b7000-7f49510c4000 r--p 000af000 00:c16 750274374                 /nix/store/3kwffh5z52ali43lprv3p5id9yz78xmd-temurin-jre-bin-17.0.4/lib/libawt.so
7f49510c4000-7f49510c5000 r--p 000bb000 00:c16 750274374                 /nix/store/3kwffh5z52ali43lprv3p5id9yz78xmd-temurin-jre-bin-17.0.4/lib/libawt.so
7f49510c5000-7f49510d0000 rw-p 000bc000 00:c16 750274374                 /nix/store/3kwffh5z52ali43lprv3p5id9yz78xmd-temurin-jre-bin-17.0.4/lib/libawt.so
7f49510d0000-7f49510f5000 rw-p 00000000 00:00 0 
7f49510f5000-7f49510fe000 rw-p 000d5000 00:c16 750274374                 /nix/store/3kwffh5z52ali43lprv3p5id9yz78xmd-temurin-jre-bin-17.0.4/lib/libawt.so
7f49510fe000-7f49510ff000 ---p 00000000 00:00 0 
7f49510ff000-7f4951200000 rw-p 00000000 00:00 0 
7f4951200000-7f4951203000 r-xp 00000000 00:87 391                        /tmp/jansi-2.4.0-2d207e5fb8fbb64f-libjansi.so
7f4951203000-7f4951402000 ---p 00003000 00:87 391                        /tmp/jansi-2.4.0-2d207e5fb8fbb64f-libjansi.so
7f4951402000-7f4951403000 rw-p 00002000 00:87 391                        /tmp/jansi-2.4.0-2d207e5fb8fbb64f-libjansi.so
7f49514d0000-7f49514d1000 ---p 00000000 00:00 0 
7f49514d1000-7f49515d2000 rw-p 00000000 00:00 0 
7f49515d2000-7f49515d6000 ---p 00000000 00:00 0 
7f49515d6000-7f49516d2000 rw-p 00000000 00:00 0 
7f49516d2000-7f49516d6000 ---p 00000000 00:00 0 
7f49516d6000-7f49517d2000 rw-p 00000000 00:00 0 
7f49517d2000-7f49517d3000 ---p 00000000 00:00 0 
7f49517d3000-7f49518d4000 rw-p 00000000 00:00 0 
7f49518d4000-7f49518d8000 ---p 00000000 00:00 0 
7f49518d8000-7f49519d4000 rw-p 00000000 00:00 0 
7f49519d4000-7f49519d8000 ---p 00000000 00:00 0 
7f49519d8000-7f4951ad4000 rw-p 00000000 00:00 0 
7f4951ad4000-7f4951ad8000 ---p 00000000 00:00 0 
7f4951ad8000-7f4951bd4000 rw-p 00000000 00:00 0 
7f4951bd4000-7f4951bd8000 ---p 00000000 00:00 0 
7f4951bd8000-7f4951cd4000 rw-p 00000000 00:00 0 
7f4951cd4000-7f4951cd8000 ---p 00000000 00:00 0 
7f4951cd8000-7f4951dd4000 rw-p 00000000 00:00 0 
7f4951dd4000-7f4951dd8000 ---p 00000000 00:00 0 
7f4951dd8000-7f4951ed4000 rw-p 00000000 00:00 0 
7f4951ed4000-7f4951ed8000 ---p 00000000 00:00 0 
7f4951ed8000-7f4953fd4000 rw-p 00000000 00:00 0 
7f4953fd4000-7f4954244000 rwxp 00000000 00:00 0 
7f4954244000-7f4954563000 ---p 00000000 00:00 0 
7f4954563000-7f4954d53000 rwxp 00000000 00:00 0 
7f4954d53000-7f495ba9b000 ---p 00000000 00:00 0 
7f495ba9b000-7f495bd0b000 rwxp 00000000 00:00 0 
7f495bd0b000-7f4962fd4000 ---p 00000000 00:00 0 
7f4962fd4000-7f4968000000 r--s 00000000 00:c16 750274431                 /nix/store/3kwffh5z52ali43lprv3p5id9yz78xmd-temurin-jre-bin-17.0.4/lib/modules
7f4968000000-7f4969218000 rw-p 00000000 00:00 0 
7f4969218000-7f496c000000 ---p 00000000 00:00 0 
7f496c01a000-7f496c300000 r--p 00000000 00:2f9 28444448                  /usr/lib/locale/locale-archive
7f496c300000-7f496c304000 ---p 00000000 00:00 0 
7f496c304000-7f496c7f0000 rw-p 00000000 00:00 0 
7f496c7f0000-7f496cc00000 rw-p 00000000 00:00 0 
7f496cc74000-7f496cc75000 r--p 00000000 00:87 402                        /tmp/native-11738557985307084817.so
7f496cc75000-7f496cc7f000 r-xp 00001000 00:87 402                        /tmp/native-11738557985307084817.so
7f496cc7f000-7f496cc81000 r--p 0000b000 00:87 402                        /tmp/native-11738557985307084817.so
7f496cc81000-7f496cc82000 r--p 0000c000 00:87 402                        /tmp/native-11738557985307084817.so
7f496cc82000-7f496cc83000 rw-p 0000d000 00:87 402                        /tmp/native-11738557985307084817.so
7f496cc83000-7f496cc84000 rw-p 00000000 00:00 0 
7f496cc84000-7f496cc85000 r--p 00000000 00:c16 750274378                 /nix/store/3kwffh5z52ali43lprv3p5id9yz78xmd-temurin-jre-bin-17.0.4/lib/libextnet.so
7f496cc85000-7f496cc86000 r-xp 00001000 00:c16 750274378                 /nix/store/3kwffh5z52ali43lprv3p5id9yz78xmd-temurin-jre-bin-17.0.4/lib/libextnet.so
7f496cc86000-7f496cc87000 r--p 00002000 00:c16 750274378                 /nix/store/3kwffh5z52ali43lprv3p5id9yz78xmd-temurin-jre-bin-17.0.4/lib/libextnet.so
7f496cc87000-7f496cc88000 r--p 00002000 00:c16 750274378                 /nix/store/3kwffh5z52ali43lprv3p5id9yz78xmd-temurin-jre-bin-17.0.4/lib/libextnet.so
7f496cc88000-7f496cc89000 rw-p 00003000 00:c16 750274378                 /nix/store/3kwffh5z52ali43lprv3p5id9yz78xmd-temurin-jre-bin-17.0.4/lib/libextnet.so
7f496cc89000-7f496cc8a000 rw-p 00005000 00:c16 750274378                 /nix/store/3kwffh5z52ali43lprv3p5id9yz78xmd-temurin-jre-bin-17.0.4/lib/libextnet.so
7f496cc8a000-7f496cc8d000 r--p 00000000 00:c16 750274375                 /nix/store/3kwffh5z52ali43lprv3p5id9yz78xmd-temurin-jre-bin-17.0.4/lib/libawt_headless.so
7f496cc8d000-7f496cc91000 r-xp 00003000 00:c16 750274375                 /nix/store/3kwffh5z52ali43lprv3p5id9yz78xmd-temurin-jre-bin-17.0.4/lib/libawt_headless.so
7f496cc91000-7f496cc93000 r--p 00007000 00:c16 750274375                 /nix/store/3kwffh5z52ali43lprv3p5id9yz78xmd-temurin-jre-bin-17.0.4/lib/libawt_headless.so
7f496cc93000-7f496cc94000 r--p 00008000 00:c16 750274375                 /nix/store/3kwffh5z52ali43lprv3p5id9yz78xmd-temurin-jre-bin-17.0.4/lib/libawt_headless.so
7f496cc94000-7f496cc95000 rw-p 00009000 00:c16 750274375                 /nix/store/3kwffh5z52ali43lprv3p5id9yz78xmd-temurin-jre-bin-17.0.4/lib/libawt_headless.so
7f496cc95000-7f496cc97000 rw-p 0000c000 00:c16 750274375                 /nix/store/3kwffh5z52ali43lprv3p5id9yz78xmd-temurin-jre-bin-17.0.4/lib/libawt_headless.so
7f496cc97000-7f496cc9b000 r--p 00000000 00:c16 750274429                 /nix/store/3kwffh5z52ali43lprv3p5id9yz78xmd-temurin-jre-bin-17.0.4/lib/libverify.so
7f496cc9b000-7f496cca2000 r-xp 00004000 00:c16 750274429                 /nix/store/3kwffh5z52ali43lprv3p5id9yz78xmd-temurin-jre-bin-17.0.4/lib/libverify.so
7f496cca2000-7f496cca4000 r--p 0000b000 00:c16 750274429                 /nix/store/3kwffh5z52ali43lprv3p5id9yz78xmd-temurin-jre-bin-17.0.4/lib/libverify.so
7f496cca4000-7f496cca6000 r--p 0000c000 00:c16 750274429                 /nix/store/3kwffh5z52ali43lprv3p5id9yz78xmd-temurin-jre-bin-17.0.4/lib/libverify.so
7f496cca6000-7f496cca7000 rw-p 0000e000 00:c16 750274429                 /nix/store/3kwffh5z52ali43lprv3p5id9yz78xmd-temurin-jre-bin-17.0.4/lib/libverify.so
7f496cca7000-7f496cca8000 rw-p 00010000 00:c16 750274429                 /nix/store/3kwffh5z52ali43lprv3p5id9yz78xmd-temurin-jre-bin-17.0.4/lib/libverify.so
7f496cca8000-7f496ccaa000 r--p 00000000 00:c16 750274411                 /nix/store/3kwffh5z52ali43lprv3p5id9yz78xmd-temurin-jre-bin-17.0.4/lib/libmanagement_ext.so
7f496ccaa000-7f496ccad000 r-xp 00002000 00:c16 750274411                 /nix/store/3kwffh5z52ali43lprv3p5id9yz78xmd-temurin-jre-bin-17.0.4/lib/libmanagement_ext.so
7f496ccad000-7f496ccae000 r--p 00005000 00:c16 750274411                 /nix/store/3kwffh5z52ali43lprv3p5id9yz78xmd-temurin-jre-bin-17.0.4/lib/libmanagement_ext.so
7f496ccae000-7f496ccaf000 ---p 00006000 00:c16 750274411                 /nix/store/3kwffh5z52ali43lprv3p5id9yz78xmd-temurin-jre-bin-17.0.4/lib/libmanagement_ext.so
7f496ccaf000-7f496ccb0000 r--p 00006000 00:c16 750274411                 /nix/store/3kwffh5z52ali43lprv3p5id9yz78xmd-temurin-jre-bin-17.0.4/lib/libmanagement_ext.so
7f496ccb0000-7f496ccb1000 rw-p 00007000 00:c16 750274411                 /nix/store/3kwffh5z52ali43lprv3p5id9yz78xmd-temurin-jre-bin-17.0.4/lib/libmanagement_ext.so
7f496ccb1000-7f496ccb2000 rw-p 0000a000 00:c16 750274411                 /nix/store/3kwffh5z52ali43lprv3p5id9yz78xmd-temurin-jre-bin-17.0.4/lib/libmanagement_ext.so
7f496ccb2000-7f496ccb5000 r--p 00000000 00:c16 750274409                 /nix/store/3kwffh5z52ali43lprv3p5id9yz78xmd-temurin-jre-bin-17.0.4/lib/libmanagement.so
7f496ccb5000-7f496ccb6000 r-xp 00003000 00:c16 750274409                 /nix/store/3kwffh5z52ali43lprv3p5id9yz78xmd-temurin-jre-bin-17.0.4/lib/libmanagement.so
7f496ccb6000-7f496ccb7000 r--p 00004000 00:c16 750274409                 /nix/store/3kwffh5z52ali43lprv3p5id9yz78xmd-temurin-jre-bin-17.0.4/lib/libmanagement.so
7f496ccb7000-7f496ccb8000 r--p 00004000 00:c16 750274409                 /nix/store/3kwffh5z52ali43lprv3p5id9yz78xmd-temurin-jre-bin-17.0.4/lib/libmanagement.so
7f496ccb8000-7f496ccb9000 rw-p 00005000 00:c16 750274409                 /nix/store/3kwffh5z52ali43lprv3p5id9yz78xmd-temurin-jre-bin-17.0.4/lib/libmanagement.so
7f496ccb9000-7f496ccbb000 rw-p 00008000 00:c16 750274409                 /nix/store/3kwffh5z52ali43lprv3p5id9yz78xmd-temurin-jre-bin-17.0.4/lib/libmanagement.so
7f496ccbb000-7f496ccbd000 r--p 00000000 00:c16 750274430                 /nix/store/3kwffh5z52ali43lprv3p5id9yz78xmd-temurin-jre-bin-17.0.4/lib/libzip.so
7f496ccbd000-7f496ccc1000 r-xp 00002000 00:c16 750274430                 /nix/store/3kwffh5z52ali43lprv3p5id9yz78xmd-temurin-jre-bin-17.0.4/lib/libzip.so
7f496ccc1000-7f496ccc3000 r--p 00006000 00:c16 750274430                 /nix/store/3kwffh5z52ali43lprv3p5id9yz78xmd-temurin-jre-bin-17.0.4/lib/libzip.so
7f496ccc3000-7f496ccc4000 r--p 00007000 00:c16 750274430                 /nix/store/3kwffh5z52ali43lprv3p5id9yz78xmd-temurin-jre-bin-17.0.4/lib/libzip.so
7f496ccc4000-7f496ccc5000 rw-p 00008000 00:c16 750274430                 /nix/store/3kwffh5z52ali43lprv3p5id9yz78xmd-temurin-jre-bin-17.0.4/lib/libzip.so
7f496ccc5000-7f496ccc6000 rw-p 0000b000 00:c16 750274430                 /nix/store/3kwffh5z52ali43lprv3p5id9yz78xmd-temurin-jre-bin-17.0.4/lib/libzip.so
7f496ccc6000-7f496ccca000 r--p 00000000 00:c16 750274422                 /nix/store/3kwffh5z52ali43lprv3p5id9yz78xmd-temurin-jre-bin-17.0.4/lib/libnet.so
7f496ccca000-7f496ccd8000 r-xp 00004000 00:c16 750274422                 /nix/store/3kwffh5z52ali43lprv3p5id9yz78xmd-temurin-jre-bin-17.0.4/lib/libnet.so
7f496ccd8000-7f496ccdc000 r--p 00012000 00:c16 750274422                 /nix/store/3kwffh5z52ali43lprv3p5id9yz78xmd-temurin-jre-bin-17.0.4/lib/libnet.so
7f496ccdc000-7f496ccdd000 r--p 00015000 00:c16 750274422                 /nix/store/3kwffh5z52ali43lprv3p5id9yz78xmd-temurin-jre-bin-17.0.4/lib/libnet.so
7f496ccdd000-7f496ccde000 rw-p 00016000 00:c16 750274422                 /nix/store/3kwffh5z52ali43lprv3p5id9yz78xmd-temurin-jre-bin-17.0.4/lib/libnet.so
7f496ccde000-7f496cce0000 rw-p 0001b000 00:c16 750274422                 /nix/store/3kwffh5z52ali43lprv3p5id9yz78xmd-temurin-jre-bin-17.0.4/lib/libnet.so
7f496cce0000-7f496cce7000 r--p 00000000 00:c16 750274423                 /nix/store/3kwffh5z52ali43lprv3p5id9yz78xmd-temurin-jre-bin-17.0.4/lib/libnio.so
7f496cce7000-7f496ccf0000 r-xp 00007000 00:c16 750274423                 /nix/store/3kwffh5z52ali43lprv3p5id9yz78xmd-temurin-jre-bin-17.0.4/lib/libnio.so
7f496ccf0000-7f496ccf4000 r--p 00010000 00:c16 750274423                 /nix/store/3kwffh5z52ali43lprv3p5id9yz78xmd-temurin-jre-bin-17.0.4/lib/libnio.so
7f496ccf4000-7f496ccf5000 ---p 00014000 00:c16 750274423                 /nix/store/3kwffh5z52ali43lprv3p5id9yz78xmd-temurin-jre-bin-17.0.4/lib/libnio.so
7f496ccf5000-7f496ccf6000 r--p 00014000 00:c16 750274423                 /nix/store/3kwffh5z52ali43lprv3p5id9yz78xmd-temurin-jre-bin-17.0.4/lib/libnio.so
7f496ccf6000-7f496ccf7000 rw-p 00015000 00:c16 750274423                 /nix/store/3kwffh5z52ali43lprv3p5id9yz78xmd-temurin-jre-bin-17.0.4/lib/libnio.so
7f496ccf7000-7f496ccfb000 rw-p 0001b000 00:c16 750274423                 /nix/store/3kwffh5z52ali43lprv3p5id9yz78xmd-temurin-jre-bin-17.0.4/lib/libnio.so
7f496ccfb000-7f496ccff000 ---p 00000000 00:00 0 
7f496ccff000-7f496cdfb000 rw-p 00000000 00:00 0 
7f496cdfb000-7f496cdfc000 ---p 00000000 00:00 0 
7f496cdfc000-7f496cefd000 rw-p 00000000 00:00 0 
7f496cefd000-7f496cf02000 r--p 00000000 00:c16 750274403                 /nix/store/3kwffh5z52ali43lprv3p5id9yz78xmd-temurin-jre-bin-17.0.4/lib/libjsvml.so
7f496cf02000-7f496cf43000 r-xp 00005000 00:c16 750274403                 /nix/store/3kwffh5z52ali43lprv3p5id9yz78xmd-temurin-jre-bin-17.0.4/lib/libjsvml.so
7f496cf43000-7f496cfcc000 r--p 00046000 00:c16 750274403                 /nix/store/3kwffh5z52ali43lprv3p5id9yz78xmd-temurin-jre-bin-17.0.4/lib/libjsvml.so
7f496cfcc000-7f496cfcd000 r--p 000ce000 00:c16 750274403                 /nix/store/3kwffh5z52ali43lprv3p5id9yz78xmd-temurin-jre-bin-17.0.4/lib/libjsvml.so
7f496cfcd000-7f496cfce000 rw-p 000cf000 00:c16 750274403                 /nix/store/3kwffh5z52ali43lprv3p5id9yz78xmd-temurin-jre-bin-17.0.4/lib/libjsvml.so
7f496cfce000-7f496d0eb000 rw-p 00000000 00:00 0 
7f496d0eb000-7f496d0ec000 ---p 00000000 00:00 0 
7f496d0ec000-7f496d1ed000 rw-p 00000000 00:00 0 
7f496d1ed000-7f496d1ee000 ---p 00000000 00:00 0 
7f496d1ee000-7f496d5f2000 rw-p 00000000 00:00 0 
7f496d5f2000-7f496d5f3000 ---p 00000000 00:00 0 
7f496d5f3000-7f496d6f4000 rw-p 00000000 00:00 0 
7f496d6f4000-7f496d6f5000 ---p 00000000 00:00 0 
7f496d6f5000-7f496d7f6000 rw-p 00000000 00:00 0 
7f496d7f6000-7f496d7f7000 ---p 00000000 00:00 0 
7f496d7f7000-7f496da06000 rw-p 00000000 00:00 0 
7f496da06000-7f496e0ce000 ---p 00000000 00:00 0 
7f496e0ce000-7f496e0d2000 rw-p 00000000 00:00 0 
7f496e0d2000-7f496e0de000 ---p 00000000 00:00 0 
7f496e0de000-7f496e0e2000 rw-p 00000000 00:00 0 
7f496e0e2000-7f496e102000 ---p 00000000 00:00 0 
7f496e102000-7f496e206000 rw-p 00000000 00:00 0 
7f496e206000-7f496e8ce000 ---p 00000000 00:00 0 
7f496e8ce000-7f496e8d2000 rw-p 00000000 00:00 0 
7f496e8d2000-7f496e8de000 ---p 00000000 00:00 0 
7f496e8de000-7f496e8e2000 rw-p 00000000 00:00 0 
7f496e8e2000-7f496e902000 ---p 00000000 00:00 0 
7f496e902000-7f496e92a000 rw-p 00000000 00:00 0 
7f496e92a000-7f496ea02000 ---p 00000000 00:00 0 
7f496ea02000-7f496ea03000 rw-p 00000000 00:00 0 
7f496ea03000-7f496ea04000 ---p 00000000 00:00 0 
7f496ea04000-7f496ea05000 rw-p 00000000 00:00 0 
7f496ea05000-7f496ea09000 ---p 00000000 00:00 0 
7f496ea09000-7f496ea2a000 rw-p 00000000 00:00 0 
7f496ea2a000-7f496eb02000 ---p 00000000 00:00 0 
7f496eb02000-7f496eb03000 rw-p 00000000 00:00 0 
7f496eb03000-7f496eb04000 ---p 00000000 00:00 0 
7f496eb04000-7f496eb05000 rw-p 00000000 00:00 0 
7f496eb05000-7f496eb09000 ---p 00000000 00:00 0 
7f496eb09000-7f496eb2a000 rw-p 00000000 00:00 0 
7f496eb2a000-7f496ec02000 ---p 00000000 00:00 0 
7f496ec02000-7f496ec03000 rw-p 00000000 00:00 0 
7f496ec03000-7f496ec04000 ---p 00000000 00:00 0 
7f496ec04000-7f496ec05000 rw-p 00000000 00:00 0 
7f496ec05000-7f496ec09000 ---p 00000000 00:00 0 
7f496ec09000-7f496ef12000 rw-p 00000000 00:00 0 
7f496ef12000-7f496eff8000 ---p 00000000 00:00 0 
7f496eff8000-7f496f008000 rw-p 00000000 00:00 0 
7f496f008000-7f496f0e3000 ---p 00000000 00:00 0 
7f496f0e3000-7f496f0e8000 rw-p 00000000 00:00 0 
7f496f0e8000-7f496f0ef000 ---p 00000000 00:00 0 
7f496f0ef000-7f496f0fc000 r--p 00000000 00:c16 750274395                 /nix/store/3kwffh5z52ali43lprv3p5id9yz78xmd-temurin-jre-bin-17.0.4/lib/libjava.so
7f496f0fc000-7f496f10e000 r-xp 0000d000 00:c16 750274395                 /nix/store/3kwffh5z52ali43lprv3p5id9yz78xmd-temurin-jre-bin-17.0.4/lib/libjava.so
7f496f10e000-7f496f114000 r--p 0001f000 00:c16 750274395                 /nix/store/3kwffh5z52ali43lprv3p5id9yz78xmd-temurin-jre-bin-17.0.4/lib/libjava.so
7f496f114000-7f496f115000 ---p 00025000 00:c16 750274395                 /nix/store/3kwffh5z52ali43lprv3p5id9yz78xmd-temurin-jre-bin-17.0.4/lib/libjava.so
7f496f115000-7f496f116000 r--p 00025000 00:c16 750274395                 /nix/store/3kwffh5z52ali43lprv3p5id9yz78xmd-temurin-jre-bin-17.0.4/lib/libjava.so
7f496f116000-7f496f117000 rw-p 00026000 00:c16 750274395                 /nix/store/3kwffh5z52ali43lprv3p5id9yz78xmd-temurin-jre-bin-17.0.4/lib/libjava.so
7f496f117000-7f496f118000 rw-p 00000000 00:00 0 
7f496f118000-7f496f11d000 rw-p 00031000 00:c16 750274395                 /nix/store/3kwffh5z52ali43lprv3p5id9yz78xmd-temurin-jre-bin-17.0.4/lib/libjava.so
7f496f11d000-7f496f125000 rw-s 00000000 00:87 389                        /tmp/hsperfdata_runner/78
7f496f125000-7f496f126000 ---p 00000000 00:00 0 
7f496f126000-7f496f127000 r--p 00000000 00:00 0 
7f496f127000-7f496f128000 ---p 00000000 00:00 0 
7f496f128000-7f496f12c000 r--p 00000000 00:c16 750274399                 /nix/store/3kwffh5z52ali43lprv3p5id9yz78xmd-temurin-jre-bin-17.0.4/lib/libjimage.so
7f496f12c000-7f496f13f000 r-xp 00004000 00:c16 750274399                 /nix/store/3kwffh5z52ali43lprv3p5id9yz78xmd-temurin-jre-bin-17.0.4/lib/libjimage.so
7f496f13f000-7f496f145000 r--p 00017000 00:c16 750274399                 /nix/store/3kwffh5z52ali43lprv3p5id9yz78xmd-temurin-jre-bin-17.0.4/lib/libjimage.so
7f496f145000-7f496f147000 r--p 0001c000 00:c16 750274399                 /nix/store/3kwffh5z52ali43lprv3p5id9yz78xmd-temurin-jre-bin-17.0.4/lib/libjimage.so
7f496f147000-7f496f148000 rw-p 0001e000 00:c16 750274399                 /nix/store/3kwffh5z52ali43lprv3p5id9yz78xmd-temurin-jre-bin-17.0.4/lib/libjimage.so
7f496f148000-7f496f149000 rw-p 00025000 00:c16 750274399                 /nix/store/3kwffh5z52ali43lprv3p5id9yz78xmd-temurin-jre-bin-17.0.4/lib/libjimage.so
7f496f149000-7f496f14d000 ---p 00000000 00:00 0 
7f496f14d000-7f496f249000 rw-p 00000000 00:00 0 
7f496f249000-7f496f257000 r--p 00000000 00:c16 600592023                 /nix/store/4nlgxhb09sdr51nc9hdm8az5b08vzkgx-glibc-2.35-163/lib/libm.so.6
7f496f257000-7f496f2ca000 r-xp 0000e000 00:c16 600592023                 /nix/store/4nlgxhb09sdr51nc9hdm8az5b08vzkgx-glibc-2.35-163/lib/libm.so.6
7f496f2ca000-7f496f327000 r--p 00081000 00:c16 600592023                 /nix/store/4nlgxhb09sdr51nc9hdm8az5b08vzkgx-glibc-2.35-163/lib/libm.so.6
7f496f327000-7f496f328000 r--p 000dd000 00:c16 600592023                 /nix/store/4nlgxhb09sdr51nc9hdm8az5b08vzkgx-glibc-2.35-163/lib/libm.so.6
7f496f328000-7f496f329000 rw-p 000de000 00:c16 600592023                 /nix/store/4nlgxhb09sdr51nc9hdm8az5b08vzkgx-glibc-2.35-163/lib/libm.so.6
7f496f329000-7f496f32a000 r--p 00000000 00:c16 600592042                 /nix/store/4nlgxhb09sdr51nc9hdm8az5b08vzkgx-glibc-2.35-163/lib/librt.so.1
7f496f32a000-7f496f32b000 r-xp 00001000 00:c16 600592042                 /nix/store/4nlgxhb09sdr51nc9hdm8az5b08vzkgx-glibc-2.35-163/lib/librt.so.1
7f496f32b000-7f496f32c000 r--p 00002000 00:c16 600592042                 /nix/store/4nlgxhb09sdr51nc9hdm8az5b08vzkgx-glibc-2.35-163/lib/librt.so.1
7f496f32c000-7f496f32d000 r--p 00002000 00:c16 600592042                 /nix/store/4nlgxhb09sdr51nc9hdm8az5b08vzkgx-glibc-2.35-163/lib/librt.so.1
7f496f32d000-7f496f32e000 rw-p 00003000 00:c16 600592042                 /nix/store/4nlgxhb09sdr51nc9hdm8az5b08vzkgx-glibc-2.35-163/lib/librt.so.1
7f496f32e000-7f496f57f000 r--p 00000000 00:c16 750274682                 /nix/store/3kwffh5z52ali43lprv3p5id9yz78xmd-temurin-jre-bin-17.0.4/lib/server/libjvm.so
7f496f57f000-7f4970298000 r-xp 00251000 00:c16 750274682                 /nix/store/3kwffh5z52ali43lprv3p5id9yz78xmd-temurin-jre-bin-17.0.4/lib/server/libjvm.so
7f4970298000-7f4970523000 r--p 00f6a000 00:c16 750274682                 /nix/store/3kwffh5z52ali43lprv3p5id9yz78xmd-temurin-jre-bin-17.0.4/lib/server/libjvm.so
7f4970523000-7f49705dc000 r--p 011f4000 00:c16 750274682                 /nix/store/3kwffh5z52ali43lprv3p5id9yz78xmd-temurin-jre-bin-17.0.4/lib/server/libjvm.so
7f49705dc000-7f4970611000 rw-p 012ad000 00:c16 750274682                 /nix/store/3kwffh5z52ali43lprv3p5id9yz78xmd-temurin-jre-bin-17.0.4/lib/server/libjvm.so
7f4970611000-7f497066d000 rw-p 00000000 00:00 0 
7f497066d000-7f4970695000 r--p 00000000 00:c16 600592014                 /nix/store/4nlgxhb09sdr51nc9hdm8az5b08vzkgx-glibc-2.35-163/lib/libc.so.6
7f4970695000-7f497080b000 r-xp 00028000 00:c16 600592014                 /nix/store/4nlgxhb09sdr51nc9hdm8az5b08vzkgx-glibc-2.35-163/lib/libc.so.6
7f497080b000-7f4970863000 r--p 0019e000 00:c16 600592014                 /nix/store/4nlgxhb09sdr51nc9hdm8az5b08vzkgx-glibc-2.35-163/lib/libc.so.6
7f4970863000-7f4970867000 r--p 001f6000 00:c16 600592014                 /nix/store/4nlgxhb09sdr51nc9hdm8az5b08vzkgx-glibc-2.35-163/lib/libc.so.6
7f4970867000-7f4970869000 rw-p 001fa000 00:c16 600592014                 /nix/store/4nlgxhb09sdr51nc9hdm8az5b08vzkgx-glibc-2.35-163/lib/libc.so.6
7f4970869000-7f4970878000 rw-p 00000000 00:00 0 
7f4970878000-7f4970879000 r--p 00000000 00:c16 600592019                 /nix/store/4nlgxhb09sdr51nc9hdm8az5b08vzkgx-glibc-2.35-163/lib/libdl.so.2
7f4970879000-7f497087a000 r-xp 00001000 00:c16 600592019                 /nix/store/4nlgxhb09sdr51nc9hdm8az5b08vzkgx-glibc-2.35-163/lib/libdl.so.2
7f497087a000-7f497087b000 r--p 00002000 00:c16 600592019                 /nix/store/4nlgxhb09sdr51nc9hdm8az5b08vzkgx-glibc-2.35-163/lib/libdl.so.2
7f497087b000-7f497087c000 r--p 00002000 00:c16 600592019                 /nix/store/4nlgxhb09sdr51nc9hdm8az5b08vzkgx-glibc-2.35-163/lib/libdl.so.2
7f497087c000-7f497087d000 rw-p 00003000 00:c16 600592019                 /nix/store/4nlgxhb09sdr51nc9hdm8az5b08vzkgx-glibc-2.35-163/lib/libdl.so.2
7f497087d000-7f497087e000 r--p 00000000 00:c16 600592038                 /nix/store/4nlgxhb09sdr51nc9hdm8az5b08vzkgx-glibc-2.35-163/lib/libpthread.so.0
7f497087e000-7f497087f000 r-xp 00001000 00:c16 600592038                 /nix/store/4nlgxhb09sdr51nc9hdm8az5b08vzkgx-glibc-2.35-163/lib/libpthread.so.0
7f497087f000-7f4970880000 r--p 00002000 00:c16 600592038                 /nix/store/4nlgxhb09sdr51nc9hdm8az5b08vzkgx-glibc-2.35-163/lib/libpthread.so.0
7f4970880000-7f4970881000 r--p 00002000 00:c16 600592038                 /nix/store/4nlgxhb09sdr51nc9hdm8az5b08vzkgx-glibc-2.35-163/lib/libpthread.so.0
7f4970881000-7f4970882000 rw-p 00003000 00:c16 600592038                 /nix/store/4nlgxhb09sdr51nc9hdm8az5b08vzkgx-glibc-2.35-163/lib/libpthread.so.0
7f4970882000-7f4970885000 r--p 00000000 00:c16 750274400                 /nix/store/3kwffh5z52ali43lprv3p5id9yz78xmd-temurin-jre-bin-17.0.4/lib/libjli.so
7f4970885000-7f497088f000 r-xp 00003000 00:c16 750274400                 /nix/store/3kwffh5z52ali43lprv3p5id9yz78xmd-temurin-jre-bin-17.0.4/lib/libjli.so
7f497088f000-7f4970892000 r--p 0000d000 00:c16 750274400                 /nix/store/3kwffh5z52ali43lprv3p5id9yz78xmd-temurin-jre-bin-17.0.4/lib/libjli.so
7f4970892000-7f4970893000 ---p 00010000 00:c16 750274400                 /nix/store/3kwffh5z52ali43lprv3p5id9yz78xmd-temurin-jre-bin-17.0.4/lib/libjli.so
7f4970893000-7f4970894000 r--p 00010000 00:c16 750274400                 /nix/store/3kwffh5z52ali43lprv3p5id9yz78xmd-temurin-jre-bin-17.0.4/lib/libjli.so
7f4970894000-7f4970895000 rw-p 00011000 00:c16 750274400                 /nix/store/3kwffh5z52ali43lprv3p5id9yz78xmd-temurin-jre-bin-17.0.4/lib/libjli.so
7f4970895000-7f4970896000 rw-p 00014000 00:c16 750274400                 /nix/store/3kwffh5z52ali43lprv3p5id9yz78xmd-temurin-jre-bin-17.0.4/lib/libjli.so
7f4970896000-7f4970899000 r--p 00000000 00:c16 678822167                 /nix/store/026hln0aq1hyshaxsdvhg0kmcm6yf45r-zlib-1.2.13/lib/libz.so.1.2.13
7f4970899000-7f49708ab000 r-xp 00003000 00:c16 678822167                 /nix/store/026hln0aq1hyshaxsdvhg0kmcm6yf45r-zlib-1.2.13/lib/libz.so.1.2.13
7f49708ab000-7f49708b2000 r--p 00015000 00:c16 678822167                 /nix/store/026hln0aq1hyshaxsdvhg0kmcm6yf45r-zlib-1.2.13/lib/libz.so.1.2.13
7f49708b2000-7f49708b3000 r--p 0001b000 00:c16 678822167                 /nix/store/026hln0aq1hyshaxsdvhg0kmcm6yf45r-zlib-1.2.13/lib/libz.so.1.2.13
7f49708b3000-7f49708b4000 rw-p 0001c000 00:c16 678822167                 /nix/store/026hln0aq1hyshaxsdvhg0kmcm6yf45r-zlib-1.2.13/lib/libz.so.1.2.13
7f49708b4000-7f49708b6000 rw-p 00000000 00:00 0 
7f49708b6000-7f49708ba000 r--p 00000000 00:00 0                          [vvar]
7f49708ba000-7f49708bc000 r-xp 00000000 00:00 0                          [vdso]
7f49708bc000-7f49708be000 r--p 00000000 00:c16 600592008                 /nix/store/4nlgxhb09sdr51nc9hdm8az5b08vzkgx-glibc-2.35-163/lib/ld-linux-x86-64.so.2
7f49708be000-7f49708e5000 r-xp 00002000 00:c16 600592008                 /nix/store/4nlgxhb09sdr51nc9hdm8az5b08vzkgx-glibc-2.35-163/lib/ld-linux-x86-64.so.2
7f49708e5000-7f49708f1000 r--p 00029000 00:c16 600592008                 /nix/store/4nlgxhb09sdr51nc9hdm8az5b08vzkgx-glibc-2.35-163/lib/ld-linux-x86-64.so.2
7f49708f1000-7f49708f3000 r--p 00034000 00:c16 600592008                 /nix/store/4nlgxhb09sdr51nc9hdm8az5b08vzkgx-glibc-2.35-163/lib/ld-linux-x86-64.so.2
7f49708f3000-7f49708f5000 rw-p 00036000 00:c16 600592008                 /nix/store/4nlgxhb09sdr51nc9hdm8az5b08vzkgx-glibc-2.35-163/lib/ld-linux-x86-64.so.2
7ffc1c7cf000-7ffc1c7f4000 rw-p 00000000 00:00 0                          [stack]
ffffffffff600000-ffffffffff601000 --xp 00000000 00:00 0                  [vsyscall]


VM Arguments:
jvm_args: -Xmx512M 
java_command: viaaas.jar -host=127.0.0.1 -port=8082
java_class_path (initial): viaaas.jar
Launcher Type: SUN_STANDARD

[Global flags]
     intx CICompilerCount                          = 2                                         {product} {ergonomic}
     uint ConcGCThreads                            = 1                                         {product} {ergonomic}
     uint G1ConcRefinementThreads                  = 3                                         {product} {ergonomic}
   size_t G1HeapRegionSize                         = 1048576                                   {product} {ergonomic}
    uintx GCDrainStackTargetSize                   = 64                                        {product} {ergonomic}
   size_t InitialHeapSize                          = 526385152                                 {product} {ergonomic}
   size_t MarkStackSize                            = 4194304                                   {product} {ergonomic}
   size_t MaxHeapSize                              = 536870912                                 {product} {command line}
   size_t MaxNewSize                               = 321912832                                 {product} {ergonomic}
   size_t MinHeapDeltaBytes                        = 1048576                                   {product} {ergonomic}
   size_t MinHeapSize                              = 8388608                                   {product} {ergonomic}
    uintx NonNMethodCodeHeapSize                   = 5826188                                {pd product} {ergonomic}
    uintx NonProfiledCodeHeapSize                  = 122916026                              {pd product} {ergonomic}
    uintx ProfiledCodeHeapSize                     = 122916026                              {pd product} {ergonomic}
    uintx ReservedCodeCacheSize                    = 251658240                              {pd product} {ergonomic}
     bool SegmentedCodeCache                       = true                                      {product} {ergonomic}
   size_t SoftMaxHeapSize                          = 536870912                              {manageable} {ergonomic}
     bool UseCompressedClassPointers               = true                           {product lp64_product} {ergonomic}
     bool UseCompressedOops                        = true                           {product lp64_product} {ergonomic}
     bool UseG1GC                                  = true                                      {product} {ergonomic}

Logging:
Log output configuration:
 #0: stdout all=warning uptime,level,tags
 #1: stderr all=off uptime,level,tags

Environment Variables:
JAVA_HOME=/nix/store/3kwffh5z52ali43lprv3p5id9yz78xmd-temurin-jre-bin-17.0.4
PATH=/nix/store/bap4d0lpcrhpwmpb8ayjcgkmvfj62lnq-bash-interactive-5.1-p16/bin:/nix/store/pr5n59mb4jzmfx6kanwxly0l07p861fg-patchelf-0.15.0/bin:/nix/store/dq0xwmsk1g0i2ayg6pb7y87na2knzylh-gcc-wrapper-11.3.0/bin:/nix/store/1gf2flfqnpqbr1b4p4qz2f72y42bs56r-gcc-11.3.0/bin:/nix/store/57xv61c5zi8pphjbcwxxjlgc34p61ic9-glibc-2.35-163-bin/bin:/nix/store/a7gvj343m05j2s32xcnwr35v31ynlypr-coreutils-9.1/bin:/nix/store/1d6ian3r8kdzspw8hacjhl3xkp40g1lj-binutils-wrapper-2.39/bin:/nix/store/039g378vc3pc3dvi9dzdlrd0i4q93qwf-binutils-2.39/bin:/nix/store/3kwffh5z52ali43lprv3p5id9yz78xmd-temurin-jre-bin-17.0.4/bin:/nix/store/0fgp7sw4fx661h5pqq0za613nalyndd2-temurin-bin-8.0.345/bin:/nix/store/kblplvpffcfn0zprj80vh41xchjx4jag-wget-1.21.3/bin:/nix/store/hl5lsmyf6alwj91nv8kmg2iz1lbnxym9-curl-7.86.0-dev/bin:/nix/store/39m0xn31z7n44wflfxqq7fbjh1ik6xq7-brotli-1.0.9/bin:/nix/store/0lm4ygslgn65xi9pkw2kw29qiqqd80hz-libkrb5-1.20-dev/bin:/nix/store/r7gl900my2fw6k33nxh2r7rzv8nv0s25-libkrb5-1.20/bin:/nix/store/n8jl8q7kk4a03n4gjiymy4y4hpcp2apm-nghttp2-1.49.0-bin/bin:/nix/store/hfkdbq95wsm9a0zf2hz51ads25h657hx-libidn2-2.3.2-bin/bin:/nix/store/fq47cv26nb87hwz2678r6i8ym5b57lwf-openssl-3.0.7-bin/bin:/nix/store/mb0pcxkmrg0f6k0zaywlnvpk9q3j5ans-zstd-1.5.2-bin/bin:/nix/store/w10in9diaqrcqqxi5lg20n3q2jfpk6pq-zstd-1.5.2/bin:/nix/store/52fbv6j49khca4cfvwm35fqd984w2520-curl-7.86.0-bin/bin:/nix/store/2gz75dsr0winhrzlfzbmllx8v94q6wim-jq-1.6-bin/bin:/nix/store/iafr186362a2gbisc390flj9nh5250f2-tmux-3.3a/bin:/nix/store/dj805sw07vvpbxx39c8g67x8qddg0ikw-nodejs-18.12.1/bin:/nix/store/mydc6f4k2z73xlcz7ilif3v2lcaiqvza-findutils-4.9.0/bin:/nix/store/j9p3g8472iijd50vhdprx0nmk2fqn5gv-diffutils-3.8/bin:/nix/store/89zs7rms6x00xfq4dq6m7mjnhkr8a6r4-gnused-4.8/bin:/nix/store/86bp03jkmsl6f92w0yzg4s59g5mhxwmy-gnugrep-3.7/bin:/nix/store/hwcdqw4jrjnd37wxqgsd47hd0j8bnj09-gawk-5.1.1/bin:/nix/store/cfbhw8r8ags41vwqaz47r583d0p4h4a1-gnutar-1.34/bin:/nix/store/p3m1ndl1lapwrlh698bnb5lvvxh67378-gzip-1.12/bin:/nix/store/a8mhcagrsly7c7mpjrpsnaahk4
LD_LIBRARY_PATH=/nix/store/a4pff549sk2idnkpzk5nsfps3mdkdnvm-cups-2.4.2-lib/lib:/nix/store/72mqxxhh3cy5yifh92wh2yb8cl2hikyy-cairo-1.16.0/lib:/nix/store/2k366jrbsra97gjfxwvrhvixjfxdach5-glib-2.74.1/lib:/nix/store/2j2znigd8ak37rlwh9khz0ry3clqlw1l-gtk+3-3.24.34/lib:/nix/store/hisqvx32cd57apbpcsnkpx6k3549wql1-libglvnd-1.4.0/lib:/nix/store/p36pgcv991mq5srvg765b78yqpxvk3qs-mesa-21.3.3-drivers/lib:/nix/store/mav4251if1ahjq5vkpwycyyvnmy459c4-pulseaudio-14.2/lib
LANG=en_US.UTF-8
TERM=xterm-256color

Signal Handlers:
   SIGSEGV: crash_handler in libjvm.so, mask=11100100010111111101111111111110, flags=SA_RESTART|SA_SIGINFO
    SIGBUS: crash_handler in libjvm.so, mask=11100100010111111101111111111110, flags=SA_RESTART|SA_SIGINFO
    SIGFPE: crash_handler in libjvm.so, mask=11100100010111111101111111111110, flags=SA_RESTART|SA_SIGINFO
   SIGPIPE: javaSignalHandler in libjvm.so, mask=11100100010111111101111111111110, flags=SA_RESTART|SA_SIGINFO
   SIGXFSZ: javaSignalHandler in libjvm.so, mask=11100100010111111101111111111110, flags=SA_RESTART|SA_SIGINFO
    SIGILL: crash_handler in libjvm.so, mask=11100100010111111101111111111110, flags=SA_RESTART|SA_SIGINFO
   SIGUSR2: SR_handler in libjvm.so, mask=00000000000000000000000000000000, flags=SA_RESTART|SA_SIGINFO
    SIGHUP: UserHandler in libjvm.so, mask=11100100010111111101111111111110, flags=SA_RESTART|SA_SIGINFO
    SIGINT: UserHandler in libjvm.so, mask=11100100010111111101111111111110, flags=SA_RESTART|SA_SIGINFO
   SIGTERM: UserHandler in libjvm.so, mask=11100100010111111101111111111110, flags=SA_RESTART|SA_SIGINFO
   SIGQUIT: UserHandler in libjvm.so, mask=11100100010111111101111111111110, flags=SA_RESTART|SA_SIGINFO
  *** Handler was modified!
  *** Expected: javaSignalHandler in libjvm.so, mask=11100100110111111111111111111110, flags=SA_RESTART|SA_SIGINFO
   SIGTRAP: crash_handler in libjvm.so, mask=11100100010111111101111111111110, flags=SA_RESTART|SA_SIGINFO


---------------  S Y S T E M  ---------------

OS:
DISTRIB_ID=Ubuntu
DISTRIB_RELEASE=20.04
DISTRIB_CODENAME=focal
DISTRIB_DESCRIPTION="Ubuntu 20.04.2 LTS"
uname: Linux 6.2.0-1019-gcp #21~22.04.1-Ubuntu SMP Thu Nov 16 18:18:34 UTC 2023 x86_64
OS uptime: 0 days 5:46 hours
libc: glibc 2.35 NPTL 2.35 
rlimit (soft/hard): STACK 8192k/infinity , CORE infinity/infinity , NPROC infinity/infinity , NOFILE 5242/5242 , AS infinity/infinity , CPU infinity/infinity , DATA infinity/infinity , FSIZE infinity/infinity , MEMLOCK 8192k/8192k
load average: 385.44 162.72 82.15

/proc/meminfo:
MemTotal:       32855980 kB
MemFree:         1440324 kB
MemAvailable:   15635704 kB
Buffers:          654612 kB
Cached:         12180876 kB
SwapCached:            0 kB
Active:          5373428 kB
Inactive:       22535144 kB
Active(anon):      21204 kB
Inactive(anon): 14639796 kB
Active(file):    5352224 kB
Inactive(file):  7895348 kB
Unevictable:       27972 kB
Mlocked:           27972 kB
SwapTotal:             0 kB
SwapFree:              0 kB
Zswap:                 0 kB
Zswapped:              0 kB
Dirty:             10336 kB
Writeback:          1336 kB
AnonPages:      15060040 kB
Mapped:          1528008 kB
Shmem:             69156 kB
KReclaimable:    1413500 kB
Slab:            2388628 kB
SReclaimable:    1413500 kB
SUnreclaim:       975128 kB
KernelStack:      292456 kB
PageTables:       392956 kB
SecPageTables:         0 kB
NFS_Unstable:          0 kB
Bounce:                0 kB
WritebackTmp:          0 kB
CommitLimit:    16427988 kB
Committed_AS:   91042632 kB
VmallocTotal:   34359738367 kB
VmallocUsed:      332784 kB
VmallocChunk:          0 kB
Percpu:            31200 kB
HardwareCorrupted:     0 kB
AnonHugePages:    456704 kB
ShmemHugePages:        0 kB
ShmemPmdMapped:        0 kB
FileHugePages:         0 kB
FilePmdMapped:         0 kB
HugePages_Total:       0
HugePages_Free:        0
HugePages_Rsvd:        0
HugePages_Surp:        0
Hugepagesize:       2048 kB
Hugetlb:               0 kB
DirectMap4k:      242488 kB
DirectMap2M:     9191424 kB
DirectMap1G:    26214400 kB

/sys/kernel/mm/transparent_hugepage/enabled: always [madvise] never
/sys/kernel/mm/transparent_hugepage/defrag (defrag/compaction efforts parameter): always defer defer+madvise [madvise] never

Process Memory:
Virtual Size: 3634956K (peak: 3634956K)
Resident Set Size: 242768K (peak: 242768K) (anon: 211664K, file: 31104K, shmem: 0K)
Swapped out: 0K
C-Heap outstanding allocations: 41149K, retained: 30358K
glibc malloc tunables: (default)

/proc/sys/kernel/threads-max (system-wide limit on the number of threads): 256622
/proc/sys/vm/max_map_count (maximum number of memory map areas a process may have): 65530
/proc/sys/kernel/pid_max (system-wide limit on number of process identifiers): 4194304

container (cgroup) information:
container_type: cgroupv2
cpu_cpuset_cpus: not supported
cpu_memory_nodes: not supported
active_processor_count: 3
cpu_quota: no quota
cpu_period: 100000
cpu_shares: no shares
memory_limit_in_bytes: unlimited
memory_and_swap_limit_in_bytes: unlimited
memory_soft_limit_in_bytes: unlimited
memory_usage_in_bytes: 539568 k
memory_max_usage_in_bytes: not supported
maximum number of tasks: not supported
current number of tasks: not supported

KVM virtualization detected
Steal ticks since vm start: 0
Steal ticks percentage since vm start:  0.000

CPU: total 4 (initial active 3) (4 cores per cpu, 2 threads per core) family 23 model 49 stepping 0 microcode 0xffffffff, cx8, cmov, fxsr, ht, mmx, 3dnowpref, sse, sse2, sse3, ssse3, sse4a, sse4.1, sse4.2, popcnt, lzcnt, tsc, tscinvbit, avx, avx2, aes, clmul, bmi1, bmi2, adx, sha, fma, vzeroupper, clflush, clflushopt, hv
CPU Model and flags from /proc/cpuinfo:
model name	: AMD EPYC 7B12
flags		: fpu vme de pse tsc msr pae mce cx8 apic sep mtrr pge mca cmov pat pse36 clflush mmx fxsr sse sse2 ht syscall nx mmxext fxsr_opt pdpe1gb rdtscp lm constant_tsc rep_good nopl nonstop_tsc cpuid extd_apicid tsc_known_freq pni pclmulqdq ssse3 fma cx16 sse4_1 sse4_2 movbe popcnt aes xsave avx f16c rdrand hypervisor lahf_lm cmp_legacy cr8_legacy abm sse4a misalignsse 3dnowprefetch osvw topoext ssbd ibrs ibpb stibp vmmcall fsgsbase tsc_adjust bmi1 avx2 smep bmi2 rdseed adx smap clflushopt clwb sha_ni xsaveopt xsavec xgetbv1 clzero xsaveerptr arat npt nrip_save umip rdpid

Online cpus: 0-3
Offline cpus: 
BIOS frequency limitation: <Not Available>
Frequency switch latency (ns): <Not Available>
Available cpu frequencies: <Not Available>
Current governor: <Not Available>
Core performance/turbo boost: <Not Available>

Memory: 4k page, physical 32855980k(1439848k free), swap 0k(0k free)
Page Sizes: 4k

vm_info: OpenJDK 64-Bit Server VM (17.0.4.1+1) for linux-amd64 JRE (17.0.4.1+1), built on Aug 12 2022 00:00:00 by "temurin" with gcc 10.3.0

END.
