#
# A fatal error has been detected by the Java Runtime Environment:
#
#  SIGBUS (0x7) at pc=0x00007feae05b322e, pid=76, tid=0x00007feadc878640
#
# JRE version: OpenJDK Runtime Environment (8.0_345-b01) (build 1.8.0_345-b01)
# Java VM: OpenJDK 64-Bit Server VM (25.345-b01 mixed mode linux-amd64 compressed oops)
# Problematic frame:
# V  [libjvm.so+0x9b322e]  PerfLongVariant::sample()+0x1e
#
# Core dump written. Default location: /home/runner/viaeagx/bungee/core or core.76
#
# If you would like to submit a bug report, please visit:
#   https://github.com/adoptium/adoptium-support/issues
#

---------------  T H R E A D  ---------------

Current thread (0x00007fead816c000):  WatcherThread [stack: 0x00007feadc779000,0x00007feadc879000] [id=115]

siginfo: si_signo: 7 (SIGBUS), si_code: 2 (BUS_ADRERR), si_addr: 0x00007feae12ad340

Registers:
RAX=0x00000031df97dc38, RBX=0x00007feae12ad340, RCX=0x0000000000000000, RDX=0x0000000000000000
RSP=0x00007feadc877ce0, RBP=0x00007feadc877cf0, RSI=0x0000000000000000, RDI=0x0000000000000000
R8 =0x0000000000000000, R9 =0x0000000000000000, R10=0x0000000000000000, R11=0x0000000000000000
R12=0x0000000000000028, R13=0x00007fead816bf00, R14=0x0000000000000002, R15=0x0000000000000001
RIP=0x00007feae05b322e, EFLAGS=0x0000000000010202, CSGSFS=0x002b000000000033, ERR=0x0000000000000007
  TRAPNO=0x000000000000000e

Top of Stack: (sp=0x00007feadc877ce0)
0x00007feadc877ce0:   0000000000000000 0000000000000005
0x00007feadc877cf0:   00007feadc877d20 00007feae065b3fd
0x00007feadc877d00:   00007feadc877d20 0000000000000032
0x00007feadc877d10:   00007feae0c35520 0000000000000001
0x00007feadc877d20:   00007feadc877d70 00007feae06adffc
0x00007feadc877d30:   00007fead8009590 00000032e0c2f0f0
0x00007feadc877d40:   00007feadc877d70 00007fead816c000
0x00007feadc877d50:   0000000000000032 00007feae0c2f0f0
0x00007feadc877d60:   000012decbb28b2f 0000000000000001
0x00007feadc877d70:   00007feadc877e10 00007feae06d3e03
0x00007feadc877d80:   0000000000000000 0000000200000001
0x00007feadc877d90:   00007fead816d530 00007fead8009590
0x00007feadc877da0:   00007feadc877e10 00007feae051afd2
0x00007feadc877db0:   0000000000000001 00007fead816d640
0x00007feadc877dc0:   00007feae07c90ac 00007fead816d620
0x00007feadc877dd0:   00007feadc877e00 00007feae05197de
0x00007feadc877de0:   00007feadc877e10 00007fead816d620
0x00007feadc877df0:   00007fead816d530 00007fead816c000
0x00007feadc877e00:   0000000000000000 ffffffffffffffc0
0x00007feadc877e10:   00007feadc877e50 00007feae0565742
0x00007feadc877e20:   0000000000000000 00007feadc878640
0x00007feadc877e30:   00007feae0e7fba0 00007feadc878640
0x00007feadc877e40:   0000000000000000 ffffffffffffffc0
0x00007feadc877e50:   0000000000000000 00007feae0e7fe86
0x00007feadc877e60:   0000000000000000 00007feadc878640
0x00007feadc877e70:   00007feae0df5950 fea964ad75fd5cc8
0x00007feadc877e80:   00007feae0e7fba0 00007feadc878640
0x00007feadc877e90:   0000000000000000 ffffffffffffffc0
0x00007feadc877ea0:   017cdda3893d5cc8 017ca5628ceb5cc8
0x00007feadc877eb0:   0000000000000000 0000000000000000
0x00007feadc877ec0:   0000000000000000 0000000000000000
0x00007feadc877ed0:   0000000000000000 660f80eb735bff00 

Instructions: (pc=0x00007feae05b322e)
0x00007feae05b320e:   1f 00 48 89 f8 48 8b 7f 38 48 85 ff 74 24 55 48
0x00007feae05b321e:   89 e5 53 48 83 ec 08 48 8b 58 28 48 8b 07 ff 10
0x00007feae05b322e:   48 89 03 48 83 c4 08 5b 5d c3 0f 1f 84 00 00 00
0x00007feae05b323e:   00 00 f3 c3 0f 1f 40 00 66 2e 0f 1f 84 00 00 00 

Register to memory mapping:

RAX=0x00000031df97dc38 is an unknown value
RBX=0x00007feae12ad340 is an unknown value
RCX=0x0000000000000000 is an unknown value
RDX=0x0000000000000000 is an unknown value
RSP=0x00007feadc877ce0 is an unknown value
RBP=0x00007feadc877cf0 is an unknown value
RSI=0x0000000000000000 is an unknown value
RDI=0x0000000000000000 is an unknown value
R8 =0x0000000000000000 is an unknown value
R9 =0x0000000000000000 is an unknown value
R10=0x0000000000000000 is an unknown value
R11=0x0000000000000000 is an unknown value
R12=0x0000000000000028 is an unknown value
R13=0x00007fead816bf00 is an unknown value
R14=0x0000000000000002 is an unknown value
R15=0x0000000000000001 is an unknown value


Stack: [0x00007feadc779000,0x00007feadc879000],  sp=0x00007feadc877ce0,  free space=1019k
Native frames: (J=compiled Java code, j=interpreted, Vv=VM code, C=native code)
V  [libjvm.so+0x9b322e]  PerfLongVariant::sample()+0x1e
V  [libjvm.so+0xa5b3fd]  StatSamplerTask::task()+0x3d
V  [libjvm.so+0xaadffc]  PeriodicTask::real_time_tick(int)+0xac
V  [libjvm.so+0xad3e03]  WatcherThread::run()+0x273
V  [libjvm.so+0x965742]  java_start(Thread*)+0x102


---------------  P R O C E S S  ---------------

Java Threads: ( => current thread )
  0x00007fead8892000 JavaThread "Netty Boss IO Thread #0" [_thread_in_native, id=126, stack(0x00007feac8b00000,0x00007feac8c00000)]
  0x00007fead84ab000 JavaThread "Log4j2-TF-1-AsyncLogger[AsyncContext@7852e922]-1" daemon [_thread_blocked, id=118, stack(0x00007feac8f00000,0x00007feac9000000)]
  0x00007fead8241800 JavaThread "Reconnect Saver" [_thread_blocked, id=116, stack(0x00007feadc678000,0x00007feadc778000)]
  0x00007fead8169800 JavaThread "Service Thread" daemon [_thread_blocked, id=114, stack(0x00007feadc879000,0x00007feadc979000)]
  0x00007fead8165000 JavaThread "C1 CompilerThread1" daemon [_thread_blocked, id=113, stack(0x00007feadc97a000,0x00007feadca7a000)]
  0x00007fead8162000 JavaThread "C2 CompilerThread0" daemon [_thread_blocked, id=112, stack(0x00007feadca7b000,0x00007feadcb7b000)]
  0x00007fead815c800 JavaThread "Signal Dispatcher" daemon [_thread_blocked, id=111, stack(0x00007feadcb7b000,0x00007feadcc7b000)]
  0x00007fead812c000 JavaThread "Finalizer" daemon [_thread_blocked, id=102, stack(0x00007feadcf61000,0x00007feadd061000)]
  0x00007fead8127800 JavaThread "Reference Handler" daemon [_thread_blocked, id=100, stack(0x00007feadd061000,0x00007feadd161000)]
  0x00007fead800a000 JavaThread "main" [_thread_in_native, id=85, stack(0x00007feae0cf7000,0x00007feae0df7000)]

Other Threads:
  0x00007fead811e000 VMThread [stack: 0x00007feadd162000,0x00007feadd262000] [id=96]
=>0x00007fead816c000 WatcherThread [stack: 0x00007feadc779000,0x00007feadc879000] [id=115]

VM state:not at safepoint (normal execution)

VM Mutex/Monitor currently owned by a thread:  ([mutex/lock_event])
[0x00007fead8009590] PeriodicTask_lock - owner thread: 0x00007fead816c000

heap address: 0x00000000f8000000, size: 128 MB, Compressed Oops mode: 32-bit
Narrow klass base: 0x0000000000000000, Narrow klass shift: 3
Compressed class space size: 1073741824 Address: 0x0000000100000000

Heap:
 PSYoungGen      total 38400K, used 15302K [0x00000000fd580000, 0x0000000100000000, 0x0000000100000000)
  eden space 33280K, 45% used [0x00000000fd580000,0x00000000fe4719c8,0x00000000ff600000)
  from space 5120K, 0% used [0x00000000ffb00000,0x00000000ffb00000,0x0000000100000000)
  to   space 5120K, 0% used [0x00000000ff600000,0x00000000ff600000,0x00000000ffb00000)
 ParOldGen       total 61952K, used 7608K [0x00000000f8000000, 0x00000000fbc80000, 0x00000000fd580000)
  object space 61952K, 12% used [0x00000000f8000000,0x00000000f876e370,0x00000000fbc80000)
 Metaspace       used 24912K, capacity 25902K, committed 26240K, reserved 1073152K
  class space    used 3167K, capacity 3335K, committed 3456K, reserved 1048576K

Card table byte_map: [0x00007feae1268000,0x00007feae12a9000] byte_map_base: 0x00007feae0aa8000

Marking Bits: (ParMarkBitMap*) 0x00007feae0c33760
 Begin Bits: [0x00007feade840000, 0x00007feadea40000)
 End Bits:   [0x00007feadea40000, 0x00007feadec40000)

Polling page: 0x00007feae12b2000

CodeCache: size=245760Kb used=4796Kb max_used=4972Kb free=240963Kb
 bounds [0x00007feac9000000, 0x00007feac94e0000, 0x00007fead8000000]
 total_blobs=2057 nmethods=1560 adapters=411
 compilation: enabled

Compilation events (10 events):
Event: 72.264 Thread 0x00007fead8165000 1650       3       org.jline.terminal.impl.AbstractPty$PtyInputStream::read (102 bytes)
Event: 72.265 Thread 0x00007fead8165000 nmethod 1650 0x00007feac911ab50 code [0x00007feac911ad60, 0x00007feac911b758]
Event: 72.265 Thread 0x00007fead8165000 1651   !   3       org.jline.terminal.impl.AbstractPty$PtyInputStream::setNonBlocking (89 bytes)
Event: 72.266 Thread 0x00007fead8165000 nmethod 1651 0x00007feac94dbc10 code [0x00007feac94dbee0, 0x00007feac94dd158]
Event: 76.906 Thread 0x00007fead8162000 1652       4       com.lmax.disruptor.ProcessingSequenceBarrier::waitFor (44 bytes)
Event: 76.915 Thread 0x00007fead8162000 nmethod 1652 0x00007feac9113b90 code [0x00007feac9113d40, 0x00007feac9114598]
Event: 76.915 Thread 0x00007fead8162000 1653   !   4       org.apache.logging.log4j.core.async.TimeoutBlockingWaitStrategy::waitFor (101 bytes)
Event: 76.928 Thread 0x00007fead8162000 nmethod 1653 0x00007feac9118510 code [0x00007feac91186a0, 0x00007feac9118e08]
Event: 81.847 Thread 0x00007fead8162000 1654   !   4       com.lmax.disruptor.BatchEventProcessor::notifyTimeout (29 bytes)
Event: 81.848 Thread 0x00007fead8162000 nmethod 1654 0x00007feac911e710 code [0x00007feac911e860, 0x00007feac911e8d8]

GC Heap History (6 events):
Event: 19.788 GC heap before
{Heap before GC invocations=1 (full 0):
 PSYoungGen      total 38400K, used 33280K [0x00000000fd580000, 0x0000000100000000, 0x0000000100000000)
  eden space 33280K, 100% used [0x00000000fd580000,0x00000000ff600000,0x00000000ff600000)
  from space 5120K, 0% used [0x00000000ffb00000,0x00000000ffb00000,0x0000000100000000)
  to   space 5120K, 0% used [0x00000000ff600000,0x00000000ff600000,0x00000000ffb00000)
 ParOldGen       total 87552K, used 0K [0x00000000f8000000, 0x00000000fd580000, 0x00000000fd580000)
  object space 87552K, 0% used [0x00000000f8000000,0x00000000f8000000,0x00000000fd580000)
 Metaspace       used 15282K, capacity 15580K, committed 15872K, reserved 1062912K
  class space    used 1874K, capacity 1958K, committed 2048K, reserved 1048576K
Event: 19.860 GC heap after
Heap after GC invocations=1 (full 0):
 PSYoungGen      total 38400K, used 5105K [0x00000000fd580000, 0x0000000100000000, 0x0000000100000000)
  eden space 33280K, 0% used [0x00000000fd580000,0x00000000fd580000,0x00000000ff600000)
  from space 5120K, 99% used [0x00000000ff600000,0x00000000ffafc4e8,0x00000000ffb00000)
  to   space 5120K, 0% used [0x00000000ffb00000,0x00000000ffb00000,0x0000000100000000)
 ParOldGen       total 87552K, used 3921K [0x00000000f8000000, 0x00000000fd580000, 0x00000000fd580000)
  object space 87552K, 4% used [0x00000000f8000000,0x00000000f83d4480,0x00000000fd580000)
 Metaspace       used 15282K, capacity 15580K, committed 15872K, reserved 1062912K
  class space    used 1874K, capacity 1958K, committed 2048K, reserved 1048576K
}
Event: 28.134 GC heap before
{Heap before GC invocations=2 (full 0):
 PSYoungGen      total 38400K, used 27073K [0x00000000fd580000, 0x0000000100000000, 0x0000000100000000)
  eden space 33280K, 66% used [0x00000000fd580000,0x00000000feaf4000,0x00000000ff600000)
  from space 5120K, 99% used [0x00000000ff600000,0x00000000ffafc4e8,0x00000000ffb00000)
  to   space 5120K, 0% used [0x00000000ffb00000,0x00000000ffb00000,0x0000000100000000)
 ParOldGen       total 87552K, used 3921K [0x00000000f8000000, 0x00000000fd580000, 0x00000000fd580000)
  object space 87552K, 4% used [0x00000000f8000000,0x00000000f83d4480,0x00000000fd580000)
 Metaspace       used 20647K, capacity 21026K, committed 21248K, reserved 1067008K
  class space    used 2581K, capacity 2693K, committed 2816K, reserved 1048576K
Event: 28.240 GC heap after
Heap after GC invocations=2 (full 0):
 PSYoungGen      total 38400K, used 5118K [0x00000000fd580000, 0x0000000100000000, 0x0000000100000000)
  eden space 33280K, 0% used [0x00000000fd580000,0x00000000fd580000,0x00000000ff600000)
  from space 5120K, 99% used [0x00000000ffb00000,0x00000000fffffb18,0x0000000100000000)
  to   space 5120K, 0% used [0x00000000ff600000,0x00000000ff600000,0x00000000ffb00000)
 ParOldGen       total 87552K, used 6553K [0x00000000f8000000, 0x00000000fd580000, 0x00000000fd580000)
  object space 87552K, 7% used [0x00000000f8000000,0x00000000f8666608,0x00000000fd580000)
 Metaspace       used 20647K, capacity 21026K, committed 21248K, reserved 1067008K
  class space    used 2581K, capacity 2693K, committed 2816K, reserved 1048576K
}
Event: 28.240 GC heap before
{Heap before GC invocations=3 (full 1):
 PSYoungGen      total 38400K, used 5118K [0x00000000fd580000, 0x0000000100000000, 0x0000000100000000)
  eden space 33280K, 0% used [0x00000000fd580000,0x00000000fd580000,0x00000000ff600000)
  from space 5120K, 99% used [0x00000000ffb00000,0x00000000fffffb18,0x0000000100000000)
  to   space 5120K, 0% used [0x00000000ff600000,0x00000000ff600000,0x00000000ffb00000)
 ParOldGen       total 87552K, used 6553K [0x00000000f8000000, 0x00000000fd580000, 0x00000000fd580000)
  object space 87552K, 7% used [0x00000000f8000000,0x00000000f8666608,0x00000000fd580000)
 Metaspace       used 20647K, capacity 21026K, committed 21248K, reserved 1067008K
  class space    used 2581K, capacity 2693K, committed 2816K, reserved 1048576K
Event: 28.462 GC heap after
Heap after GC invocations=3 (full 1):
 PSYoungGen      total 38400K, used 0K [0x00000000fd580000, 0x0000000100000000, 0x0000000100000000)
  eden space 33280K, 0% used [0x00000000fd580000,0x00000000fd580000,0x00000000ff600000)
  from space 5120K, 0% used [0x00000000ffb00000,0x00000000ffb00000,0x0000000100000000)
  to   space 5120K, 0% used [0x00000000ff600000,0x00000000ff600000,0x00000000ffb00000)
 ParOldGen       total 61952K, used 7608K [0x00000000f8000000, 0x00000000fbc80000, 0x00000000fd580000)
  object space 61952K, 12% used [0x00000000f8000000,0x00000000f876e370,0x00000000fbc80000)
 Metaspace       used 20634K, capacity 20984K, committed 21248K, reserved 1067008K
  class space    used 2577K, capacity 2686K, committed 2816K, reserved 1048576K
}

Deoptimization events (10 events):
Event: 28.950 Thread 0x00007fead800a000 Uncommon trap: reason=class_check action=maybe_recompile pc=0x00007feac9109cd0 method=java.io.FilterInputStream.read([BII)I @ 7
Event: 28.956 Thread 0x00007fead800a000 Uncommon trap: reason=class_check action=maybe_recompile pc=0x00007feac9396dd0 method=java.util.regex.Matcher.match(II)Z @ 86
Event: 28.956 Thread 0x00007fead800a000 Uncommon trap: reason=class_check action=maybe_recompile pc=0x00007feac9396dd0 method=java.util.regex.Matcher.match(II)Z @ 86
Event: 28.958 Thread 0x00007fead800a000 Uncommon trap: reason=class_check action=maybe_recompile pc=0x00007feac9109cd0 method=java.io.FilterInputStream.read([BII)I @ 7
Event: 29.104 Thread 0x00007fead800a000 Uncommon trap: reason=class_check action=maybe_recompile pc=0x00007feac9109cd0 method=java.io.FilterInputStream.read([BII)I @ 7
Event: 29.104 Thread 0x00007fead800a000 Uncommon trap: reason=unstable_if action=reinterpret pc=0x00007feac93ba554 method=sun.nio.cs.UTF_8$Decoder.decodeArrayLoop(Ljava/nio/ByteBuffer;Ljava/nio/CharBuffer;)Ljava/nio/charset/CoderResult; @ 110
Event: 29.107 Thread 0x00007fead800a000 Uncommon trap: reason=unstable_if action=reinterpret pc=0x00007feac93750f4 method=java.nio.charset.CoderResult.isUnderflow()Z @ 4
Event: 29.226 Thread 0x00007fead84ab000 Uncommon trap: reason=predicate action=maybe_recompile pc=0x00007feac929ae5c method=sun.net.www.ParseUtil.encodePath(Ljava/lang/String;Z)Ljava/lang/String; @ 36
Event: 29.232 Thread 0x00007fead84ab000 Uncommon trap: reason=unstable_if action=reinterpret pc=0x00007feac93005a0 method=java.lang.CharacterDataLatin1.isWhitespace(I)Z @ 14
Event: 31.380 Thread 0x00007fead800a000 Uncommon trap: reason=unstable_if action=reinterpret pc=0x00007feac93a4d30 method=java.util.concurrent.ConcurrentHashMap.putVal(Ljava/lang/Object;Ljava/lang/Object;Z)Ljava/lang/Object; @ 206

Classes redefined (0 events):
No events

Internal exceptions (10 events):
Event: 9.577 Thread 0x00007fead800a000 Exception <a 'java/lang/NoSuchFieldError': method resolution failed> (0x00000000fe070288) thrown at [/home/jenkins/workspace/build-scripts/jobs/jdk8u/jdk8u-linux-x64-temurin/workspace/build/src/hotspot/src/share/vm/prims/methodHandles.cpp, line 1194]
Event: 11.041 Thread 0x00007fead800a000 Exception <a 'java/lang/IncompatibleClassChangeError': Found class java.lang.Object, but interface was expected> (0x00000000fe225a58) thrown at [/home/jenkins/workspace/build-scripts/jobs/jdk8u/jdk8u-linux-x64-temurin/workspace/build/src/hotspot/src/share
Event: 20.207 Thread 0x00007fead800a000 Exception <a 'sun/nio/fs/UnixException'> (0x00000000fd6738e0) thrown at [/home/jenkins/workspace/build-scripts/jobs/jdk8u/jdk8u-linux-x64-temurin/workspace/build/src/hotspot/src/share/vm/prims/jni.cpp, line 711]
Event: 21.799 Thread 0x00007fead800a000 Exception <a 'sun/nio/fs/UnixException'> (0x00000000fd816948) thrown at [/home/jenkins/workspace/build-scripts/jobs/jdk8u/jdk8u-linux-x64-temurin/workspace/build/src/hotspot/src/share/vm/prims/jni.cpp, line 711]
Event: 28.019 Thread 0x00007fead800a000 Exception <a 'java/lang/UnsatisfiedLinkError': io.netty.channel.epoll.Native.offsetofEpollData()I> (0x00000000fea69f48) thrown at [/home/jenkins/workspace/build-scripts/jobs/jdk8u/jdk8u-linux-x64-temurin/workspace/build/src/hotspot/src/share/vm/prims/nati
Event: 28.067 Thread 0x00007fead800a000 Exception <a 'java/lang/reflect/InvocationTargetException'> (0x00000000fea86038) thrown at [/home/jenkins/workspace/build-scripts/jobs/jdk8u/jdk8u-linux-x64-temurin/workspace/build/src/hotspot/src/share/vm/runtime/reflection.cpp, line 1092]
Event: 29.104 Thread 0x00007fead800a000 Exception <a 'java/util/zip/ZipException'> (0x00000000fdab79c0) thrown at [/home/jenkins/workspace/build-scripts/jobs/jdk8u/jdk8u-linux-x64-temurin/workspace/build/src/hotspot/src/share/vm/prims/jni.cpp, line 711]
Event: 29.449 Thread 0x00007fead800a000 Exception <a 'java/io/FileNotFoundException'> (0x00000000fdafd8e8) thrown at [/home/jenkins/workspace/build-scripts/jobs/jdk8u/jdk8u-linux-x64-temurin/workspace/build/src/hotspot/src/share/vm/prims/jni.cpp, line 711]
Event: 29.449 Thread 0x00007fead800a000 Exception <a 'java/io/FileNotFoundException'> (0x00000000fdafe430) thrown at [/home/jenkins/workspace/build-scripts/jobs/jdk8u/jdk8u-linux-x64-temurin/workspace/build/src/hotspot/src/share/vm/prims/jni.cpp, line 711]
Event: 30.566 Thread 0x00007fead800a000 Exception <a 'java/lang/NoSuchMethodError': NewBungeeCord.getConsoleReader()Ljline/console/ConsoleReader;> (0x00000000fe091238) thrown at [/home/jenkins/workspace/build-scripts/jobs/jdk8u/jdk8u-linux-x64-temurin/workspace/build/src/hotspot/src/share/vm/in

Events (10 events):
Event: 35.949 Thread 0x00007fead8165000 flushing nmethod 0x00007feac91fae50
Event: 35.949 Thread 0x00007fead8165000 flushing nmethod 0x00007feac921c710
Event: 41.145 Thread 0x00007fead8165000 flushing nmethod 0x00007feac9298a10
Event: 41.145 Thread 0x00007fead8165000 flushing nmethod 0x00007feac92af610
Event: 41.145 Thread 0x00007fead8165000 flushing nmethod 0x00007feac92b5290
Event: 41.145 Thread 0x00007fead8165000 flushing nmethod 0x00007feac92b9810
Event: 43.925 Thread 0x00007fead8165000 flushing nmethod 0x00007feac92d5ed0
Event: 79.127 Executing VM operation: RevokeBias
Event: 79.127 Executing VM operation: RevokeBias done
Event: 79.128 Thread 0x00007fead8540000 Thread exited: 0x00007fead8540000


Dynamic libraries:
f8000000-fbc80000 rw-p 00000000 00:00 0 
fbc80000-fd580000 ---p 00000000 00:00 0 
fd580000-100360000 rw-p 00000000 00:00 0 
100360000-140000000 ---p 00000000 00:00 0 
55951b200000-55951b201000 r-xp 00000000 00:c16 692104560                 /nix/store/0fgp7sw4fx661h5pqq0za613nalyndd2-temurin-bin-8.0.345/bin/.java-wrapped
55951b400000-55951b401000 r--p 00000000 00:c16 692104560                 /nix/store/0fgp7sw4fx661h5pqq0za613nalyndd2-temurin-bin-8.0.345/bin/.java-wrapped
55951b401000-55951b402000 rw-p 00001000 00:c16 692104560                 /nix/store/0fgp7sw4fx661h5pqq0za613nalyndd2-temurin-bin-8.0.345/bin/.java-wrapped
55951b402000-55951b403000 rw-p 00003000 00:c16 692104560                 /nix/store/0fgp7sw4fx661h5pqq0za613nalyndd2-temurin-bin-8.0.345/bin/.java-wrapped
55951b403000-55951b404000 rw-p 00004000 00:c16 692104560                 /nix/store/0fgp7sw4fx661h5pqq0za613nalyndd2-temurin-bin-8.0.345/bin/.java-wrapped
55951ccb7000-55951ccd8000 rw-p 00000000 00:00 0                          [heap]
7fea84000000-7fea84043000 rw-p 00000000 00:00 0 
7fea84043000-7fea88000000 ---p 00000000 00:00 0 
7fea8c000000-7fea8c021000 rw-p 00000000 00:00 0 
7fea8c021000-7fea90000000 ---p 00000000 00:00 0 
7fea92a00000-7fea92a40000 rw-p 00000000 00:00 0 
7fea92a40000-7fea92c00000 ---p 00000000 00:00 0 
7fea92c00000-7fea92e00000 rw-p 00000000 00:00 0 
7fea92e00000-7fea92e07000 r-xp 00000000 00:c16 692895836                 /nix/store/0fgp7sw4fx661h5pqq0za613nalyndd2-temurin-bin-8.0.345/jre/lib/amd64/libawt_headless.so
7fea92e07000-7fea93006000 ---p 00007000 00:c16 692895836                 /nix/store/0fgp7sw4fx661h5pqq0za613nalyndd2-temurin-bin-8.0.345/jre/lib/amd64/libawt_headless.so
7fea93006000-7fea93007000 r--p 00006000 00:c16 692895836                 /nix/store/0fgp7sw4fx661h5pqq0za613nalyndd2-temurin-bin-8.0.345/jre/lib/amd64/libawt_headless.so
7fea93007000-7fea93008000 rw-p 00007000 00:c16 692895836                 /nix/store/0fgp7sw4fx661h5pqq0za613nalyndd2-temurin-bin-8.0.345/jre/lib/amd64/libawt_headless.so
7fea93008000-7fea93009000 rw-p 0000a000 00:c16 692895836                 /nix/store/0fgp7sw4fx661h5pqq0za613nalyndd2-temurin-bin-8.0.345/jre/lib/amd64/libawt_headless.so
7fea93200000-7fea9329d000 r-xp 00000000 00:c16 692895835                 /nix/store/0fgp7sw4fx661h5pqq0za613nalyndd2-temurin-bin-8.0.345/jre/lib/amd64/libawt.so
7fea9329d000-7fea9349c000 ---p 0009d000 00:c16 692895835                 /nix/store/0fgp7sw4fx661h5pqq0za613nalyndd2-temurin-bin-8.0.345/jre/lib/amd64/libawt.so
7fea9349c000-7fea9349d000 r--p 0009c000 00:c16 692895835                 /nix/store/0fgp7sw4fx661h5pqq0za613nalyndd2-temurin-bin-8.0.345/jre/lib/amd64/libawt.so
7fea9349d000-7fea934a8000 rw-p 0009d000 00:c16 692895835                 /nix/store/0fgp7sw4fx661h5pqq0za613nalyndd2-temurin-bin-8.0.345/jre/lib/amd64/libawt.so
7fea934a8000-7fea934cd000 rw-p 00000000 00:00 0 
7fea934cd000-7fea934d6000 rw-p 000b7000 00:c16 692895835                 /nix/store/0fgp7sw4fx661h5pqq0za613nalyndd2-temurin-bin-8.0.345/jre/lib/amd64/libawt.so
7fea93600000-7fea93800000 rw-p 00000000 00:00 0 
7fea93800000-7fea93812000 r-xp 00000000 00:87 396                        /tmp/libnetty_transport_native_epoll_x86_64750782647612631569.so (deleted)
7fea93812000-7fea93a11000 ---p 00012000 00:87 396                        /tmp/libnetty_transport_native_epoll_x86_64750782647612631569.so (deleted)
7fea93a11000-7fea93a13000 r--p 00011000 00:87 396                        /tmp/libnetty_transport_native_epoll_x86_64750782647612631569.so (deleted)
7fea93a13000-7fea93a14000 rw-p 00000000 00:00 0 
7fea93c00000-7fea93c03000 r-xp 00000000 00:87 393                        /tmp/jansi-2.4.0-60a147cd4f31c6ac-libjansi.so
7fea93c03000-7fea93e02000 ---p 00003000 00:87 393                        /tmp/jansi-2.4.0-60a147cd4f31c6ac-libjansi.so
7fea93e02000-7fea93e03000 rw-p 00002000 00:87 393                        /tmp/jansi-2.4.0-60a147cd4f31c6ac-libjansi.so
7fea94000000-7fea94021000 rw-p 00000000 00:00 0 
7fea94021000-7fea98000000 ---p 00000000 00:00 0 
7fea98000000-7fea98021000 rw-p 00000000 00:00 0 
7fea98021000-7fea9c000000 ---p 00000000 00:00 0 
7fea9c000000-7fea9c021000 rw-p 00000000 00:00 0 
7fea9c021000-7feaa0000000 ---p 00000000 00:00 0 
7feaa0000000-7feaa029c000 rw-p 00000000 00:00 0 
7feaa029c000-7feaa4000000 ---p 00000000 00:00 0 
7feaa4000000-7feaa442e000 rw-p 00000000 00:00 0 
7feaa442e000-7feaa8000000 ---p 00000000 00:00 0 
7feaa8000000-7feaa82b0000 rw-p 00000000 00:00 0 
7feaa82b0000-7feaac000000 ---p 00000000 00:00 0 
7feaac000000-7feaac021000 rw-p 00000000 00:00 0 
7feaac021000-7feab0000000 ---p 00000000 00:00 0 
7feab0000000-7feab0021000 rw-p 00000000 00:00 0 
7feab0021000-7feab4000000 ---p 00000000 00:00 0 
7feab4000000-7feab4021000 rw-p 00000000 00:00 0 
7feab4021000-7feab8000000 ---p 00000000 00:00 0 
7feab8000000-7feab8021000 rw-p 00000000 00:00 0 
7feab8021000-7feabc000000 ---p 00000000 00:00 0 
7feabc000000-7feabc021000 rw-p 00000000 00:00 0 
7feabc021000-7feac0000000 ---p 00000000 00:00 0 
7feac0000000-7feac0021000 rw-p 00000000 00:00 0 
7feac0021000-7feac4000000 ---p 00000000 00:00 0 
7feac4000000-7feac4021000 rw-p 00000000 00:00 0 
7feac4021000-7feac8000000 ---p 00000000 00:00 0 
7feac8000000-7feac81c0000 rw-p 00000000 00:00 0 
7feac81c0000-7feac83c0000 rw-p 00000000 00:00 0 
7feac83c0000-7feac85c0000 rw-p 00000000 00:00 0 
7feac85c0000-7feac8800000 rw-p 00000000 00:00 0 
7feac8800000-7feac8808000 r-xp 00000000 00:c16 692895856                 /nix/store/0fgp7sw4fx661h5pqq0za613nalyndd2-temurin-bin-8.0.345/jre/lib/amd64/libmanagement.so
7feac8808000-7feac8a08000 ---p 00008000 00:c16 692895856                 /nix/store/0fgp7sw4fx661h5pqq0za613nalyndd2-temurin-bin-8.0.345/jre/lib/amd64/libmanagement.so
7feac8a08000-7feac8a09000 r--p 00008000 00:c16 692895856                 /nix/store/0fgp7sw4fx661h5pqq0za613nalyndd2-temurin-bin-8.0.345/jre/lib/amd64/libmanagement.so
7feac8a09000-7feac8a0a000 rw-p 00009000 00:c16 692895856                 /nix/store/0fgp7sw4fx661h5pqq0za613nalyndd2-temurin-bin-8.0.345/jre/lib/amd64/libmanagement.so
7feac8a0a000-7feac8a0c000 rw-p 0000d000 00:c16 692895856                 /nix/store/0fgp7sw4fx661h5pqq0za613nalyndd2-temurin-bin-8.0.345/jre/lib/amd64/libmanagement.so
7feac8b00000-7feac8b03000 ---p 00000000 00:00 0 
7feac8b03000-7feac8c00000 rw-p 00000000 00:00 0 
7feac8c00000-7feac8c18000 r-xp 00000000 00:c16 692895858                 /nix/store/0fgp7sw4fx661h5pqq0za613nalyndd2-temurin-bin-8.0.345/jre/lib/amd64/libnet.so
7feac8c18000-7feac8e17000 ---p 00018000 00:c16 692895858                 /nix/store/0fgp7sw4fx661h5pqq0za613nalyndd2-temurin-bin-8.0.345/jre/lib/amd64/libnet.so
7feac8e17000-7feac8e18000 r--p 00017000 00:c16 692895858                 /nix/store/0fgp7sw4fx661h5pqq0za613nalyndd2-temurin-bin-8.0.345/jre/lib/amd64/libnet.so
7feac8e18000-7feac8e19000 rw-p 00018000 00:c16 692895858                 /nix/store/0fgp7sw4fx661h5pqq0za613nalyndd2-temurin-bin-8.0.345/jre/lib/amd64/libnet.so
7feac8e19000-7feac8e1b000 rw-p 0001e000 00:c16 692895858                 /nix/store/0fgp7sw4fx661h5pqq0za613nalyndd2-temurin-bin-8.0.345/jre/lib/amd64/libnet.so
7feac8f00000-7feac8f03000 ---p 00000000 00:00 0 
7feac8f03000-7feac9000000 rw-p 00000000 00:00 0 
7feac9000000-7feac94e0000 rwxp 00000000 00:00 0 
7feac94e0000-7fead8000000 ---p 00000000 00:00 0 
7fead8000000-7fead8bfb000 rw-p 00000000 00:00 0 
7fead8bfb000-7feadc000000 ---p 00000000 00:00 0 
7feadc09c000-7feadc29c000 rw-p 00000000 00:00 0 
7feadc29c000-7feadc400000 r--s 01435000 00:b28 7438                      /home/runner/viaeagx/bungee/bungee.jar
7feadc400000-7feadc411000 r-xp 00000000 00:c16 692895859                 /nix/store/0fgp7sw4fx661h5pqq0za613nalyndd2-temurin-bin-8.0.345/jre/lib/amd64/libnio.so
7feadc411000-7feadc610000 ---p 00011000 00:c16 692895859                 /nix/store/0fgp7sw4fx661h5pqq0za613nalyndd2-temurin-bin-8.0.345/jre/lib/amd64/libnio.so
7feadc610000-7feadc611000 r--p 00010000 00:c16 692895859                 /nix/store/0fgp7sw4fx661h5pqq0za613nalyndd2-temurin-bin-8.0.345/jre/lib/amd64/libnio.so
7feadc611000-7feadc612000 rw-p 00011000 00:c16 692895859                 /nix/store/0fgp7sw4fx661h5pqq0za613nalyndd2-temurin-bin-8.0.345/jre/lib/amd64/libnio.so
7feadc612000-7feadc615000 rw-p 00018000 00:c16 692895859                 /nix/store/0fgp7sw4fx661h5pqq0za613nalyndd2-temurin-bin-8.0.345/jre/lib/amd64/libnio.so
7feadc678000-7feadc67b000 ---p 00000000 00:00 0 
7feadc67b000-7feadc778000 rw-p 00000000 00:00 0 
7feadc778000-7feadc779000 ---p 00000000 00:00 0 
7feadc779000-7feadc879000 rw-p 00000000 00:00 0 
7feadc879000-7feadc87c000 ---p 00000000 00:00 0 
7feadc87c000-7feadc979000 rw-p 00000000 00:00 0 
7feadc979000-7feadc97a000 ---p 00000000 00:00 0 
7feadc97a000-7feadc97d000 ---p 00000000 00:00 0 
7feadc97d000-7feadca7a000 rw-p 00000000 00:00 0 
7feadca7a000-7feadca7b000 ---p 00000000 00:00 0 
7feadca7b000-7feadca7e000 ---p 00000000 00:00 0 
7feadca7e000-7feadcb7b000 rw-p 00000000 00:00 0 
7feadcb7b000-7feadcb7e000 ---p 00000000 00:00 0 
7feadcb7e000-7feadcc7b000 rw-p 00000000 00:00 0 
7feadcc7b000-7feadcf61000 r--p 00000000 00:2f9 28444448                  /usr/lib/locale/locale-archive
7feadcf61000-7feadcf64000 ---p 00000000 00:00 0 
7feadcf64000-7feadd061000 rw-p 00000000 00:00 0 
7feadd061000-7feadd064000 ---p 00000000 00:00 0 
7feadd064000-7feadd161000 rw-p 00000000 00:00 0 
7feadd161000-7feadd162000 ---p 00000000 00:00 0 
7feadd162000-7feadde6e000 rw-p 00000000 00:00 0 
7feadde6e000-7feade040000 r--s 03cba000 00:c16 692747450                 /nix/store/0fgp7sw4fx661h5pqq0za613nalyndd2-temurin-bin-8.0.345/jre/lib/rt.jar
7feade040000-7feade800000 rw-p 00000000 00:00 0 
7feade800000-7feadec54000 rw-p 00000000 00:00 0 
7feadec54000-7feadf000000 ---p 00000000 00:00 0 
7feadf000000-7feadf01b000 r-xp 00000000 00:c16 692895867                 /nix/store/0fgp7sw4fx661h5pqq0za613nalyndd2-temurin-bin-8.0.345/jre/lib/amd64/libzip.so
7feadf01b000-7feadf21a000 ---p 0001b000 00:c16 692895867                 /nix/store/0fgp7sw4fx661h5pqq0za613nalyndd2-temurin-bin-8.0.345/jre/lib/amd64/libzip.so
7feadf21a000-7feadf21b000 r--p 0001a000 00:c16 692895867                 /nix/store/0fgp7sw4fx661h5pqq0za613nalyndd2-temurin-bin-8.0.345/jre/lib/amd64/libzip.so
7feadf21b000-7feadf21c000 rw-p 0001b000 00:c16 692895867                 /nix/store/0fgp7sw4fx661h5pqq0za613nalyndd2-temurin-bin-8.0.345/jre/lib/amd64/libzip.so
7feadf21c000-7feadf21d000 rw-p 00020000 00:c16 692895867                 /nix/store/0fgp7sw4fx661h5pqq0za613nalyndd2-temurin-bin-8.0.345/jre/lib/amd64/libzip.so
7feadf2ff000-7feadf300000 ---p 00000000 00:00 0 
7feadf300000-7feadf400000 rw-p 00000000 00:00 0 
7feadf400000-7feadf429000 r-xp 00000000 00:c16 692895846                 /nix/store/0fgp7sw4fx661h5pqq0za613nalyndd2-temurin-bin-8.0.345/jre/lib/amd64/libjava.so
7feadf429000-7feadf628000 ---p 00029000 00:c16 692895846                 /nix/store/0fgp7sw4fx661h5pqq0za613nalyndd2-temurin-bin-8.0.345/jre/lib/amd64/libjava.so
7feadf628000-7feadf629000 r--p 00028000 00:c16 692895846                 /nix/store/0fgp7sw4fx661h5pqq0za613nalyndd2-temurin-bin-8.0.345/jre/lib/amd64/libjava.so
7feadf629000-7feadf62b000 rw-p 00029000 00:c16 692895846                 /nix/store/0fgp7sw4fx661h5pqq0za613nalyndd2-temurin-bin-8.0.345/jre/lib/amd64/libjava.so
7feadf62b000-7feadf630000 rw-p 00034000 00:c16 692895846                 /nix/store/0fgp7sw4fx661h5pqq0za613nalyndd2-temurin-bin-8.0.345/jre/lib/amd64/libjava.so
7feadf68d000-7feadf690000 ---p 00000000 00:00 0 
7feadf690000-7feadf6ff000 rw-p 00000000 00:00 0 
7feadf6ff000-7feadf700000 ---p 00000000 00:00 0 
7feadf700000-7feadf800000 rw-p 00000000 00:00 0 
7feadf800000-7feadf80d000 r-xp 00000000 00:c16 692895866                 /nix/store/0fgp7sw4fx661h5pqq0za613nalyndd2-temurin-bin-8.0.345/jre/lib/amd64/libverify.so
7feadf80d000-7feadfa0c000 ---p 0000d000 00:c16 692895866                 /nix/store/0fgp7sw4fx661h5pqq0za613nalyndd2-temurin-bin-8.0.345/jre/lib/amd64/libverify.so
7feadfa0c000-7feadfa0e000 r--p 0000c000 00:c16 692895866                 /nix/store/0fgp7sw4fx661h5pqq0za613nalyndd2-temurin-bin-8.0.345/jre/lib/amd64/libverify.so
7feadfa0e000-7feadfa0f000 rw-p 0000e000 00:c16 692895866                 /nix/store/0fgp7sw4fx661h5pqq0za613nalyndd2-temurin-bin-8.0.345/jre/lib/amd64/libverify.so
7feadfa0f000-7feadfa10000 rw-p 00011000 00:c16 692895866                 /nix/store/0fgp7sw4fx661h5pqq0za613nalyndd2-temurin-bin-8.0.345/jre/lib/amd64/libverify.so
7feadfa20000-7feadfa22000 r--p 00000000 00:87 395                        /tmp/bungeecord-native-compress3125940713790297432.so
7feadfa22000-7feadfa33000 r-xp 00002000 00:87 395                        /tmp/bungeecord-native-compress3125940713790297432.so
7feadfa33000-7feadfa38000 r--p 00013000 00:87 395                        /tmp/bungeecord-native-compress3125940713790297432.so
7feadfa38000-7feadfa39000 ---p 00018000 00:87 395                        /tmp/bungeecord-native-compress3125940713790297432.so
7feadfa39000-7feadfa3a000 r--p 00018000 00:87 395                        /tmp/bungeecord-native-compress3125940713790297432.so
7feadfa3a000-7feadfa3b000 rw-p 00019000 00:87 395                        /tmp/bungeecord-native-compress3125940713790297432.so
7feadfa3b000-7feadfaff000 rw-p 00000000 00:00 0 
7feadfaff000-7feadfb00000 ---p 00000000 00:00 0 
7feadfb00000-7feadfc00000 rw-p 00000000 00:00 0 
7feadfc00000-7feae095e000 r-xp 00000000 00:c16 693131802                 /nix/store/0fgp7sw4fx661h5pqq0za613nalyndd2-temurin-bin-8.0.345/jre/lib/amd64/server/libjvm.so
7feae095e000-7feae0b5d000 ---p 00d5e000 00:c16 693131802                 /nix/store/0fgp7sw4fx661h5pqq0za613nalyndd2-temurin-bin-8.0.345/jre/lib/amd64/server/libjvm.so
7feae0b5d000-7feae0bf4000 r--p 00d5d000 00:c16 693131802                 /nix/store/0fgp7sw4fx661h5pqq0za613nalyndd2-temurin-bin-8.0.345/jre/lib/amd64/server/libjvm.so
7feae0bf4000-7feae0c1d000 rw-p 00df4000 00:c16 693131802                 /nix/store/0fgp7sw4fx661h5pqq0za613nalyndd2-temurin-bin-8.0.345/jre/lib/amd64/server/libjvm.so
7feae0c1d000-7feae0c50000 rw-p 00000000 00:00 0 
7feae0c50000-7feae0c51000 r--p 00000000 00:87 394                        /tmp/bungeecord-native-cipher7563409315878564242.so
7feae0c51000-7feae0c55000 r-xp 00001000 00:87 394                        /tmp/bungeecord-native-cipher7563409315878564242.so
7feae0c55000-7feae0c56000 r--p 00005000 00:87 394                        /tmp/bungeecord-native-cipher7563409315878564242.so
7feae0c56000-7feae0c57000 ---p 00006000 00:87 394                        /tmp/bungeecord-native-cipher7563409315878564242.so
7feae0c57000-7feae0c58000 r--p 00006000 00:87 394                        /tmp/bungeecord-native-cipher7563409315878564242.so
7feae0c58000-7feae0c59000 rw-p 00007000 00:87 394                        /tmp/bungeecord-native-cipher7563409315878564242.so
7feae0c59000-7feae0cf6000 rw-p 00000000 00:00 0 
7feae0cf6000-7feae0cf7000 ---p 00000000 00:00 0 
7feae0cf7000-7feae0cfa000 ---p 00000000 00:00 0 
7feae0cfa000-7feae0df7000 rw-p 00000000 00:00 0 
7feae0df7000-7feae0e1f000 r--p 00000000 00:c16 600592014                 /nix/store/4nlgxhb09sdr51nc9hdm8az5b08vzkgx-glibc-2.35-163/lib/libc.so.6
7feae0e1f000-7feae0f95000 r-xp 00028000 00:c16 600592014                 /nix/store/4nlgxhb09sdr51nc9hdm8az5b08vzkgx-glibc-2.35-163/lib/libc.so.6
7feae0f95000-7feae0fed000 r--p 0019e000 00:c16 600592014                 /nix/store/4nlgxhb09sdr51nc9hdm8az5b08vzkgx-glibc-2.35-163/lib/libc.so.6
7feae0fed000-7feae0ff1000 r--p 001f6000 00:c16 600592014                 /nix/store/4nlgxhb09sdr51nc9hdm8az5b08vzkgx-glibc-2.35-163/lib/libc.so.6
7feae0ff1000-7feae0ff3000 rw-p 001fa000 00:c16 600592014                 /nix/store/4nlgxhb09sdr51nc9hdm8az5b08vzkgx-glibc-2.35-163/lib/libc.so.6
7feae0ff3000-7feae1000000 rw-p 00000000 00:00 0 
7feae1000000-7feae1017000 r-xp 00000000 00:c16 699277782                 /nix/store/0fgp7sw4fx661h5pqq0za613nalyndd2-temurin-bin-8.0.345/lib/amd64/jli/libjli.so
7feae1017000-7feae1216000 ---p 00017000 00:c16 699277782                 /nix/store/0fgp7sw4fx661h5pqq0za613nalyndd2-temurin-bin-8.0.345/lib/amd64/jli/libjli.so
7feae1216000-7feae1217000 r--p 00016000 00:c16 699277782                 /nix/store/0fgp7sw4fx661h5pqq0za613nalyndd2-temurin-bin-8.0.345/lib/amd64/jli/libjli.so
7feae1217000-7feae1218000 rw-p 00017000 00:c16 699277782                 /nix/store/0fgp7sw4fx661h5pqq0za613nalyndd2-temurin-bin-8.0.345/lib/amd64/jli/libjli.so
7feae121f000-7feae1221000 r--s 00016000 00:c16 692747438                 /nix/store/0fgp7sw4fx661h5pqq0za613nalyndd2-temurin-bin-8.0.345/jre/lib/jce.jar
7feae1221000-7feae1232000 r--s 001c5000 00:c16 692747441                 /nix/store/0fgp7sw4fx661h5pqq0za613nalyndd2-temurin-bin-8.0.345/jre/lib/jsse.jar
7feae1232000-7feae1233000 r--s 00001000 00:b28 269                       /home/runner/viaeagx/bungee/ayunBungName.jar
7feae1233000-7feae123a000 r--s 000d3000 00:c16 692747440                 /nix/store/0fgp7sw4fx661h5pqq0za613nalyndd2-temurin-bin-8.0.345/jre/lib/jfr.jar
7feae123a000-7feae125c000 rw-p 00000000 00:00 0 
7feae125c000-7feae1268000 ---p 00000000 00:00 0 
7feae1268000-7feae1287000 rw-p 00000000 00:00 0 
7feae1287000-7feae1292000 ---p 00000000 00:00 0 
7feae1292000-7feae12a9000 rw-p 00000000 00:00 0 
7feae12a9000-7feae12b1000 rw-s 00000000 00:87 388                        /tmp/hsperfdata_runner/76
7feae12b1000-7feae12b2000 rw-p 00000000 00:00 0 
7feae12b2000-7feae12b3000 r--p 00000000 00:00 0 
7feae12b3000-7feae12b4000 r--p 00000000 00:c16 600592042                 /nix/store/4nlgxhb09sdr51nc9hdm8az5b08vzkgx-glibc-2.35-163/lib/librt.so.1
7feae12b4000-7feae12b5000 r-xp 00001000 00:c16 600592042                 /nix/store/4nlgxhb09sdr51nc9hdm8az5b08vzkgx-glibc-2.35-163/lib/librt.so.1
7feae12b5000-7feae12b6000 r--p 00002000 00:c16 600592042                 /nix/store/4nlgxhb09sdr51nc9hdm8az5b08vzkgx-glibc-2.35-163/lib/librt.so.1
7feae12b6000-7feae12b7000 r--p 00002000 00:c16 600592042                 /nix/store/4nlgxhb09sdr51nc9hdm8az5b08vzkgx-glibc-2.35-163/lib/librt.so.1
7feae12b7000-7feae12b8000 rw-p 00003000 00:c16 600592042                 /nix/store/4nlgxhb09sdr51nc9hdm8az5b08vzkgx-glibc-2.35-163/lib/librt.so.1
7feae12b8000-7feae12c6000 r--p 00000000 00:c16 600592023                 /nix/store/4nlgxhb09sdr51nc9hdm8az5b08vzkgx-glibc-2.35-163/lib/libm.so.6
7feae12c6000-7feae1339000 r-xp 0000e000 00:c16 600592023                 /nix/store/4nlgxhb09sdr51nc9hdm8az5b08vzkgx-glibc-2.35-163/lib/libm.so.6
7feae1339000-7feae1396000 r--p 00081000 00:c16 600592023                 /nix/store/4nlgxhb09sdr51nc9hdm8az5b08vzkgx-glibc-2.35-163/lib/libm.so.6
7feae1396000-7feae1397000 r--p 000dd000 00:c16 600592023                 /nix/store/4nlgxhb09sdr51nc9hdm8az5b08vzkgx-glibc-2.35-163/lib/libm.so.6
7feae1397000-7feae1398000 rw-p 000de000 00:c16 600592023                 /nix/store/4nlgxhb09sdr51nc9hdm8az5b08vzkgx-glibc-2.35-163/lib/libm.so.6
7feae1398000-7feae139a000 rw-p 00000000 00:00 0 
7feae139a000-7feae139b000 r--p 00000000 00:c16 600592019                 /nix/store/4nlgxhb09sdr51nc9hdm8az5b08vzkgx-glibc-2.35-163/lib/libdl.so.2
7feae139b000-7feae139c000 r-xp 00001000 00:c16 600592019                 /nix/store/4nlgxhb09sdr51nc9hdm8az5b08vzkgx-glibc-2.35-163/lib/libdl.so.2
7feae139c000-7feae139d000 r--p 00002000 00:c16 600592019                 /nix/store/4nlgxhb09sdr51nc9hdm8az5b08vzkgx-glibc-2.35-163/lib/libdl.so.2
7feae139d000-7feae139e000 r--p 00002000 00:c16 600592019                 /nix/store/4nlgxhb09sdr51nc9hdm8az5b08vzkgx-glibc-2.35-163/lib/libdl.so.2
7feae139e000-7feae139f000 rw-p 00003000 00:c16 600592019                 /nix/store/4nlgxhb09sdr51nc9hdm8az5b08vzkgx-glibc-2.35-163/lib/libdl.so.2
7feae139f000-7feae13a0000 r--p 00000000 00:c16 600592038                 /nix/store/4nlgxhb09sdr51nc9hdm8az5b08vzkgx-glibc-2.35-163/lib/libpthread.so.0
7feae13a0000-7feae13a1000 r-xp 00001000 00:c16 600592038                 /nix/store/4nlgxhb09sdr51nc9hdm8az5b08vzkgx-glibc-2.35-163/lib/libpthread.so.0
7feae13a1000-7feae13a2000 r--p 00002000 00:c16 600592038                 /nix/store/4nlgxhb09sdr51nc9hdm8az5b08vzkgx-glibc-2.35-163/lib/libpthread.so.0
7feae13a2000-7feae13a3000 r--p 00002000 00:c16 600592038                 /nix/store/4nlgxhb09sdr51nc9hdm8az5b08vzkgx-glibc-2.35-163/lib/libpthread.so.0
7feae13a3000-7feae13a4000 rw-p 00003000 00:c16 600592038                 /nix/store/4nlgxhb09sdr51nc9hdm8az5b08vzkgx-glibc-2.35-163/lib/libpthread.so.0
7feae13a4000-7feae13a6000 rw-p 00000000 00:00 0 
7feae13a6000-7feae13a8000 r--p 00000000 00:c16 600592008                 /nix/store/4nlgxhb09sdr51nc9hdm8az5b08vzkgx-glibc-2.35-163/lib/ld-linux-x86-64.so.2
7feae13a8000-7feae13cf000 r-xp 00002000 00:c16 600592008                 /nix/store/4nlgxhb09sdr51nc9hdm8az5b08vzkgx-glibc-2.35-163/lib/ld-linux-x86-64.so.2
7feae13cf000-7feae13db000 r--p 00029000 00:c16 600592008                 /nix/store/4nlgxhb09sdr51nc9hdm8az5b08vzkgx-glibc-2.35-163/lib/ld-linux-x86-64.so.2
7feae13db000-7feae13dd000 r--p 00034000 00:c16 600592008                 /nix/store/4nlgxhb09sdr51nc9hdm8az5b08vzkgx-glibc-2.35-163/lib/ld-linux-x86-64.so.2
7feae13dd000-7feae13df000 rw-p 00036000 00:c16 600592008                 /nix/store/4nlgxhb09sdr51nc9hdm8az5b08vzkgx-glibc-2.35-163/lib/ld-linux-x86-64.so.2
7ffc78992000-7ffc789b7000 rw-p 00000000 00:00 0                          [stack]
7ffc789d4000-7ffc789d8000 r--p 00000000 00:00 0                          [vvar]
7ffc789d8000-7ffc789da000 r-xp 00000000 00:00 0                          [vdso]
ffffffffff600000-ffffffffff601000 --xp 00000000 00:00 0                  [vsyscall]

VM Arguments:
jvm_args: -Xmx128M 
java_command: ayunBungName.jar bungee.jar
java_class_path (initial): ayunBungName.jar
Launcher Type: SUN_STANDARD

Environment Variables:
JAVA_HOME=/nix/store/3kwffh5z52ali43lprv3p5id9yz78xmd-temurin-jre-bin-17.0.4
LD_LIBRARY_PATH=/nix/store/a4pff549sk2idnkpzk5nsfps3mdkdnvm-cups-2.4.2-lib/lib:/nix/store/72mqxxhh3cy5yifh92wh2yb8cl2hikyy-cairo-1.16.0/lib:/nix/store/2k366jrbsra97gjfxwvrhvixjfxdach5-glib-2.74.1/lib:/nix/store/2j2znigd8ak37rlwh9khz0ry3clqlw1l-gtk+3-3.24.34/lib:/nix/store/hisqvx32cd57apbpcsnkpx6k3549wql1-libglvnd-1.4.0/lib:/nix/store/p36pgcv991mq5srvg765b78yqpxvk3qs-mesa-21.3.3-drivers/lib:/nix/store/mav4251if1ahjq5vkpwycyyvnmy459c4-pulseaudio-14.2/lib
SHELL=/bin/bash

Signal Handlers:
SIGSEGV: [libjvm.so+0xb3b0d0], sa_mask[0]=11111111011111111101111111111110, sa_flags=SA_RESTART|SA_SIGINFO
SIGBUS: [libjvm.so+0xb3b0d0], sa_mask[0]=11111111011111111101111111111110, sa_flags=SA_RESTART|SA_SIGINFO
SIGFPE: [libjvm.so+0x963540], sa_mask[0]=11111111011111111101111111111110, sa_flags=SA_RESTART|SA_SIGINFO
SIGPIPE: [libjvm.so+0x963540], sa_mask[0]=11111111011111111101111111111110, sa_flags=SA_RESTART|SA_SIGINFO
SIGXFSZ: [libjvm.so+0x963540], sa_mask[0]=11111111011111111101111111111110, sa_flags=SA_RESTART|SA_SIGINFO
SIGILL: [libjvm.so+0x963540], sa_mask[0]=11111111011111111101111111111110, sa_flags=SA_RESTART|SA_SIGINFO
SIGUSR1: SIG_DFL, sa_mask[0]=00000000000000000000000000000000, sa_flags=none
SIGUSR2: [libjvm.so+0x963af0], sa_mask[0]=00000000000000000000000000000000, sa_flags=SA_RESTART|SA_SIGINFO
SIGHUP: [libjvm.so+0x963a30], sa_mask[0]=11111111011111111101111111111110, sa_flags=SA_RESTART|SA_SIGINFO
SIGINT: [libjvm.so+0x963a30], sa_mask[0]=11111111011111111101111111111110, sa_flags=SA_RESTART|SA_SIGINFO
SIGTERM: [libjvm.so+0x963a30], sa_mask[0]=11111111011111111101111111111110, sa_flags=SA_RESTART|SA_SIGINFO
SIGQUIT: [libjvm.so+0x963a30], sa_mask[0]=11111111011111111101111111111110, sa_flags=SA_RESTART|SA_SIGINFO


---------------  S Y S T E M  ---------------

OS:DISTRIB_ID=Ubuntu
DISTRIB_RELEASE=20.04
DISTRIB_CODENAME=focal
DISTRIB_DESCRIPTION="Ubuntu 20.04.2 LTS"

uname:Linux 6.2.0-1019-gcp #21~22.04.1-Ubuntu SMP Thu Nov 16 18:18:34 UTC 2023 x86_64
libc:glibc 2.35 NPTL 2.35 
rlimit: STACK 8192k, CORE infinity, NPROC infinity, NOFILE 5242, AS infinity
load average:385.44 162.72 82.15

/proc/meminfo:
MemTotal:       32855980 kB
MemFree:         1447804 kB
MemAvailable:   15639884 kB
Buffers:          654992 kB
Cached:         12176976 kB
SwapCached:            0 kB
Active:          5372988 kB
Inactive:       22520184 kB
Active(anon):      21204 kB
Inactive(anon): 14627696 kB
Active(file):    5351784 kB
Inactive(file):  7892488 kB
Unevictable:       27972 kB
Mlocked:           27972 kB
SwapTotal:             0 kB
SwapFree:              0 kB
Zswap:                 0 kB
Zswapped:              0 kB
Dirty:             10116 kB
Writeback:          1336 kB
AnonPages:      15047720 kB
Mapped:          1526688 kB
Shmem:             69156 kB
KReclaimable:    1413500 kB
Slab:            2388628 kB
SReclaimable:    1413500 kB
SUnreclaim:       975128 kB
KernelStack:      292568 kB
PageTables:       392516 kB
SecPageTables:         0 kB
NFS_Unstable:          0 kB
Bounce:                0 kB
WritebackTmp:          0 kB
CommitLimit:    16427988 kB
Committed_AS:   91015752 kB
VmallocTotal:   34359738367 kB
VmallocUsed:      332816 kB
VmallocChunk:          0 kB
Percpu:            31200 kB
HardwareCorrupted:     0 kB
AnonHugePages:    456704 kB
ShmemHugePages:        0 kB
ShmemPmdMapped:        0 kB
FileHugePages:         0 kB
FilePmdMapped:         0 kB
HugePages_Total:       0
HugePages_Free:        0
HugePages_Rsvd:        0
HugePages_Surp:        0
Hugepagesize:       2048 kB
Hugetlb:               0 kB
DirectMap4k:      242488 kB
DirectMap2M:     9191424 kB
DirectMap1G:    26214400 kB


CPU:total 4 (initial active 3) (4 cores per cpu, 1 threads per core) family 23 model 49 stepping 0, cmov, cx8, fxsr, mmx, sse, sse2, sse3, ssse3, sse4.1, sse4.2, popcnt, avx, avx2, aes, clmul, mmxext, 3dnowpref, lzcnt, sse4a, tsc, tscinvbit, tscinv, bmi1

/proc/cpuinfo:
processor	: 0
vendor_id	: AuthenticAMD
cpu family	: 23
model		: 49
model name	: AMD EPYC 7B12
stepping	: 0
microcode	: 0xffffffff
cpu MHz		: 2249.998
cache size	: 512 KB
physical id	: 0
siblings	: 4
core id		: 0
cpu cores	: 2
apicid		: 0
initial apicid	: 0
fpu		: yes
fpu_exception	: yes
cpuid level	: 13
wp		: yes
flags		: fpu vme de pse tsc msr pae mce cx8 apic sep mtrr pge mca cmov pat pse36 clflush mmx fxsr sse sse2 ht syscall nx mmxext fxsr_opt pdpe1gb rdtscp lm constant_tsc rep_good nopl nonstop_tsc cpuid extd_apicid tsc_known_freq pni pclmulqdq ssse3 fma cx16 sse4_1 sse4_2 movbe popcnt aes xsave avx f16c rdrand hypervisor lahf_lm cmp_legacy cr8_legacy abm sse4a misalignsse 3dnowprefetch osvw topoext ssbd ibrs ibpb stibp vmmcall fsgsbase tsc_adjust bmi1 avx2 smep bmi2 rdseed adx smap clflushopt clwb sha_ni xsaveopt xsavec xgetbv1 clzero xsaveerptr arat npt nrip_save umip rdpid
bugs		: sysret_ss_attrs null_seg spectre_v1 spectre_v2 spec_store_bypass retbleed smt_rsb srso
bogomips	: 4499.99
TLB size	: 3072 4K pages
clflush size	: 64
cache_alignment	: 64
address sizes	: 48 bits physical, 48 bits virtual
power management:

processor	: 1
vendor_id	: AuthenticAMD
cpu family	: 23
model		: 49
model name	: AMD EPYC 7B12
stepping	: 0
microcode	: 0xffffffff
cpu MHz		: 2249.998
cache size	: 512 KB
physical id	: 0
siblings	: 4
core id		: 1
cpu cores	: 2
apicid		: 2
initial apicid	: 2
fpu		: yes
fpu_exception	: yes
cpuid level	: 13
wp		: yes
flags		: fpu vme de pse tsc msr pae mce cx8 apic sep mtrr pge mca cmov pat pse36 clflush mmx fxsr sse sse2 ht syscall nx mmxext fxsr_opt pdpe1gb rdtscp lm constant_tsc rep_good nopl nonstop_tsc cpuid extd_apicid tsc_known_freq pni pclmulqdq ssse3 fma cx16 sse4_1 sse4_2 movbe popcnt aes xsave avx f16c rdrand hypervisor lahf_lm cmp_legacy cr8_legacy abm sse4a misalignsse 3dnowprefetch osvw topoext ssbd ibrs ibpb stibp vmmcall fsgsbase tsc_adjust bmi1 avx2 smep bmi2 rdseed adx smap clflushopt clwb sha_ni xsaveopt xsavec xgetbv1 clzero xsaveerptr arat npt nrip_save umip rdpid
bugs		: sysret_ss_attrs null_seg spectre_v1 spectre_v2 spec_store_bypass retbleed smt_rsb srso
bogomips	: 4499.99
TLB size	: 3072 4K pages
clflush size	: 64
cache_alignment	: 64
address sizes	: 48 bits physical, 48 bits virtual
power management:

processor	: 2
vendor_id	: AuthenticAMD
cpu family	: 23
model		: 49
model name	: AMD EPYC 7B12
stepping	: 0
microcode	: 0xffffffff
cpu MHz		: 2249.998
cache size	: 512 KB
physical id	: 0
siblings	: 4
core id		: 0
cpu cores	: 2
apicid		: 1
initial apicid	: 1
fpu		: yes
fpu_exception	: yes
cpuid level	: 13
wp		: yes
flags		: fpu vme de pse tsc msr pae mce cx8 apic sep mtrr pge mca cmov pat pse36 clflush mmx fxsr sse sse2 ht syscall nx mmxext fxsr_opt pdpe1gb rdtscp lm constant_tsc rep_good nopl nonstop_tsc cpuid extd_apicid tsc_known_freq pni pclmulqdq ssse3 fma cx16 sse4_1 sse4_2 movbe popcnt aes xsave avx f16c rdrand hypervisor lahf_lm cmp_legacy cr8_legacy abm sse4a misalignsse 3dnowprefetch osvw topoext ssbd ibrs ibpb stibp vmmcall fsgsbase tsc_adjust bmi1 avx2 smep bmi2 rdseed adx smap clflushopt clwb sha_ni xsaveopt xsavec xgetbv1 clzero xsaveerptr arat npt nrip_save umip rdpid
bugs		: sysret_ss_attrs null_seg spectre_v1 spectre_v2 spec_store_bypass retbleed smt_rsb srso
bogomips	: 4499.99
TLB size	: 3072 4K pages
clflush size	: 64
cache_alignment	: 64
address sizes	: 48 bits physical, 48 bits virtual
power management:

processor	: 3
vendor_id	: AuthenticAMD
cpu family	: 23
model		: 49
model name	: AMD EPYC 7B12
stepping	: 0
microcode	: 0xffffffff
cpu MHz		: 2249.998
cache size	: 512 KB
physical id	: 0
siblings	: 4
core id		: 1
cpu cores	: 2
apicid		: 3
initial apicid	: 3
fpu		: yes
fpu_exception	: yes
cpuid level	: 13
wp		: yes
flags		: fpu vme de pse tsc msr pae mce cx8 apic sep mtrr pge mca cmov pat pse36 clflush mmx fxsr sse sse2 ht syscall nx mmxext fxsr_opt pdpe1gb rdtscp lm constant_tsc rep_good nopl nonstop_tsc cpuid extd_apicid tsc_known_freq pni pclmulqdq ssse3 fma cx16 sse4_1 sse4_2 movbe popcnt aes xsave avx f16c rdrand hypervisor lahf_lm cmp_legacy cr8_legacy abm sse4a misalignsse 3dnowprefetch osvw topoext ssbd ibrs ibpb stibp vmmcall fsgsbase tsc_adjust bmi1 avx2 smep bmi2 rdseed adx smap clflushopt clwb sha_ni xsaveopt xsavec xgetbv1 clzero xsaveerptr arat npt nrip_save umip rdpid
bugs		: sysret_ss_attrs null_seg spectre_v1 spectre_v2 spec_store_bypass retbleed smt_rsb srso
bogomips	: 4499.99
TLB size	: 3072 4K pages
clflush size	: 64
cache_alignment	: 64
address sizes	: 48 bits physical, 48 bits virtual
power management:



Memory: 4k page, physical 32855980k(1447804k free), swap 0k(0k free)

vm_info: OpenJDK 64-Bit Server VM (25.345-b01) for linux-amd64 JRE (1.8.0_345-b01), built on Aug  2 2022 09:05:46 by "jenkins" with gcc 7.5.0

time: Mon Dec 18 19:59:32 2023
timezone: UTC
elapsed time: 214.440259 seconds (0d 0h 3m 34s)

